2025-11-26 15:42:08,372 - urllib3.connectionpool - DEBUG - Starting new HTTPS connection (1): github.com:443
2025-11-26 15:42:08,929 - urllib3.connectionpool - DEBUG - https://github.com:443 "POST /login/device/code HTTP/1.1" 200 None
2025-11-26 15:42:14,048 - urllib3.connectionpool - DEBUG - Starting new HTTPS connection (1): github.com:443
2025-11-26 15:42:14,555 - urllib3.connectionpool - DEBUG - https://github.com:443 "POST /login/oauth/access_token HTTP/1.1" 200 None
2025-11-26 15:42:19,045 - urllib3.connectionpool - DEBUG - Starting new HTTPS connection (1): github.com:443
2025-11-26 15:42:19,536 - urllib3.connectionpool - DEBUG - https://github.com:443 "POST /login/oauth/access_token HTTP/1.1" 200 None
2025-11-26 15:42:29,548 - urllib3.connectionpool - DEBUG - Starting new HTTPS connection (1): github.com:443
2025-11-26 15:42:30,050 - urllib3.connectionpool - DEBUG - https://github.com:443 "POST /login/oauth/access_token HTTP/1.1" 200 None
2025-11-26 15:42:39,556 - urllib3.connectionpool - DEBUG - Starting new HTTPS connection (1): github.com:443
2025-11-26 15:42:40,036 - urllib3.connectionpool - DEBUG - https://github.com:443 "POST /login/oauth/access_token HTTP/1.1" 200 None
2025-11-26 15:42:49,562 - urllib3.connectionpool - DEBUG - Starting new HTTPS connection (1): github.com:443
2025-11-26 15:42:50,129 - urllib3.connectionpool - DEBUG - https://github.com:443 "POST /login/oauth/access_token HTTP/1.1" 200 None
2025-11-26 15:42:59,565 - urllib3.connectionpool - DEBUG - Starting new HTTPS connection (1): github.com:443
2025-11-26 15:43:00,067 - urllib3.connectionpool - DEBUG - https://github.com:443 "POST /login/oauth/access_token HTTP/1.1" 200 None
2025-11-26 15:43:09,570 - urllib3.connectionpool - DEBUG - Starting new HTTPS connection (1): github.com:443
2025-11-26 15:43:10,079 - urllib3.connectionpool - DEBUG - https://github.com:443 "POST /login/oauth/access_token HTTP/1.1" 200 None
2025-11-26 15:43:19,568 - urllib3.connectionpool - DEBUG - Starting new HTTPS connection (1): github.com:443
2025-11-26 15:43:20,055 - urllib3.connectionpool - DEBUG - https://github.com:443 "POST /login/oauth/access_token HTTP/1.1" 200 None
2025-11-26 15:43:29,559 - urllib3.connectionpool - DEBUG - Starting new HTTPS connection (1): github.com:443
2025-11-26 15:43:30,051 - urllib3.connectionpool - DEBUG - https://github.com:443 "POST /login/oauth/access_token HTTP/1.1" 200 None
2025-11-26 15:43:39,561 - urllib3.connectionpool - DEBUG - Starting new HTTPS connection (1): github.com:443
2025-11-26 15:43:40,057 - urllib3.connectionpool - DEBUG - https://github.com:443 "POST /login/oauth/access_token HTTP/1.1" 200 None
2025-11-26 15:43:49,558 - urllib3.connectionpool - DEBUG - Starting new HTTPS connection (1): github.com:443
2025-11-26 15:43:50,057 - urllib3.connectionpool - DEBUG - https://github.com:443 "POST /login/oauth/access_token HTTP/1.1" 200 None
2025-11-26 15:43:59,569 - urllib3.connectionpool - DEBUG - Starting new HTTPS connection (1): github.com:443
2025-11-26 15:44:00,051 - urllib3.connectionpool - DEBUG - https://github.com:443 "POST /login/oauth/access_token HTTP/1.1" 200 None
2025-11-26 15:44:09,559 - urllib3.connectionpool - DEBUG - Starting new HTTPS connection (1): github.com:443
2025-11-26 15:44:10,059 - urllib3.connectionpool - DEBUG - https://github.com:443 "POST /login/oauth/access_token HTTP/1.1" 200 None
2025-11-26 15:44:19,566 - urllib3.connectionpool - DEBUG - Starting new HTTPS connection (1): github.com:443
2025-11-26 15:44:20,056 - urllib3.connectionpool - DEBUG - https://github.com:443 "POST /login/oauth/access_token HTTP/1.1" 200 None
2025-11-26 15:44:29,555 - urllib3.connectionpool - DEBUG - Starting new HTTPS connection (1): github.com:443
2025-11-26 15:44:30,047 - urllib3.connectionpool - DEBUG - https://github.com:443 "POST /login/oauth/access_token HTTP/1.1" 200 None
2025-11-26 15:44:39,559 - urllib3.connectionpool - DEBUG - Starting new HTTPS connection (1): github.com:443
2025-11-26 15:44:40,044 - urllib3.connectionpool - DEBUG - https://github.com:443 "POST /login/oauth/access_token HTTP/1.1" 200 None
2025-11-26 15:44:49,559 - urllib3.connectionpool - DEBUG - Starting new HTTPS connection (1): github.com:443
2025-11-26 15:44:50,051 - urllib3.connectionpool - DEBUG - https://github.com:443 "POST /login/oauth/access_token HTTP/1.1" 200 None
2025-11-26 15:44:59,563 - urllib3.connectionpool - DEBUG - Starting new HTTPS connection (1): github.com:443
2025-11-26 15:45:00,091 - urllib3.connectionpool - DEBUG - https://github.com:443 "POST /login/oauth/access_token HTTP/1.1" 200 None
2025-11-26 16:00:02,596 - urllib3.connectionpool - DEBUG - Starting new HTTPS connection (1): gitlab.com:443
2025-11-26 16:00:03,065 - urllib3.connectionpool - DEBUG - https://gitlab.com:443 "POST /oauth/token HTTP/1.1" 401 173
2025-11-26 16:10:40,138 - urllib3.connectionpool - DEBUG - Starting new HTTPS connection (1): gitlab.com:443
2025-11-26 16:10:40,693 - urllib3.connectionpool - DEBUG - https://gitlab.com:443 "POST /oauth/token HTTP/1.1" 200 None
2025-11-26 16:10:40,695 - urllib3.connectionpool - DEBUG - Starting new HTTPS connection (1): gitlab.com:443
2025-11-26 16:10:41,257 - urllib3.connectionpool - DEBUG - https://gitlab.com:443 "GET /api/v4/user HTTP/1.1" 200 None
2025-11-26 16:18:54,351 - urllib3.connectionpool - DEBUG - Starting new HTTPS connection (1): gitlab.com:443
2025-11-26 16:18:54,970 - urllib3.connectionpool - DEBUG - https://gitlab.com:443 "POST /oauth/token HTTP/1.1" 200 None
2025-11-26 16:18:54,972 - urllib3.connectionpool - DEBUG - Starting new HTTPS connection (1): gitlab.com:443
2025-11-26 16:18:55,499 - urllib3.connectionpool - DEBUG - https://gitlab.com:443 "GET /api/v4/user HTTP/1.1" 200 None
2025-11-26 16:19:12,898 - urllib3.connectionpool - DEBUG - Starting new HTTPS connection (1): github.com:443
2025-11-26 16:19:13,424 - urllib3.connectionpool - DEBUG - https://github.com:443 "POST /login/device/code HTTP/1.1" 200 None
2025-11-26 16:19:18,447 - urllib3.connectionpool - DEBUG - Starting new HTTPS connection (1): github.com:443
2025-11-26 16:19:18,937 - urllib3.connectionpool - DEBUG - https://github.com:443 "POST /login/oauth/access_token HTTP/1.1" 200 None
2025-11-26 16:19:23,466 - urllib3.connectionpool - DEBUG - Starting new HTTPS connection (1): github.com:443
2025-11-26 16:19:23,977 - urllib3.connectionpool - DEBUG - https://github.com:443 "POST /login/oauth/access_token HTTP/1.1" 200 None
2025-11-26 16:19:28,476 - urllib3.connectionpool - DEBUG - Starting new HTTPS connection (1): github.com:443
2025-11-26 16:19:28,949 - urllib3.connectionpool - DEBUG - https://github.com:443 "POST /login/oauth/access_token HTTP/1.1" 200 None
2025-11-26 16:19:38,969 - urllib3.connectionpool - DEBUG - Starting new HTTPS connection (1): github.com:443
2025-11-26 16:19:39,485 - urllib3.connectionpool - DEBUG - https://github.com:443 "POST /login/oauth/access_token HTTP/1.1" 200 None
2025-11-26 16:19:48,990 - urllib3.connectionpool - DEBUG - Starting new HTTPS connection (1): github.com:443
2025-11-26 16:19:49,493 - urllib3.connectionpool - DEBUG - https://github.com:443 "POST /login/oauth/access_token HTTP/1.1" 200 None
2025-11-26 16:19:58,987 - urllib3.connectionpool - DEBUG - Starting new HTTPS connection (1): github.com:443
2025-11-26 16:19:59,484 - urllib3.connectionpool - DEBUG - https://github.com:443 "POST /login/oauth/access_token HTTP/1.1" 200 None
2025-11-26 16:20:08,987 - urllib3.connectionpool - DEBUG - Starting new HTTPS connection (1): github.com:443
2025-11-26 16:20:09,496 - urllib3.connectionpool - DEBUG - https://github.com:443 "POST /login/oauth/access_token HTTP/1.1" 200 None
2025-11-26 16:20:19,005 - urllib3.connectionpool - DEBUG - Starting new HTTPS connection (1): github.com:443
2025-11-26 16:20:19,513 - urllib3.connectionpool - DEBUG - https://github.com:443 "POST /login/oauth/access_token HTTP/1.1" 200 None
2025-11-26 16:20:28,992 - urllib3.connectionpool - DEBUG - Starting new HTTPS connection (1): github.com:443
2025-11-26 16:20:29,485 - urllib3.connectionpool - DEBUG - https://github.com:443 "POST /login/oauth/access_token HTTP/1.1" 200 None
2025-12-10 11:43:35,306 - core.updater - INFO - Checking for updates...
2025-12-10 11:43:35,339 - urllib3.connectionpool - DEBUG - Starting new HTTPS connection (1): api.github.com:443
2025-12-10 11:43:35,923 - urllib3.connectionpool - DEBUG - https://api.github.com:443 "GET /repos/IPeralta-GLSL/Unreal-Git-Client/releases/latest HTTP/1.1" 200 824
2025-12-10 11:43:35,924 - core.updater - INFO - Latest version: 1.1.0, Current version: v1.1.0
2025-12-10 11:44:06,726 - core.updater - INFO - Checking for updates...
2025-12-10 11:44:06,755 - urllib3.connectionpool - DEBUG - Starting new HTTPS connection (1): api.github.com:443
2025-12-10 11:44:07,303 - urllib3.connectionpool - DEBUG - https://api.github.com:443 "GET /repos/IPeralta-GLSL/Unreal-Git-Client/releases/latest HTTP/1.1" 200 824
2025-12-10 11:44:07,304 - core.updater - INFO - Latest version: 1.1.0, Current version: v1.2.0
2025-12-10 12:22:38,578 - core.updater - INFO - Checking for updates...
2025-12-10 12:22:38,607 - urllib3.connectionpool - DEBUG - Starting new HTTPS connection (1): api.github.com:443
2025-12-10 12:22:39,158 - urllib3.connectionpool - DEBUG - https://api.github.com:443 "GET /repos/IPeralta-GLSL/Unreal-Git-Client/releases/latest HTTP/1.1" 200 833
2025-12-10 12:22:39,159 - core.updater - INFO - Latest version: 1.2.0, Current version: v1.2.0
2025-12-10 12:37:50,815 - core.updater - INFO - Checking for updates...
2025-12-10 12:37:50,845 - urllib3.connectionpool - DEBUG - Starting new HTTPS connection (1): api.github.com:443
2025-12-10 12:37:51,373 - urllib3.connectionpool - DEBUG - https://api.github.com:443 "GET /repos/IPeralta-GLSL/Unreal-Git-Client/releases/latest HTTP/1.1" 200 836
2025-12-10 12:37:51,373 - core.updater - INFO - Latest version: 1.2.1, Current version: v1.2.1
2025-12-10 12:51:14,602 - core.updater - INFO - Checking for updates...
2025-12-10 12:51:14,630 - urllib3.connectionpool - DEBUG - Starting new HTTPS connection (1): api.github.com:443
2025-12-10 12:51:15,186 - urllib3.connectionpool - DEBUG - https://api.github.com:443 "GET /repos/IPeralta-GLSL/Unreal-Git-Client/releases/latest HTTP/1.1" 200 836
2025-12-10 12:51:15,187 - core.updater - INFO - Latest version: 1.2.1, Current version: v1.2.1
2025-12-10 12:54:45,642 - core.updater - INFO - Checking for updates...
2025-12-10 12:54:45,671 - urllib3.connectionpool - DEBUG - Starting new HTTPS connection (1): api.github.com:443
2025-12-10 12:54:46,221 - urllib3.connectionpool - DEBUG - https://api.github.com:443 "GET /repos/IPeralta-GLSL/Unreal-Git-Client/releases/latest HTTP/1.1" 200 836
2025-12-10 12:54:46,221 - core.updater - INFO - Latest version: 1.2.1, Current version: v1.2.1
2025-12-10 12:57:06,849 - core.updater - INFO - Checking for updates...
2025-12-10 12:57:06,870 - urllib3.connectionpool - DEBUG - Starting new HTTPS connection (1): api.github.com:443
2025-12-10 12:57:07,415 - urllib3.connectionpool - DEBUG - https://api.github.com:443 "GET /repos/IPeralta-GLSL/Unreal-Git-Client/releases/latest HTTP/1.1" 200 836
2025-12-10 12:57:07,415 - core.updater - INFO - Latest version: 1.2.1, Current version: v1.2.1
2025-12-10 13:02:07,553 - core.updater - INFO - Checking for updates...
2025-12-10 13:02:07,581 - urllib3.connectionpool - DEBUG - Starting new HTTPS connection (1): api.github.com:443
2025-12-10 13:02:08,144 - urllib3.connectionpool - DEBUG - https://api.github.com:443 "GET /repos/IPeralta-GLSL/Unreal-Git-Client/releases/latest HTTP/1.1" 200 836
2025-12-10 13:02:08,144 - core.updater - INFO - Latest version: 1.2.1, Current version: v1.2.1
2025-12-10 13:03:44,605 - core.updater - INFO - Checking for updates...
2025-12-10 13:03:44,633 - urllib3.connectionpool - DEBUG - Starting new HTTPS connection (1): api.github.com:443
2025-12-10 13:03:45,188 - urllib3.connectionpool - DEBUG - https://api.github.com:443 "GET /repos/IPeralta-GLSL/Unreal-Git-Client/releases/latest HTTP/1.1" 200 836
2025-12-10 13:03:45,189 - core.updater - INFO - Latest version: 1.2.1, Current version: v1.2.1
2025-12-10 13:05:37,263 - core.updater - INFO - Checking for updates...
2025-12-10 13:05:37,295 - urllib3.connectionpool - DEBUG - Starting new HTTPS connection (1): api.github.com:443
2025-12-10 13:05:37,890 - urllib3.connectionpool - DEBUG - https://api.github.com:443 "GET /repos/IPeralta-GLSL/Unreal-Git-Client/releases/latest HTTP/1.1" 200 836
2025-12-10 13:05:37,891 - core.updater - INFO - Latest version: 1.2.1, Current version: v1.2.1
2025-12-10 13:06:34,141 - core.updater - INFO - Checking for updates...
2025-12-10 13:06:34,168 - urllib3.connectionpool - DEBUG - Starting new HTTPS connection (1): api.github.com:443
2025-12-10 13:06:34,714 - urllib3.connectionpool - DEBUG - https://api.github.com:443 "GET /repos/IPeralta-GLSL/Unreal-Git-Client/releases/latest HTTP/1.1" 200 836
2025-12-10 13:06:34,714 - core.updater - INFO - Latest version: 1.2.1, Current version: v1.2.1
2025-12-10 13:13:15,899 - core.updater - INFO - Checking for updates...
2025-12-10 13:13:15,929 - urllib3.connectionpool - DEBUG - Starting new HTTPS connection (1): api.github.com:443
2025-12-10 13:13:16,497 - urllib3.connectionpool - DEBUG - https://api.github.com:443 "GET /repos/IPeralta-GLSL/Unreal-Git-Client/releases/latest HTTP/1.1" 200 836
2025-12-10 13:13:16,497 - core.updater - INFO - Latest version: 1.2.1, Current version: v1.2.1
2025-12-10 13:17:22,103 - core.updater - INFO - Checking for updates...
2025-12-10 13:17:22,137 - urllib3.connectionpool - DEBUG - Starting new HTTPS connection (1): api.github.com:443
2025-12-10 13:17:22,698 - urllib3.connectionpool - DEBUG - https://api.github.com:443 "GET /repos/IPeralta-GLSL/Unreal-Git-Client/releases/latest HTTP/1.1" 200 836
2025-12-10 13:17:22,699 - core.updater - INFO - Latest version: 1.2.1, Current version: v1.2.1
2025-12-10 13:20:35,407 - core.updater - INFO - Checking for updates...
2025-12-10 13:20:35,438 - urllib3.connectionpool - DEBUG - Starting new HTTPS connection (1): api.github.com:443
2025-12-10 13:20:36,013 - urllib3.connectionpool - DEBUG - https://api.github.com:443 "GET /repos/IPeralta-GLSL/Unreal-Git-Client/releases/latest HTTP/1.1" 200 836
2025-12-10 13:20:36,014 - core.updater - INFO - Latest version: 1.2.1, Current version: v1.2.1
2025-12-10 14:25:06,361 - core.updater - INFO - Checking for updates...
2025-12-10 14:25:06,383 - urllib3.connectionpool - DEBUG - Starting new HTTPS connection (1): api.github.com:443
2025-12-10 14:25:06,969 - urllib3.connectionpool - DEBUG - https://api.github.com:443 "GET /repos/IPeralta-GLSL/Unreal-Git-Client/releases/latest HTTP/1.1" 200 836
2025-12-10 14:25:06,969 - core.updater - INFO - Latest version: 1.2.1, Current version: v1.2.1
2025-12-10 14:26:46,528 - core.updater - INFO - Checking for updates...
2025-12-10 14:26:46,560 - urllib3.connectionpool - DEBUG - Starting new HTTPS connection (1): api.github.com:443
2025-12-10 14:26:47,144 - urllib3.connectionpool - DEBUG - https://api.github.com:443 "GET /repos/IPeralta-GLSL/Unreal-Git-Client/releases/latest HTTP/1.1" 200 836
2025-12-10 14:26:47,144 - core.updater - INFO - Latest version: 1.2.1, Current version: v1.2.1
2025-12-10 14:30:43,479 - core.updater - INFO - Checking for updates...
2025-12-10 14:30:43,502 - urllib3.connectionpool - DEBUG - Starting new HTTPS connection (1): api.github.com:443
2025-12-10 14:30:44,073 - urllib3.connectionpool - DEBUG - https://api.github.com:443 "GET /repos/IPeralta-GLSL/Unreal-Git-Client/releases/latest HTTP/1.1" 200 836
2025-12-10 14:30:44,074 - core.updater - INFO - Latest version: 1.2.1, Current version: v1.2.1
2025-12-10 14:33:33,105 - core.updater - INFO - Checking for updates...
2025-12-10 14:33:33,136 - urllib3.connectionpool - DEBUG - Starting new HTTPS connection (1): api.github.com:443
2025-12-10 14:33:33,689 - urllib3.connectionpool - DEBUG - https://api.github.com:443 "GET /repos/IPeralta-GLSL/Unreal-Git-Client/releases/latest HTTP/1.1" 200 836
2025-12-10 14:33:33,690 - core.updater - INFO - Latest version: 1.2.1, Current version: v1.2.1
2025-12-10 14:56:55,313 - core.updater - INFO - Checking for updates...
2025-12-10 14:56:55,346 - urllib3.connectionpool - DEBUG - Starting new HTTPS connection (1): api.github.com:443
2025-12-10 14:56:55,908 - urllib3.connectionpool - DEBUG - https://api.github.com:443 "GET /repos/IPeralta-GLSL/Unreal-Git-Client/releases/latest HTTP/1.1" 200 827
2025-12-10 14:56:55,908 - core.updater - INFO - Latest version: 1.2.2, Current version: v1.2.2
2025-12-10 15:02:49,380 - core.updater - INFO - Checking for updates...
2025-12-10 15:02:49,411 - urllib3.connectionpool - DEBUG - Starting new HTTPS connection (1): api.github.com:443
2025-12-10 15:02:49,962 - urllib3.connectionpool - DEBUG - https://api.github.com:443 "GET /repos/IPeralta-GLSL/Unreal-Git-Client/releases/latest HTTP/1.1" 200 827
2025-12-10 15:02:49,963 - core.updater - INFO - Latest version: 1.2.2, Current version: v1.2.2
2025-12-10 15:06:43,696 - core.updater - INFO - Checking for updates...
2025-12-10 15:06:43,698 - urllib3.connectionpool - DEBUG - Starting new HTTPS connection (1): api.github.com:443
2025-12-10 15:23:32,992 - core.updater - INFO - Checking for updates...
2025-12-10 15:23:32,995 - urllib3.connectionpool - DEBUG - Starting new HTTPS connection (1): api.github.com:443
2025-12-10 15:23:33,571 - urllib3.connectionpool - DEBUG - https://api.github.com:443 "GET /repos/IPeralta-GLSL/Unreal-Git-Client/releases/latest HTTP/1.1" 200 827
2025-12-10 15:23:33,572 - core.updater - INFO - Latest version: 1.2.2, Current version: v1.2.2
2025-12-10 15:23:45,120 - core.updater - INFO - Checking for updates...
2025-12-10 15:23:45,123 - urllib3.connectionpool - DEBUG - Starting new HTTPS connection (1): api.github.com:443
2025-12-10 15:23:45,455 - urllib3.connectionpool - DEBUG - https://api.github.com:443 "GET /repos/IPeralta-GLSL/Unreal-Git-Client/releases/latest HTTP/1.1" 200 827
2025-12-10 15:23:45,456 - core.updater - INFO - Latest version: 1.2.2, Current version: v1.2.2
2025-12-10 15:29:59,495 - core.updater - INFO - Checking for updates...
2025-12-10 15:29:59,497 - urllib3.connectionpool - DEBUG - Starting new HTTPS connection (1): api.github.com:443
2025-12-10 15:29:59,579 - urllib3.connectionpool - DEBUG - Starting new HTTPS connection (1): gitlab.com:443
2025-12-10 15:30:00,083 - urllib3.connectionpool - DEBUG - https://api.github.com:443 "GET /repos/IPeralta-GLSL/Unreal-Git-Client/releases/latest HTTP/1.1" 200 827
2025-12-10 15:30:00,083 - core.updater - INFO - Latest version: 1.2.2, Current version: v1.2.2
2025-12-10 15:30:00,099 - urllib3.connectionpool - DEBUG - https://gitlab.com:443 "GET /api/v4/projects?membership=true&simple=true&page=1&per_page=100&order_by=updated_at HTTP/1.1" 401 118
2025-12-10 15:32:54,759 - core.updater - INFO - Checking for updates...
2025-12-10 15:32:54,762 - urllib3.connectionpool - DEBUG - Starting new HTTPS connection (1): api.github.com:443
2025-12-10 15:32:55,318 - urllib3.connectionpool - DEBUG - https://api.github.com:443 "GET /repos/IPeralta-GLSL/Unreal-Git-Client/releases/latest HTTP/1.1" 200 None
2025-12-10 15:32:55,318 - core.updater - INFO - Latest version: 1.2.2, Current version: v1.2.2
2025-12-10 15:32:58,346 - urllib3.connectionpool - DEBUG - Starting new HTTPS connection (1): gitlab.com:443
2025-12-10 15:32:58,988 - urllib3.connectionpool - DEBUG - https://gitlab.com:443 "GET /api/v4/projects?membership=true&page=1&per_page=100&order_by=updated_at HTTP/1.1" 401 118
2025-12-10 15:33:42,035 - urllib3.connectionpool - DEBUG - Starting new HTTPS connection (1): gitlab.com:443
2025-12-10 15:33:42,552 - urllib3.connectionpool - DEBUG - https://gitlab.com:443 "GET /api/v4/projects?membership=true&page=1&per_page=100&order_by=updated_at HTTP/1.1" 401 118
2025-12-10 15:33:42,871 - core.updater - INFO - Checking for updates...
2025-12-10 15:33:42,872 - urllib3.connectionpool - DEBUG - Starting new HTTPS connection (1): api.github.com:443
2025-12-10 15:33:43,417 - urllib3.connectionpool - DEBUG - https://api.github.com:443 "GET /repos/IPeralta-GLSL/Unreal-Git-Client/releases/latest HTTP/1.1" 200 827
2025-12-10 15:33:43,418 - core.updater - INFO - Latest version: 1.2.2, Current version: v1.2.2
2025-12-10 15:38:51,921 - core.updater - INFO - Checking for updates...
2025-12-10 15:38:51,923 - urllib3.connectionpool - DEBUG - Starting new HTTPS connection (1): api.github.com:443
2025-12-10 15:38:52,465 - urllib3.connectionpool - DEBUG - https://api.github.com:443 "GET /repos/IPeralta-GLSL/Unreal-Git-Client/releases/latest HTTP/1.1" 200 827
2025-12-10 15:38:52,466 - core.updater - INFO - Latest version: 1.2.2, Current version: v1.2.2
2025-12-10 15:41:17,923 - urllib3.connectionpool - DEBUG - Starting new HTTPS connection (1): gitlab.com:443
2025-12-10 15:41:18,492 - urllib3.connectionpool - DEBUG - https://gitlab.com:443 "GET /api/v4/projects?membership=true&page=1&per_page=100&order_by=updated_at HTTP/1.1" 401 118
2025-12-10 15:41:18,494 - urllib3.connectionpool - DEBUG - Starting new HTTPS connection (1): gitlab.com:443
2025-12-10 15:41:18,590 - core.updater - INFO - Checking for updates...
2025-12-10 15:41:18,591 - urllib3.connectionpool - DEBUG - Starting new HTTPS connection (1): api.github.com:443
2025-12-10 15:41:19,003 - urllib3.connectionpool - DEBUG - https://gitlab.com:443 "GET /api/v4/projects?membership=true&page=1&per_page=100&order_by=updated_at HTTP/1.1" 401 30
2025-12-10 15:41:19,129 - urllib3.connectionpool - DEBUG - https://api.github.com:443 "GET /repos/IPeralta-GLSL/Unreal-Git-Client/releases/latest HTTP/1.1" 200 827
2025-12-10 15:41:19,130 - core.updater - INFO - Latest version: 1.2.2, Current version: v1.2.2
2025-12-10 15:42:50,321 - core.updater - INFO - Checking for updates...
2025-12-10 15:42:50,323 - urllib3.connectionpool - DEBUG - Starting new HTTPS connection (1): api.github.com:443
2025-12-10 15:42:50,890 - urllib3.connectionpool - DEBUG - https://api.github.com:443 "GET /repos/IPeralta-GLSL/Unreal-Git-Client/releases/latest HTTP/1.1" 200 827
2025-12-10 15:42:50,891 - core.updater - INFO - Latest version: 1.2.2, Current version: v1.2.2
2025-12-10 15:42:52,513 - urllib3.connectionpool - DEBUG - Starting new HTTPS connection (1): gitlab.com:443
2025-12-10 15:42:52,999 - urllib3.connectionpool - DEBUG - https://gitlab.com:443 "GET /api/v4/projects?membership=true&page=1&per_page=100&order_by=updated_at HTTP/1.1" 401 118
2025-12-10 15:42:53,001 - urllib3.connectionpool - DEBUG - Starting new HTTPS connection (1): gitlab.com:443
2025-12-10 15:42:53,492 - urllib3.connectionpool - DEBUG - https://gitlab.com:443 "GET /api/v4/projects?membership=true&page=1&per_page=100&order_by=updated_at HTTP/1.1" 401 30
2025-12-10 15:43:11,411 - urllib3.connectionpool - DEBUG - Starting new HTTPS connection (1): gitlab.com:443
2025-12-10 15:43:11,601 - core.updater - INFO - Checking for updates...
2025-12-10 15:43:11,603 - urllib3.connectionpool - DEBUG - Starting new HTTPS connection (1): api.github.com:443
2025-12-10 15:43:11,923 - urllib3.connectionpool - DEBUG - https://gitlab.com:443 "GET /api/v4/projects?membership=true&page=1&per_page=100&order_by=updated_at HTTP/1.1" 401 118
2025-12-10 15:43:11,925 - urllib3.connectionpool - DEBUG - Starting new HTTPS connection (1): gitlab.com:443
2025-12-10 15:43:12,118 - urllib3.connectionpool - DEBUG - https://api.github.com:443 "GET /repos/IPeralta-GLSL/Unreal-Git-Client/releases/latest HTTP/1.1" 200 827
2025-12-10 15:43:12,119 - core.updater - INFO - Latest version: 1.2.2, Current version: v1.2.2
2025-12-10 15:43:12,446 - urllib3.connectionpool - DEBUG - https://gitlab.com:443 "GET /api/v4/projects?membership=true&page=1&per_page=100&order_by=updated_at HTTP/1.1" 401 30
2025-12-10 15:46:43,044 - urllib3.connectionpool - DEBUG - Starting new HTTPS connection (1): gitlab.com:443
2025-12-10 15:46:43,570 - urllib3.connectionpool - DEBUG - https://gitlab.com:443 "GET /api/v4/projects?membership=true&page=1&per_page=100&order_by=updated_at HTTP/1.1" 401 118
2025-12-10 15:46:43,572 - urllib3.connectionpool - DEBUG - Starting new HTTPS connection (1): gitlab.com:443
2025-12-10 15:46:43,821 - core.updater - INFO - Checking for updates...
2025-12-10 15:46:43,822 - urllib3.connectionpool - DEBUG - Starting new HTTPS connection (1): api.github.com:443
2025-12-10 15:46:44,061 - urllib3.connectionpool - DEBUG - https://gitlab.com:443 "GET /api/v4/projects?membership=true&page=1&per_page=100&order_by=updated_at HTTP/1.1" 401 30
2025-12-10 15:46:44,065 - urllib3.connectionpool - DEBUG - Starting new HTTPS connection (1): gitlab.com:443
2025-12-10 15:46:44,349 - urllib3.connectionpool - DEBUG - https://api.github.com:443 "GET /repos/IPeralta-GLSL/Unreal-Git-Client/releases/latest HTTP/1.1" 200 827
2025-12-10 15:46:44,349 - core.updater - INFO - Latest version: 1.2.2, Current version: v1.2.2
2025-12-10 15:46:44,551 - urllib3.connectionpool - DEBUG - https://gitlab.com:443 "GET /api/v4/user HTTP/1.1" 401 30
2025-12-10 15:47:16,379 - core.updater - INFO - Checking for updates...
2025-12-10 15:47:16,409 - urllib3.connectionpool - DEBUG - Starting new HTTPS connection (1): api.github.com:443
2025-12-10 15:47:16,937 - urllib3.connectionpool - DEBUG - https://api.github.com:443 "GET /repos/IPeralta-GLSL/Unreal-Git-Client/releases/latest HTTP/1.1" 200 827
2025-12-10 15:47:16,937 - core.updater - INFO - Latest version: 1.2.2, Current version: v1.2.2
2025-12-10 15:49:40,678 - core.updater - INFO - Checking for updates...
2025-12-10 15:49:40,710 - urllib3.connectionpool - DEBUG - Starting new HTTPS connection (1): api.github.com:443
2025-12-10 15:49:41,253 - urllib3.connectionpool - DEBUG - https://api.github.com:443 "GET /repos/IPeralta-GLSL/Unreal-Git-Client/releases/latest HTTP/1.1" 200 827
2025-12-10 15:49:41,254 - core.updater - INFO - Latest version: 1.2.2, Current version: v1.2.2
2025-12-10 16:05:10,412 - core.updater - INFO - Checking for updates...
2025-12-10 16:05:10,444 - urllib3.connectionpool - DEBUG - Starting new HTTPS connection (1): api.github.com:443
2025-12-10 16:05:11,000 - urllib3.connectionpool - DEBUG - https://api.github.com:443 "GET /repos/IPeralta-GLSL/Unreal-Git-Client/releases/latest HTTP/1.1" 200 821
2025-12-10 16:05:11,001 - core.updater - INFO - Latest version: 1.2.4, Current version: v1.2.4
2025-12-10 16:17:07,113 - core.updater - INFO - Checking for updates...
2025-12-10 16:17:07,146 - urllib3.connectionpool - DEBUG - Starting new HTTPS connection (1): api.github.com:443
2025-12-10 16:17:07,705 - urllib3.connectionpool - DEBUG - https://api.github.com:443 "GET /repos/IPeralta-GLSL/Unreal-Git-Client/releases/latest HTTP/1.1" 200 823
2025-12-10 16:17:07,706 - core.updater - INFO - Latest version: 1.2.6, Current version: v1.2.6
2025-12-15 11:08:26,608 - core.updater - INFO - Checking for updates...
2025-12-15 11:08:26,643 - urllib3.connectionpool - DEBUG - Starting new HTTPS connection (1): api.github.com:443
2025-12-15 11:08:27,067 - urllib3.connectionpool - DEBUG - https://api.github.com:443 "GET /repos/IPeralta-GLSL/Unreal-Git-Client/releases/latest HTTP/1.1" 403 280
2025-12-15 11:08:27,068 - core.updater - ERROR - Error checking for updates: 403 Client Error: rate limit exceeded for url: https://api.github.com/repos/IPeralta-GLSL/Unreal-Git-Client/releases/latest
2025-12-15 11:08:40,028 - core.updater - INFO - Checking for updates...
2025-12-15 11:08:40,058 - urllib3.connectionpool - DEBUG - Starting new HTTPS connection (1): api.github.com:443
2025-12-15 11:08:40,481 - urllib3.connectionpool - DEBUG - https://api.github.com:443 "GET /repos/IPeralta-GLSL/Unreal-Git-Client/releases/latest HTTP/1.1" 403 280
2025-12-15 11:08:40,481 - core.updater - ERROR - Error checking for updates: 403 Client Error: rate limit exceeded for url: https://api.github.com/repos/IPeralta-GLSL/Unreal-Git-Client/releases/latest
2025-12-15 11:16:00,213 - core.updater - INFO - Checking for updates...
2025-12-15 11:16:00,243 - urllib3.connectionpool - DEBUG - Starting new HTTPS connection (1): api.github.com:443
2025-12-15 11:16:00,800 - urllib3.connectionpool - DEBUG - https://api.github.com:443 "GET /repos/IPeralta-GLSL/Unreal-Git-Client/releases/latest HTTP/1.1" 200 823
2025-12-15 11:16:00,801 - core.updater - INFO - Latest version: 1.2.7, Current version: v1.2.8
2025-12-15 11:29:55,796 - core.updater - INFO - Checking for updates...
2025-12-15 11:29:55,826 - urllib3.connectionpool - DEBUG - Starting new HTTPS connection (1): api.github.com:443
2025-12-15 11:29:56,386 - urllib3.connectionpool - DEBUG - https://api.github.com:443 "GET /repos/IPeralta-GLSL/Unreal-Git-Client/releases/latest HTTP/1.1" 200 823
2025-12-15 11:29:56,387 - core.updater - INFO - Latest version: 1.2.7, Current version: v1.2.8
2025-12-15 11:33:47,434 - core.updater - INFO - Checking for updates...
2025-12-15 11:33:47,454 - urllib3.connectionpool - DEBUG - Starting new HTTPS connection (1): api.github.com:443
2025-12-15 11:33:48,212 - urllib3.connectionpool - DEBUG - https://api.github.com:443 "GET /repos/IPeralta-GLSL/Unreal-Git-Client/releases/latest HTTP/1.1" 200 823
2025-12-15 11:33:48,213 - core.updater - INFO - Latest version: 1.2.7, Current version: v1.2.8
2025-12-15 11:37:30,807 - core.updater - INFO - Checking for updates...
2025-12-15 11:37:30,837 - urllib3.connectionpool - DEBUG - Starting new HTTPS connection (1): api.github.com:443
2025-12-15 11:37:31,433 - urllib3.connectionpool - DEBUG - https://api.github.com:443 "GET /repos/IPeralta-GLSL/Unreal-Git-Client/releases/latest HTTP/1.1" 200 823
2025-12-15 11:37:31,434 - core.updater - INFO - Latest version: 1.2.7, Current version: v1.2.8
2025-12-15 12:14:06,823 - core.updater - INFO - Checking for updates...
2025-12-15 12:14:06,853 - urllib3.connectionpool - DEBUG - Starting new HTTPS connection (1): api.github.com:443
2025-12-15 12:14:07,436 - urllib3.connectionpool - DEBUG - https://api.github.com:443 "GET /repos/IPeralta-GLSL/Unreal-Git-Client/releases/latest HTTP/1.1" 200 823
2025-12-15 12:14:07,436 - core.updater - INFO - Latest version: 1.2.7, Current version: v1.2.8
2025-12-15 12:20:07,066 - core.updater - INFO - Checking for updates...
2025-12-15 12:20:07,094 - urllib3.connectionpool - DEBUG - Starting new HTTPS connection (1): api.github.com:443
2025-12-15 12:20:07,638 - urllib3.connectionpool - DEBUG - https://api.github.com:443 "GET /repos/IPeralta-GLSL/Unreal-Git-Client/releases/latest HTTP/1.1" 200 823
2025-12-15 12:20:07,639 - core.updater - INFO - Latest version: 1.2.7, Current version: v1.2.8
2025-12-15 12:20:33,313 - core.updater - INFO - Checking for updates...
2025-12-15 12:20:33,342 - urllib3.connectionpool - DEBUG - Starting new HTTPS connection (1): api.github.com:443
2025-12-15 12:20:33,891 - urllib3.connectionpool - DEBUG - https://api.github.com:443 "GET /repos/IPeralta-GLSL/Unreal-Git-Client/releases/latest HTTP/1.1" 200 823
2025-12-15 12:20:33,891 - core.updater - INFO - Latest version: 1.2.7, Current version: v1.2.8
2025-12-15 12:23:13,012 - core.updater - INFO - Checking for updates...
2025-12-15 12:23:13,041 - urllib3.connectionpool - DEBUG - Starting new HTTPS connection (1): api.github.com:443
2025-12-15 12:23:13,603 - urllib3.connectionpool - DEBUG - https://api.github.com:443 "GET /repos/IPeralta-GLSL/Unreal-Git-Client/releases/latest HTTP/1.1" 200 823
2025-12-15 12:23:13,604 - core.updater - INFO - Latest version: 1.2.7, Current version: v1.2.8
2025-12-15 14:59:50,938 - core.updater - INFO - Checking for updates...
2025-12-15 14:59:50,970 - urllib3.connectionpool - DEBUG - Starting new HTTPS connection (1): api.github.com:443
2025-12-15 14:59:51,538 - urllib3.connectionpool - DEBUG - https://api.github.com:443 "GET /repos/IPeralta-GLSL/Unreal-Git-Client/releases/latest HTTP/1.1" 200 823
2025-12-15 14:59:51,538 - core.updater - INFO - Latest version: 1.2.7, Current version: v1.2.8
2025-12-15 15:00:16,198 - core.updater - INFO - Checking for updates...
2025-12-15 15:00:16,227 - urllib3.connectionpool - DEBUG - Starting new HTTPS connection (1): api.github.com:443
2025-12-15 15:00:16,793 - urllib3.connectionpool - DEBUG - https://api.github.com:443 "GET /repos/IPeralta-GLSL/Unreal-Git-Client/releases/latest HTTP/1.1" 200 823
2025-12-15 15:00:16,793 - core.updater - INFO - Latest version: 1.2.7, Current version: v1.2.8
2025-12-19 17:58:13,788 - core.updater - INFO - Checking for updates...
2025-12-19 17:58:13,815 - urllib3.connectionpool - DEBUG - Starting new HTTPS connection (1): api.github.com:443
2025-12-19 17:58:14,461 - urllib3.connectionpool - DEBUG - https://api.github.com:443 "GET /repos/IPeralta-GLSL/Unreal-Git-Client/releases/latest HTTP/1.1" 200 823
2025-12-19 17:58:14,463 - core.updater - INFO - Latest version: 1.2.7, Current version: v1.2.8
2025-12-22 15:26:54,896 - core.updater - INFO - Checking for updates...
2025-12-22 15:26:54,933 - urllib3.connectionpool - DEBUG - Starting new HTTPS connection (1): api.github.com:443
2025-12-22 15:26:55,577 - urllib3.connectionpool - DEBUG - https://api.github.com:443 "GET /repos/IPeralta-GLSL/Unreal-Git-Client/releases/latest HTTP/1.1" 200 823
2025-12-22 15:26:55,578 - core.updater - INFO - Latest version: 1.2.7, Current version: v1.2.8
2025-12-29 10:38:11,447 - core.updater - INFO - Checking for updates...
2025-12-29 10:38:11,484 - urllib3.connectionpool - DEBUG - Starting new HTTPS connection (1): api.github.com:443
2025-12-29 10:38:12,104 - urllib3.connectionpool - DEBUG - https://api.github.com:443 "GET /repos/IPeralta-GLSL/Unreal-Git-Client/releases/latest HTTP/1.1" 200 823
2025-12-29 10:38:12,105 - core.updater - INFO - Latest version: 1.2.7, Current version: v1.2.8
2025-12-30 15:15:15,137 - core.updater - INFO - Checking for updates...
2025-12-30 15:15:15,166 - urllib3.connectionpool - DEBUG - Starting new HTTPS connection (1): api.github.com:443
2025-12-30 15:15:15,809 - urllib3.connectionpool - DEBUG - https://api.github.com:443 "GET /repos/IPeralta-GLSL/Unreal-Git-Client/releases/latest HTTP/1.1" 200 823
2025-12-30 15:15:15,810 - core.updater - INFO - Latest version: 1.2.7, Current version: v1.2.8
2025-12-30 15:18:06,454 - core.updater - INFO - Checking for updates...
2025-12-30 15:18:06,485 - urllib3.connectionpool - DEBUG - Starting new HTTPS connection (1): api.github.com:443
2025-12-30 15:18:07,069 - urllib3.connectionpool - DEBUG - https://api.github.com:443 "GET /repos/IPeralta-GLSL/Unreal-Git-Client/releases/latest HTTP/1.1" 200 823
2025-12-30 15:18:07,069 - core.updater - INFO - Latest version: 1.2.7, Current version: v1.2.8
2025-12-30 15:20:07,764 - core.updater - INFO - Checking for updates...
2025-12-30 15:20:07,802 - urllib3.connectionpool - DEBUG - Starting new HTTPS connection (1): api.github.com:443
2025-12-30 15:20:08,388 - urllib3.connectionpool - DEBUG - https://api.github.com:443 "GET /repos/IPeralta-GLSL/Unreal-Git-Client/releases/latest HTTP/1.1" 200 None
2025-12-30 15:20:08,389 - core.updater - INFO - Latest version: 1.2.7, Current version: v1.2.8
2025-12-30 16:47:51,561 - core.updater - INFO - Checking for updates...
2025-12-30 16:47:51,599 - urllib3.connectionpool - DEBUG - Starting new HTTPS connection (1): api.github.com:443
2025-12-30 16:47:52,202 - urllib3.connectionpool - DEBUG - https://api.github.com:443 "GET /repos/IPeralta-GLSL/Unreal-Git-Client/releases/latest HTTP/1.1" 200 823
2025-12-30 16:47:52,203 - core.updater - INFO - Latest version: 1.2.7, Current version: v1.2.8
2025-12-30 16:53:29,407 - core.updater - INFO - Checking for updates...
2025-12-30 16:53:29,442 - urllib3.connectionpool - DEBUG - Starting new HTTPS connection (1): api.github.com:443
2025-12-30 16:53:30,105 - urllib3.connectionpool - DEBUG - https://api.github.com:443 "GET /repos/IPeralta-GLSL/Unreal-Git-Client/releases/latest HTTP/1.1" 200 823
2025-12-30 16:53:30,106 - core.updater - INFO - Latest version: 1.2.7, Current version: v1.2.8
2025-12-30 16:54:24,692 - core.updater - INFO - Checking for updates...
2025-12-30 16:54:24,725 - urllib3.connectionpool - DEBUG - Starting new HTTPS connection (1): api.github.com:443
2025-12-30 16:54:25,364 - urllib3.connectionpool - DEBUG - https://api.github.com:443 "GET /repos/IPeralta-GLSL/Unreal-Git-Client/releases/latest HTTP/1.1" 200 823
2025-12-30 16:54:25,365 - core.updater - INFO - Latest version: 1.2.7, Current version: v1.2.8
2025-12-30 17:00:00,639 - core.updater - INFO - Checking for updates...
2025-12-30 17:00:00,674 - urllib3.connectionpool - DEBUG - Starting new HTTPS connection (1): api.github.com:443
2025-12-30 17:00:01,256 - urllib3.connectionpool - DEBUG - https://api.github.com:443 "GET /repos/IPeralta-GLSL/Unreal-Git-Client/releases/latest HTTP/1.1" 200 823
2025-12-30 17:00:01,256 - core.updater - INFO - Latest version: 1.2.7, Current version: v1.2.8
2025-12-30 17:05:40,130 - core.updater - INFO - Checking for updates...
2025-12-30 17:05:40,161 - urllib3.connectionpool - DEBUG - Starting new HTTPS connection (1): api.github.com:443
2025-12-30 17:05:40,736 - urllib3.connectionpool - DEBUG - https://api.github.com:443 "GET /repos/IPeralta-GLSL/Unreal-Git-Client/releases/latest HTTP/1.1" 200 823
2025-12-30 17:05:40,737 - core.updater - INFO - Latest version: 1.2.7, Current version: v1.2.8
2025-12-30 17:13:36,041 - core.updater - INFO - Checking for updates...
2025-12-30 17:13:36,073 - urllib3.connectionpool - DEBUG - Starting new HTTPS connection (1): api.github.com:443
2025-12-30 17:13:36,659 - urllib3.connectionpool - DEBUG - https://api.github.com:443 "GET /repos/IPeralta-GLSL/Unreal-Git-Client/releases/latest HTTP/1.1" 200 823
2025-12-30 17:13:36,660 - core.updater - INFO - Latest version: 1.2.7, Current version: v1.2.8
2026-01-02 10:14:47,937 - core.updater - INFO - Checking for updates...
2026-01-02 10:14:48,082 - urllib3.connectionpool - DEBUG - Starting new HTTPS connection (1): api.github.com:443
2026-01-02 10:14:48,726 - urllib3.connectionpool - DEBUG - https://api.github.com:443 "GET /repos/IPeralta-GLSL/Unreal-Git-Client/releases/latest HTTP/1.1" 200 823
2026-01-02 10:14:48,727 - core.updater - INFO - Latest version: 1.2.7, Current version: v1.2.8
2026-01-02 11:20:41,623 - core.updater - INFO - Checking for updates...
2026-01-02 11:20:41,762 - urllib3.connectionpool - DEBUG - Starting new HTTPS connection (1): api.github.com:443
2026-01-02 11:20:42,441 - urllib3.connectionpool - DEBUG - https://api.github.com:443 "GET /repos/IPeralta-GLSL/Unreal-Git-Client/releases/latest HTTP/1.1" 200 823
2026-01-02 11:20:42,442 - core.updater - INFO - Latest version: 1.2.7, Current version: v1.2.8
2026-01-02 11:22:53,379 - core.updater - INFO - Checking for updates...
2026-01-02 11:22:53,514 - urllib3.connectionpool - DEBUG - Starting new HTTPS connection (1): api.github.com:443
2026-01-02 11:22:54,098 - urllib3.connectionpool - DEBUG - https://api.github.com:443 "GET /repos/IPeralta-GLSL/Unreal-Git-Client/releases/latest HTTP/1.1" 200 823
2026-01-02 11:22:54,099 - core.updater - INFO - Latest version: 1.2.7, Current version: v1.2.8
2026-01-02 11:45:01,766 - core.updater - INFO - Checking for updates...
2026-01-02 11:45:01,924 - urllib3.connectionpool - DEBUG - Starting new HTTPS connection (1): api.github.com:443
2026-01-02 11:45:02,497 - urllib3.connectionpool - DEBUG - https://api.github.com:443 "GET /repos/IPeralta-GLSL/Unreal-Git-Client/releases/latest HTTP/1.1" 200 823
2026-01-02 11:45:02,498 - core.updater - INFO - Latest version: 1.2.7, Current version: v1.2.8
2026-01-02 12:22:55,737 - core.updater - INFO - Checking for updates...
2026-01-02 12:22:55,886 - urllib3.connectionpool - DEBUG - Starting new HTTPS connection (1): api.github.com:443
2026-01-02 12:22:56,494 - urllib3.connectionpool - DEBUG - https://api.github.com:443 "GET /repos/IPeralta-GLSL/Unreal-Git-Client/releases/latest HTTP/1.1" 200 823
2026-01-02 12:22:56,494 - core.updater - INFO - Latest version: 1.2.7, Current version: v1.2.8
2026-01-02 12:24:45,536 - core.updater - INFO - Checking for updates...
2026-01-02 12:24:45,681 - urllib3.connectionpool - DEBUG - Starting new HTTPS connection (1): api.github.com:443
2026-01-02 12:24:46,288 - urllib3.connectionpool - DEBUG - https://api.github.com:443 "GET /repos/IPeralta-GLSL/Unreal-Git-Client/releases/latest HTTP/1.1" 200 823
2026-01-02 12:24:46,289 - core.updater - INFO - Latest version: 1.2.7, Current version: v1.2.8
2026-01-02 12:25:31,914 - core.updater - INFO - Checking for updates...
2026-01-02 12:25:32,095 - urllib3.connectionpool - DEBUG - Starting new HTTPS connection (1): api.github.com:443
2026-01-02 12:25:32,697 - urllib3.connectionpool - DEBUG - https://api.github.com:443 "GET /repos/IPeralta-GLSL/Unreal-Git-Client/releases/latest HTTP/1.1" 200 823
2026-01-02 12:25:32,698 - core.updater - INFO - Latest version: 1.2.7, Current version: v1.2.8
2026-01-02 14:53:23,218 - core.updater - INFO - Checking for updates...
2026-01-02 14:53:23,332 - urllib3.connectionpool - DEBUG - Starting new HTTPS connection (1): api.github.com:443
2026-01-02 14:53:23,908 - urllib3.connectionpool - DEBUG - https://api.github.com:443 "GET /repos/IPeralta-GLSL/Unreal-Git-Client/releases/latest HTTP/1.1" 200 823
2026-01-02 14:53:23,909 - core.updater - INFO - Latest version: 1.2.7, Current version: v1.2.8
2026-01-02 16:43:42,717 - core.updater - INFO - Checking for updates...
2026-01-02 16:43:42,866 - urllib3.connectionpool - DEBUG - Starting new HTTPS connection (1): api.github.com:443
2026-01-02 16:43:43,507 - urllib3.connectionpool - DEBUG - https://api.github.com:443 "GET /repos/IPeralta-GLSL/Unreal-Git-Client/releases/latest HTTP/1.1" 200 823
2026-01-02 16:43:43,508 - core.updater - INFO - Latest version: 1.2.7, Current version: v1.2.8
2026-01-02 16:57:06,487 - core.updater - INFO - Checking for updates...
2026-01-02 16:57:06,647 - urllib3.connectionpool - DEBUG - Starting new HTTPS connection (1): api.github.com:443
2026-01-02 16:57:07,288 - urllib3.connectionpool - DEBUG - https://api.github.com:443 "GET /repos/IPeralta-GLSL/Unreal-Git-Client/releases/latest HTTP/1.1" 200 823
2026-01-02 16:57:07,289 - core.updater - INFO - Latest version: 1.2.7, Current version: v1.2.8
2026-01-02 17:00:11,210 - core.updater - INFO - Checking for updates...
2026-01-02 17:00:11,339 - urllib3.connectionpool - DEBUG - Starting new HTTPS connection (1): api.github.com:443
2026-01-02 17:00:11,913 - urllib3.connectionpool - DEBUG - https://api.github.com:443 "GET /repos/IPeralta-GLSL/Unreal-Git-Client/releases/latest HTTP/1.1" 200 823
2026-01-02 17:00:11,914 - core.updater - INFO - Latest version: 1.2.7, Current version: v1.2.8
2026-01-02 17:02:20,721 - core.updater - INFO - Checking for updates...
2026-01-02 17:02:20,848 - urllib3.connectionpool - DEBUG - Starting new HTTPS connection (1): api.github.com:443
2026-01-02 17:02:21,440 - urllib3.connectionpool - DEBUG - https://api.github.com:443 "GET /repos/IPeralta-GLSL/Unreal-Git-Client/releases/latest HTTP/1.1" 200 None
2026-01-02 17:02:21,440 - core.updater - INFO - Latest version: 1.2.7, Current version: v1.2.8
2026-01-02 17:05:20,825 - core.updater - INFO - Checking for updates...
2026-01-02 17:05:20,949 - urllib3.connectionpool - DEBUG - Starting new HTTPS connection (1): api.github.com:443
2026-01-02 17:05:21,566 - urllib3.connectionpool - DEBUG - https://api.github.com:443 "GET /repos/IPeralta-GLSL/Unreal-Git-Client/releases/latest HTTP/1.1" 200 823
2026-01-02 17:05:21,567 - core.updater - INFO - Latest version: 1.2.7, Current version: v1.2.8
2026-01-02 17:07:12,546 - core.updater - INFO - Checking for updates...
2026-01-02 17:07:12,672 - urllib3.connectionpool - DEBUG - Starting new HTTPS connection (1): api.github.com:443
2026-01-02 17:07:13,244 - urllib3.connectionpool - DEBUG - https://api.github.com:443 "GET /repos/IPeralta-GLSL/Unreal-Git-Client/releases/latest HTTP/1.1" 200 823
2026-01-02 17:07:13,244 - core.updater - INFO - Latest version: 1.2.7, Current version: v1.2.8
2026-01-02 17:15:35,417 - core.updater - INFO - Checking for updates...
2026-01-02 17:15:35,549 - urllib3.connectionpool - DEBUG - Starting new HTTPS connection (1): api.github.com:443
2026-01-02 17:15:36,152 - urllib3.connectionpool - DEBUG - https://api.github.com:443 "GET /repos/IPeralta-GLSL/Unreal-Git-Client/releases/latest HTTP/1.1" 200 823
2026-01-02 17:15:36,153 - core.updater - INFO - Latest version: 1.2.7, Current version: v1.2.8
2026-01-02 17:17:16,724 - core.updater - INFO - Checking for updates...
2026-01-02 17:17:16,860 - urllib3.connectionpool - DEBUG - Starting new HTTPS connection (1): api.github.com:443
2026-01-02 17:17:17,457 - urllib3.connectionpool - DEBUG - https://api.github.com:443 "GET /repos/IPeralta-GLSL/Unreal-Git-Client/releases/latest HTTP/1.1" 200 823
2026-01-02 17:17:17,457 - core.updater - INFO - Latest version: 1.2.7, Current version: v1.2.8
2026-01-02 17:19:36,414 - core.updater - INFO - Checking for updates...
2026-01-02 17:19:36,633 - urllib3.connectionpool - DEBUG - Starting new HTTPS connection (1): api.github.com:443
2026-01-02 17:19:37,253 - urllib3.connectionpool - DEBUG - https://api.github.com:443 "GET /repos/IPeralta-GLSL/Unreal-Git-Client/releases/latest HTTP/1.1" 200 823
2026-01-02 17:19:37,253 - core.updater - INFO - Latest version: 1.2.7, Current version: v1.2.8
2026-01-02 17:20:32,803 - core.updater - INFO - Checking for updates...
2026-01-02 17:20:32,934 - urllib3.connectionpool - DEBUG - Starting new HTTPS connection (1): api.github.com:443
2026-01-02 17:20:33,514 - urllib3.connectionpool - DEBUG - https://api.github.com:443 "GET /repos/IPeralta-GLSL/Unreal-Git-Client/releases/latest HTTP/1.1" 200 823
2026-01-02 17:20:33,515 - core.updater - INFO - Latest version: 1.2.7, Current version: v1.2.8
2026-01-02 17:23:59,741 - core.updater - INFO - Checking for updates...
2026-01-02 17:23:59,876 - urllib3.connectionpool - DEBUG - Starting new HTTPS connection (1): api.github.com:443
2026-01-02 17:24:00,499 - urllib3.connectionpool - DEBUG - https://api.github.com:443 "GET /repos/IPeralta-GLSL/Unreal-Git-Client/releases/latest HTTP/1.1" 200 823
2026-01-02 17:24:00,500 - core.updater - INFO - Latest version: 1.2.7, Current version: v1.2.8
2026-01-02 17:26:43,095 - core.updater - INFO - Checking for updates...
2026-01-02 17:26:43,257 - urllib3.connectionpool - DEBUG - Starting new HTTPS connection (1): api.github.com:443
2026-01-02 17:26:43,862 - urllib3.connectionpool - DEBUG - https://api.github.com:443 "GET /repos/IPeralta-GLSL/Unreal-Git-Client/releases/latest HTTP/1.1" 200 823
2026-01-02 17:26:43,862 - core.updater - INFO - Latest version: 1.2.7, Current version: v1.2.8
2026-01-02 17:40:48,440 - core.updater - INFO - Checking for updates...
2026-01-02 17:40:48,648 - urllib3.connectionpool - DEBUG - Starting new HTTPS connection (1): api.github.com:443
2026-01-02 17:40:49,298 - urllib3.connectionpool - DEBUG - https://api.github.com:443 "GET /repos/IPeralta-GLSL/Unreal-Git-Client/releases/latest HTTP/1.1" 200 823
2026-01-02 17:40:49,299 - core.updater - INFO - Latest version: 1.2.7, Current version: v1.2.8
2026-01-05 18:08:12,369 - core.updater - INFO - Checking for updates...
2026-01-05 18:08:12,400 - urllib3.connectionpool - DEBUG - Starting new HTTPS connection (1): api.github.com:443
2026-01-05 18:08:13,013 - urllib3.connectionpool - DEBUG - https://api.github.com:443 "GET /repos/IPeralta-GLSL/Unreal-Git-Client/releases/latest HTTP/1.1" 200 823
2026-01-05 18:08:13,014 - core.updater - INFO - Latest version: 1.2.7, Current version: v1.2.8
2026-01-06 12:37:38,942 - core.updater - INFO - Checking for updates...
2026-01-06 12:37:38,967 - urllib3.connectionpool - DEBUG - Starting new HTTPS connection (1): api.github.com:443
2026-01-06 12:37:39,852 - urllib3.connectionpool - DEBUG - https://api.github.com:443 "GET /repos/IPeralta-GLSL/Unreal-Git-Client/releases/latest HTTP/1.1" 200 823
2026-01-06 12:37:39,853 - core.updater - INFO - Latest version: 1.2.7, Current version: v1.2.8
2026-01-06 13:24:57,896 - core.updater - INFO - Checking for updates...
2026-01-06 13:24:57,936 - urllib3.connectionpool - DEBUG - Starting new HTTPS connection (1): api.github.com:443
2026-01-06 13:24:58,543 - urllib3.connectionpool - DEBUG - https://api.github.com:443 "GET /repos/IPeralta-GLSL/Unreal-Git-Client/releases/latest HTTP/1.1" 200 823
2026-01-06 13:24:58,544 - core.updater - INFO - Latest version: 1.2.7, Current version: v1.2.8
2026-01-06 14:39:23,314 - core.updater - INFO - Checking for updates...
2026-01-06 14:39:23,341 - urllib3.connectionpool - DEBUG - Starting new HTTPS connection (1): api.github.com:443
2026-01-06 14:39:24,012 - urllib3.connectionpool - DEBUG - https://api.github.com:443 "GET /repos/IPeralta-GLSL/Unreal-Git-Client/releases/latest HTTP/1.1" 200 823
2026-01-06 14:39:24,012 - core.updater - INFO - Latest version: 1.2.7, Current version: v1.2.8
2026-01-06 14:42:00,942 - core.updater - INFO - Checking for updates...
2026-01-06 14:42:00,972 - urllib3.connectionpool - DEBUG - Starting new HTTPS connection (1): api.github.com:443
2026-01-06 14:42:01,547 - urllib3.connectionpool - DEBUG - https://api.github.com:443 "GET /repos/IPeralta-GLSL/Unreal-Git-Client/releases/latest HTTP/1.1" 200 823
2026-01-06 14:42:01,548 - core.updater - INFO - Latest version: 1.2.7, Current version: v1.2.8
2026-01-06 14:44:17,649 - core.updater - INFO - Checking for updates...
2026-01-06 14:44:17,678 - urllib3.connectionpool - DEBUG - Starting new HTTPS connection (1): api.github.com:443
2026-01-06 14:44:18,290 - urllib3.connectionpool - DEBUG - https://api.github.com:443 "GET /repos/IPeralta-GLSL/Unreal-Git-Client/releases/latest HTTP/1.1" 200 823
2026-01-06 14:44:18,290 - core.updater - INFO - Latest version: 1.2.7, Current version: v1.2.8
2026-01-06 14:45:18,535 - core.updater - INFO - Checking for updates...
2026-01-06 14:45:18,563 - urllib3.connectionpool - DEBUG - Starting new HTTPS connection (1): api.github.com:443
2026-01-06 14:45:19,149 - urllib3.connectionpool - DEBUG - https://api.github.com:443 "GET /repos/IPeralta-GLSL/Unreal-Git-Client/releases/latest HTTP/1.1" 200 823
2026-01-06 14:45:19,150 - core.updater - INFO - Latest version: 1.2.7, Current version: v1.2.8
2026-01-06 14:57:54,591 - core.updater - INFO - Checking for updates...
2026-01-06 14:57:54,622 - urllib3.connectionpool - DEBUG - Starting new HTTPS connection (1): api.github.com:443
2026-01-06 14:57:55,208 - urllib3.connectionpool - DEBUG - https://api.github.com:443 "GET /repos/IPeralta-GLSL/Unreal-Git-Client/releases/latest HTTP/1.1" 200 823
2026-01-06 14:57:55,209 - core.updater - INFO - Latest version: 1.2.7, Current version: v1.2.8
2026-01-06 14:59:46,959 - core.updater - INFO - Checking for updates...
2026-01-06 14:59:46,988 - urllib3.connectionpool - DEBUG - Starting new HTTPS connection (1): api.github.com:443
2026-01-06 14:59:47,599 - urllib3.connectionpool - DEBUG - https://api.github.com:443 "GET /repos/IPeralta-GLSL/Unreal-Git-Client/releases/latest HTTP/1.1" 200 823
2026-01-06 14:59:47,600 - core.updater - INFO - Latest version: 1.2.7, Current version: v1.2.8
2026-01-06 15:59:25,648 - core.updater - INFO - Checking for updates...
2026-01-06 15:59:25,679 - urllib3.connectionpool - DEBUG - Starting new HTTPS connection (1): api.github.com:443
2026-01-06 15:59:26,266 - urllib3.connectionpool - DEBUG - https://api.github.com:443 "GET /repos/IPeralta-GLSL/Unreal-Git-Client/releases/latest HTTP/1.1" 200 823
2026-01-06 15:59:26,267 - core.updater - INFO - Latest version: 1.2.7, Current version: v1.2.8
2026-01-06 16:00:42,895 - core.updater - INFO - Checking for updates...
2026-01-06 16:00:42,926 - urllib3.connectionpool - DEBUG - Starting new HTTPS connection (1): api.github.com:443
2026-01-06 16:00:43,526 - urllib3.connectionpool - DEBUG - https://api.github.com:443 "GET /repos/IPeralta-GLSL/Unreal-Git-Client/releases/latest HTTP/1.1" 200 823
2026-01-06 16:00:43,526 - core.updater - INFO - Latest version: 1.2.7, Current version: v1.2.8
2026-01-06 16:02:11,457 - core.updater - INFO - Checking for updates...
2026-01-06 16:02:11,488 - urllib3.connectionpool - DEBUG - Starting new HTTPS connection (1): api.github.com:443
2026-01-06 16:02:12,085 - urllib3.connectionpool - DEBUG - https://api.github.com:443 "GET /repos/IPeralta-GLSL/Unreal-Git-Client/releases/latest HTTP/1.1" 200 823
2026-01-06 16:02:12,086 - core.updater - INFO - Latest version: 1.2.7, Current version: v1.2.8
2026-01-06 17:59:43,673 - core.updater - INFO - Checking for updates...
2026-01-06 17:59:43,803 - urllib3.connectionpool - DEBUG - Starting new HTTPS connection (1): api.github.com:443
2026-01-06 17:59:45,154 - urllib3.connectionpool - DEBUG - https://api.github.com:443 "GET /repos/IPeralta-GLSL/Unreal-Git-Client/releases/latest HTTP/1.1" 200 823
2026-01-06 17:59:45,155 - core.updater - INFO - Latest version: 1.2.7, Current version: v1.2.8
2026-01-06 18:07:52,991 - core.updater - INFO - Checking for updates...
2026-01-06 18:07:53,034 - urllib3.connectionpool - DEBUG - Starting new HTTPS connection (1): api.github.com:443
2026-01-06 18:07:53,886 - urllib3.connectionpool - DEBUG - https://api.github.com:443 "GET /repos/IPeralta-GLSL/Unreal-Git-Client/releases/latest HTTP/1.1" 200 823
2026-01-06 18:07:53,887 - core.updater - INFO - Latest version: 1.2.7, Current version: v1.2.8
2026-01-06 18:09:58,614 - core.updater - INFO - Checking for updates...
2026-01-06 18:09:58,659 - urllib3.connectionpool - DEBUG - Starting new HTTPS connection (1): api.github.com:443
2026-01-06 18:09:59,292 - urllib3.connectionpool - DEBUG - https://api.github.com:443 "GET /repos/IPeralta-GLSL/Unreal-Git-Client/releases/latest HTTP/1.1" 200 823
2026-01-06 18:09:59,293 - core.updater - INFO - Latest version: 1.2.7, Current version: v1.2.8
2026-01-07 09:54:55,072 - core.updater - INFO - Checking for updates...
2026-01-07 09:54:55,107 - urllib3.connectionpool - DEBUG - Starting new HTTPS connection (1): api.github.com:443
2026-01-07 09:54:55,729 - urllib3.connectionpool - DEBUG - https://api.github.com:443 "GET /repos/IPeralta-GLSL/Unreal-Git-Client/releases/latest HTTP/1.1" 200 823
2026-01-07 09:54:55,730 - core.updater - INFO - Latest version: 1.2.7, Current version: v1.2.8
2026-01-07 09:56:33,890 - core.updater - INFO - Checking for updates...
2026-01-07 09:56:33,925 - urllib3.connectionpool - DEBUG - Starting new HTTPS connection (1): api.github.com:443
2026-01-07 09:56:34,555 - urllib3.connectionpool - DEBUG - https://api.github.com:443 "GET /repos/IPeralta-GLSL/Unreal-Git-Client/releases/latest HTTP/1.1" 200 823
2026-01-07 09:56:34,556 - core.updater - INFO - Latest version: 1.2.7, Current version: v1.2.8
2026-01-07 10:02:17,217 - core.updater - INFO - Checking for updates...
2026-01-07 10:02:17,250 - urllib3.connectionpool - DEBUG - Starting new HTTPS connection (1): api.github.com:443
2026-01-07 10:02:17,851 - urllib3.connectionpool - DEBUG - https://api.github.com:443 "GET /repos/IPeralta-GLSL/Unreal-Git-Client/releases/latest HTTP/1.1" 200 823
2026-01-07 10:02:17,852 - core.updater - INFO - Latest version: 1.2.7, Current version: v1.2.8
2026-01-07 10:22:17,972 - core.updater - INFO - Checking for updates...
2026-01-07 10:22:17,992 - urllib3.connectionpool - DEBUG - Starting new HTTPS connection (1): api.github.com:443
2026-01-07 10:22:18,544 - urllib3.connectionpool - DEBUG - https://api.github.com:443 "GET /repos/IPeralta-GLSL/Unreal-Git-Client/releases/latest HTTP/1.1" 200 823
2026-01-07 10:22:18,545 - core.updater - INFO - Latest version: 1.2.7, Current version: v1.2.8
2026-01-07 10:44:22,110 - core.updater - INFO - Checking for updates...
2026-01-07 10:44:22,138 - urllib3.connectionpool - DEBUG - Starting new HTTPS connection (1): api.github.com:443
2026-01-07 10:44:22,723 - urllib3.connectionpool - DEBUG - https://api.github.com:443 "GET /repos/IPeralta-GLSL/Unreal-Git-Client/releases/latest HTTP/1.1" 200 823
2026-01-07 10:44:22,724 - core.updater - INFO - Latest version: 1.2.7, Current version: v1.2.8
2026-01-07 10:46:39,075 - core.updater - INFO - Checking for updates...
2026-01-07 10:46:39,103 - urllib3.connectionpool - DEBUG - Starting new HTTPS connection (1): api.github.com:443
2026-01-07 10:46:39,708 - urllib3.connectionpool - DEBUG - https://api.github.com:443 "GET /repos/IPeralta-GLSL/Unreal-Git-Client/releases/latest HTTP/1.1" 200 823
2026-01-07 10:46:39,708 - core.updater - INFO - Latest version: 1.2.7, Current version: v1.2.8
2026-01-07 10:50:52,683 - core.updater - INFO - Checking for updates...
2026-01-07 10:50:52,712 - urllib3.connectionpool - DEBUG - Starting new HTTPS connection (1): api.github.com:443
2026-01-07 10:50:53,305 - urllib3.connectionpool - DEBUG - https://api.github.com:443 "GET /repos/IPeralta-GLSL/Unreal-Git-Client/releases/latest HTTP/1.1" 200 823
2026-01-07 10:50:53,305 - core.updater - INFO - Latest version: 1.2.7, Current version: v1.2.8
2026-01-07 11:08:15,651 - core.updater - INFO - Checking for updates...
2026-01-07 11:08:15,684 - urllib3.connectionpool - DEBUG - Starting new HTTPS connection (1): api.github.com:443
2026-01-07 11:08:16,404 - urllib3.connectionpool - DEBUG - https://api.github.com:443 "GET /repos/IPeralta-GLSL/Unreal-Git-Client/releases/latest HTTP/1.1" 200 823
2026-01-07 11:08:16,405 - core.updater - INFO - Latest version: 1.2.7, Current version: v1.2.8
2026-01-07 11:12:42,893 - core.updater - INFO - Checking for updates...
2026-01-07 11:12:42,914 - urllib3.connectionpool - DEBUG - Starting new HTTPS connection (1): api.github.com:443
2026-01-07 11:12:43,510 - urllib3.connectionpool - DEBUG - https://api.github.com:443 "GET /repos/IPeralta-GLSL/Unreal-Git-Client/releases/latest HTTP/1.1" 200 None
2026-01-07 11:12:43,511 - core.updater - INFO - Latest version: 1.2.7, Current version: v1.2.8
2026-01-07 11:14:10,601 - core.updater - INFO - Checking for updates...
2026-01-07 11:14:10,630 - urllib3.connectionpool - DEBUG - Starting new HTTPS connection (1): api.github.com:443
2026-01-07 11:14:11,243 - urllib3.connectionpool - DEBUG - https://api.github.com:443 "GET /repos/IPeralta-GLSL/Unreal-Git-Client/releases/latest HTTP/1.1" 200 823
2026-01-07 11:14:11,244 - core.updater - INFO - Latest version: 1.2.7, Current version: v1.2.8
2026-01-07 11:16:17,440 - core.updater - INFO - Checking for updates...
2026-01-07 11:16:17,471 - urllib3.connectionpool - DEBUG - Starting new HTTPS connection (1): api.github.com:443
2026-01-07 11:16:18,064 - urllib3.connectionpool - DEBUG - https://api.github.com:443 "GET /repos/IPeralta-GLSL/Unreal-Git-Client/releases/latest HTTP/1.1" 200 823
2026-01-07 11:16:18,065 - core.updater - INFO - Latest version: 1.2.7, Current version: v1.2.8
2026-01-07 11:22:06,084 - core.updater - INFO - Checking for updates...
2026-01-07 11:22:06,116 - urllib3.connectionpool - DEBUG - Starting new HTTPS connection (1): api.github.com:443
2026-01-07 11:22:06,913 - urllib3.connectionpool - DEBUG - https://api.github.com:443 "GET /repos/IPeralta-GLSL/Unreal-Git-Client/releases/latest HTTP/1.1" 200 823
2026-01-07 11:22:06,913 - core.updater - INFO - Latest version: 1.2.7, Current version: v1.2.8
2026-01-07 11:25:27,295 - core.updater - INFO - Checking for updates...
2026-01-07 11:25:27,324 - urllib3.connectionpool - DEBUG - Starting new HTTPS connection (1): api.github.com:443
2026-01-07 11:25:28,106 - urllib3.connectionpool - DEBUG - https://api.github.com:443 "GET /repos/IPeralta-GLSL/Unreal-Git-Client/releases/latest HTTP/1.1" 200 823
2026-01-07 11:25:28,107 - core.updater - INFO - Latest version: 1.2.7, Current version: v1.2.8
2026-01-07 11:27:23,682 - core.updater - INFO - Checking for updates...
2026-01-07 11:27:23,714 - urllib3.connectionpool - DEBUG - Starting new HTTPS connection (1): api.github.com:443
2026-01-07 11:27:24,523 - urllib3.connectionpool - DEBUG - https://api.github.com:443 "GET /repos/IPeralta-GLSL/Unreal-Git-Client/releases/latest HTTP/1.1" 200 823
2026-01-07 11:27:24,524 - core.updater - INFO - Latest version: 1.2.7, Current version: v1.2.8
2026-01-07 11:29:22,054 - core.updater - INFO - Checking for updates...
2026-01-07 11:29:22,075 - urllib3.connectionpool - DEBUG - Starting new HTTPS connection (1): api.github.com:443
2026-01-07 11:29:22,840 - urllib3.connectionpool - DEBUG - https://api.github.com:443 "GET /repos/IPeralta-GLSL/Unreal-Git-Client/releases/latest HTTP/1.1" 200 823
2026-01-07 11:29:22,840 - core.updater - INFO - Latest version: 1.2.7, Current version: v1.2.8
2026-01-07 11:36:30,773 - core.updater - INFO - Checking for updates...
2026-01-07 11:36:30,806 - urllib3.connectionpool - DEBUG - Starting new HTTPS connection (1): api.github.com:443
2026-01-07 11:36:31,610 - urllib3.connectionpool - DEBUG - https://api.github.com:443 "GET /repos/IPeralta-GLSL/Unreal-Git-Client/releases/latest HTTP/1.1" 200 823
2026-01-07 11:36:31,610 - core.updater - INFO - Latest version: 1.2.7, Current version: v1.2.8
2026-01-07 11:39:31,234 - core.updater - INFO - Checking for updates...
2026-01-07 11:39:31,256 - urllib3.connectionpool - DEBUG - Starting new HTTPS connection (1): api.github.com:443
2026-01-07 11:39:31,982 - urllib3.connectionpool - DEBUG - https://api.github.com:443 "GET /repos/IPeralta-GLSL/Unreal-Git-Client/releases/latest HTTP/1.1" 200 823
2026-01-07 11:39:31,983 - core.updater - INFO - Latest version: 1.2.7, Current version: v1.2.8
2026-01-07 11:41:02,356 - core.updater - INFO - Checking for updates...
2026-01-07 11:41:02,379 - urllib3.connectionpool - DEBUG - Starting new HTTPS connection (1): api.github.com:443
2026-01-07 11:41:03,133 - urllib3.connectionpool - DEBUG - https://api.github.com:443 "GET /repos/IPeralta-GLSL/Unreal-Git-Client/releases/latest HTTP/1.1" 200 823
2026-01-07 11:41:03,134 - core.updater - INFO - Latest version: 1.2.7, Current version: v1.2.8
2026-01-07 11:41:45,350 - core.updater - INFO - Checking for updates...
2026-01-07 11:41:45,380 - urllib3.connectionpool - DEBUG - Starting new HTTPS connection (1): api.github.com:443
2026-01-07 11:41:46,145 - urllib3.connectionpool - DEBUG - https://api.github.com:443 "GET /repos/IPeralta-GLSL/Unreal-Git-Client/releases/latest HTTP/1.1" 200 823
2026-01-07 11:41:46,145 - core.updater - INFO - Latest version: 1.2.7, Current version: v1.2.8
2026-01-07 11:44:27,105 - core.updater - INFO - Checking for updates...
2026-01-07 11:44:27,137 - urllib3.connectionpool - DEBUG - Starting new HTTPS connection (1): api.github.com:443
2026-01-07 11:44:27,941 - urllib3.connectionpool - DEBUG - https://api.github.com:443 "GET /repos/IPeralta-GLSL/Unreal-Git-Client/releases/latest HTTP/1.1" 200 823
2026-01-07 11:44:27,942 - core.updater - INFO - Latest version: 1.2.7, Current version: v1.2.8
2026-01-07 11:48:03,395 - core.updater - INFO - Checking for updates...
2026-01-07 11:48:03,415 - urllib3.connectionpool - DEBUG - Starting new HTTPS connection (1): api.github.com:443
2026-01-07 11:48:04,183 - urllib3.connectionpool - DEBUG - https://api.github.com:443 "GET /repos/IPeralta-GLSL/Unreal-Git-Client/releases/latest HTTP/1.1" 200 823
2026-01-07 11:48:04,184 - core.updater - INFO - Latest version: 1.2.7, Current version: v1.2.8
2026-01-07 11:50:11,719 - core.updater - INFO - Checking for updates...
2026-01-07 11:50:11,752 - urllib3.connectionpool - DEBUG - Starting new HTTPS connection (1): api.github.com:443
2026-01-07 11:50:12,783 - urllib3.connectionpool - DEBUG - https://api.github.com:443 "GET /repos/IPeralta-GLSL/Unreal-Git-Client/releases/latest HTTP/1.1" 200 823
2026-01-07 11:50:12,784 - core.updater - INFO - Latest version: 1.2.7, Current version: v1.2.8
2026-01-07 11:52:43,613 - core.updater - INFO - Checking for updates...
2026-01-07 11:52:43,635 - urllib3.connectionpool - DEBUG - Starting new HTTPS connection (1): api.github.com:443
2026-01-07 11:52:44,343 - urllib3.connectionpool - DEBUG - https://api.github.com:443 "GET /repos/IPeralta-GLSL/Unreal-Git-Client/releases/latest HTTP/1.1" 200 823
2026-01-07 11:52:44,344 - core.updater - INFO - Latest version: 1.2.7, Current version: v1.2.8
2026-01-07 11:56:15,702 - core.updater - INFO - Checking for updates...
2026-01-07 11:56:15,723 - urllib3.connectionpool - DEBUG - Starting new HTTPS connection (1): api.github.com:443
2026-01-07 11:56:16,466 - urllib3.connectionpool - DEBUG - https://api.github.com:443 "GET /repos/IPeralta-GLSL/Unreal-Git-Client/releases/latest HTTP/1.1" 200 823
2026-01-07 11:56:16,467 - core.updater - INFO - Latest version: 1.2.7, Current version: v1.2.8
2026-01-07 11:58:05,933 - core.updater - INFO - Checking for updates...
2026-01-07 11:58:05,961 - urllib3.connectionpool - DEBUG - Starting new HTTPS connection (1): api.github.com:443
2026-01-07 11:58:06,835 - urllib3.connectionpool - DEBUG - https://api.github.com:443 "GET /repos/IPeralta-GLSL/Unreal-Git-Client/releases/latest HTTP/1.1" 200 823
2026-01-07 11:58:06,836 - core.updater - INFO - Latest version: 1.2.7, Current version: v1.2.8
2026-01-07 12:02:07,041 - core.updater - INFO - Checking for updates...
2026-01-07 12:02:07,070 - urllib3.connectionpool - DEBUG - Starting new HTTPS connection (1): api.github.com:443
2026-01-07 12:02:07,834 - urllib3.connectionpool - DEBUG - https://api.github.com:443 "GET /repos/IPeralta-GLSL/Unreal-Git-Client/releases/latest HTTP/1.1" 200 823
2026-01-07 12:02:07,835 - core.updater - INFO - Latest version: 1.2.7, Current version: v1.2.8
2026-01-07 12:03:16,105 - core.updater - INFO - Checking for updates...
2026-01-07 12:03:16,137 - urllib3.connectionpool - DEBUG - Starting new HTTPS connection (1): api.github.com:443
2026-01-07 12:03:16,892 - urllib3.connectionpool - DEBUG - https://api.github.com:443 "GET /repos/IPeralta-GLSL/Unreal-Git-Client/releases/latest HTTP/1.1" 200 823
2026-01-07 12:03:16,893 - core.updater - INFO - Latest version: 1.2.7, Current version: v1.2.8
2026-01-07 12:04:56,975 - core.updater - INFO - Checking for updates...
2026-01-07 12:04:57,005 - urllib3.connectionpool - DEBUG - Starting new HTTPS connection (1): api.github.com:443
2026-01-07 12:04:57,769 - urllib3.connectionpool - DEBUG - https://api.github.com:443 "GET /repos/IPeralta-GLSL/Unreal-Git-Client/releases/latest HTTP/1.1" 200 823
2026-01-07 12:04:57,769 - core.updater - INFO - Latest version: 1.2.7, Current version: v1.2.8
2026-01-07 12:08:24,495 - core.updater - INFO - Checking for updates...
2026-01-07 12:08:24,527 - urllib3.connectionpool - DEBUG - Starting new HTTPS connection (1): api.github.com:443
2026-01-07 12:08:25,277 - urllib3.connectionpool - DEBUG - https://api.github.com:443 "GET /repos/IPeralta-GLSL/Unreal-Git-Client/releases/latest HTTP/1.1" 200 823
2026-01-07 12:08:25,277 - core.updater - INFO - Latest version: 1.2.7, Current version: v1.2.8
2026-01-07 12:09:47,496 - core.updater - INFO - Checking for updates...
2026-01-07 12:09:47,525 - urllib3.connectionpool - DEBUG - Starting new HTTPS connection (1): api.github.com:443
2026-01-07 12:09:48,277 - urllib3.connectionpool - DEBUG - https://api.github.com:443 "GET /repos/IPeralta-GLSL/Unreal-Git-Client/releases/latest HTTP/1.1" 200 823
2026-01-07 12:09:48,278 - core.updater - INFO - Latest version: 1.2.7, Current version: v1.2.8
2026-01-07 12:10:41,971 - core.updater - INFO - Checking for updates...
2026-01-07 12:10:41,993 - urllib3.connectionpool - DEBUG - Starting new HTTPS connection (1): api.github.com:443
2026-01-07 12:10:42,711 - urllib3.connectionpool - DEBUG - https://api.github.com:443 "GET /repos/IPeralta-GLSL/Unreal-Git-Client/releases/latest HTTP/1.1" 200 823
2026-01-07 12:10:42,712 - core.updater - INFO - Latest version: 1.2.7, Current version: v1.2.8
2026-01-07 12:12:22,405 - core.updater - INFO - Checking for updates...
2026-01-07 12:12:22,542 - urllib3.connectionpool - DEBUG - Starting new HTTPS connection (1): api.github.com:443
2026-01-07 12:12:23,232 - urllib3.connectionpool - DEBUG - https://api.github.com:443 "GET /repos/IPeralta-GLSL/Unreal-Git-Client/releases/latest HTTP/1.1" 200 823
2026-01-07 12:12:23,234 - core.updater - INFO - Latest version: 1.2.7, Current version: v1.2.8
2026-01-07 12:14:25,872 - core.updater - INFO - Checking for updates...
2026-01-07 12:14:25,907 - urllib3.connectionpool - DEBUG - Starting new HTTPS connection (1): api.github.com:443
2026-01-07 12:14:26,596 - urllib3.connectionpool - DEBUG - https://api.github.com:443 "GET /repos/IPeralta-GLSL/Unreal-Git-Client/releases/latest HTTP/1.1" 200 823
2026-01-07 12:14:26,598 - core.updater - INFO - Latest version: 1.2.7, Current version: v1.2.8
2026-01-07 12:25:43,762 - core.updater - INFO - Checking for updates...
2026-01-07 12:25:43,798 - urllib3.connectionpool - DEBUG - Starting new HTTPS connection (1): api.github.com:443
2026-01-07 12:25:44,380 - urllib3.connectionpool - DEBUG - https://api.github.com:443 "GET /repos/IPeralta-GLSL/Unreal-Git-Client/releases/latest HTTP/1.1" 200 823
2026-01-07 12:25:44,381 - core.updater - INFO - Latest version: 1.2.7, Current version: v1.2.8
2026-01-07 12:28:45,355 - core.updater - INFO - Checking for updates...
2026-01-07 12:28:45,388 - urllib3.connectionpool - DEBUG - Starting new HTTPS connection (1): api.github.com:443
2026-01-07 12:28:46,028 - urllib3.connectionpool - DEBUG - https://api.github.com:443 "GET /repos/IPeralta-GLSL/Unreal-Git-Client/releases/latest HTTP/1.1" 200 823
2026-01-07 12:28:46,029 - core.updater - INFO - Latest version: 1.2.7, Current version: v1.2.8
2026-01-07 12:41:06,046 - core.updater - INFO - Checking for updates...
2026-01-07 12:41:06,080 - urllib3.connectionpool - DEBUG - Starting new HTTPS connection (1): api.github.com:443
2026-01-07 12:41:06,692 - urllib3.connectionpool - DEBUG - https://api.github.com:443 "GET /repos/IPeralta-GLSL/Unreal-Git-Client/releases/latest HTTP/1.1" 200 823
2026-01-07 12:41:06,693 - core.updater - INFO - Latest version: 1.2.7, Current version: v1.2.8
2026-01-07 12:43:34,573 - core.updater - INFO - Checking for updates...
2026-01-07 12:43:34,603 - urllib3.connectionpool - DEBUG - Starting new HTTPS connection (1): api.github.com:443
2026-01-07 12:43:35,176 - urllib3.connectionpool - DEBUG - https://api.github.com:443 "GET /repos/IPeralta-GLSL/Unreal-Git-Client/releases/latest HTTP/1.1" 200 823
2026-01-07 12:43:35,177 - core.updater - INFO - Latest version: 1.2.7, Current version: v1.2.8
2026-01-07 13:00:15,951 - core.updater - INFO - Checking for updates...
2026-01-07 13:00:15,984 - urllib3.connectionpool - DEBUG - Starting new HTTPS connection (1): api.github.com:443
2026-01-07 13:00:16,581 - urllib3.connectionpool - DEBUG - https://api.github.com:443 "GET /repos/IPeralta-GLSL/Unreal-Git-Client/releases/latest HTTP/1.1" 200 823
2026-01-07 13:00:16,582 - core.updater - INFO - Latest version: 1.2.7, Current version: v1.2.8
2026-01-07 15:24:05,629 - core.updater - INFO - Checking for updates...
2026-01-07 15:24:05,660 - urllib3.connectionpool - DEBUG - Starting new HTTPS connection (1): api.github.com:443
2026-01-07 15:24:06,246 - urllib3.connectionpool - DEBUG - https://api.github.com:443 "GET /repos/IPeralta-GLSL/Unreal-Git-Client/releases/latest HTTP/1.1" 200 823
2026-01-07 15:24:06,247 - core.updater - INFO - Latest version: 1.2.7, Current version: v1.2.8
2026-01-07 15:43:33,043 - core.updater - INFO - Checking for updates...
2026-01-07 15:43:33,076 - urllib3.connectionpool - DEBUG - Starting new HTTPS connection (1): api.github.com:443
2026-01-07 15:43:33,747 - urllib3.connectionpool - DEBUG - https://api.github.com:443 "GET /repos/IPeralta-GLSL/Unreal-Git-Client/releases/latest HTTP/1.1" 200 864
2026-01-07 15:43:33,748 - core.updater - INFO - Latest version: 1.2.8, Current version: v1.2.8
2026-01-07 15:44:59,131 - core.updater - INFO - Checking for updates...
2026-01-07 15:44:59,166 - urllib3.connectionpool - DEBUG - Starting new HTTPS connection (1): api.github.com:443
2026-01-07 15:44:59,755 - urllib3.connectionpool - DEBUG - https://api.github.com:443 "GET /repos/IPeralta-GLSL/Unreal-Git-Client/releases/latest HTTP/1.1" 200 864
2026-01-07 15:44:59,756 - core.updater - INFO - Latest version: 1.2.8, Current version: v1.2.8
2026-01-07 15:47:17,287 - core.updater - INFO - Checking for updates...
2026-01-07 15:47:17,326 - urllib3.connectionpool - DEBUG - Starting new HTTPS connection (1): api.github.com:443
2026-01-07 15:47:17,920 - urllib3.connectionpool - DEBUG - https://api.github.com:443 "GET /repos/IPeralta-GLSL/Unreal-Git-Client/releases/latest HTTP/1.1" 200 863
2026-01-07 15:47:17,921 - core.updater - INFO - Latest version: 1.2.8, Current version: v1.2.8
2026-01-08 11:43:14,082 - core.updater - INFO - Checking for updates...
2026-01-08 11:43:14,117 - urllib3.connectionpool - DEBUG - Starting new HTTPS connection (1): api.github.com:443
2026-01-08 11:43:14,742 - urllib3.connectionpool - DEBUG - https://api.github.com:443 "GET /repos/IPeralta-GLSL/Unreal-Git-Client/releases/latest HTTP/1.1" 200 863
2026-01-08 11:43:14,744 - core.updater - INFO - Latest version: 1.2.8, Current version: v1.2.8
2026-01-08 11:45:41,007 - core.updater - INFO - Checking for updates...
2026-01-08 11:45:41,037 - urllib3.connectionpool - DEBUG - Starting new HTTPS connection (1): api.github.com:443
2026-01-08 11:45:41,612 - urllib3.connectionpool - DEBUG - https://api.github.com:443 "GET /repos/IPeralta-GLSL/Unreal-Git-Client/releases/latest HTTP/1.1" 200 863
2026-01-08 11:45:41,613 - core.updater - INFO - Latest version: 1.2.8, Current version: v1.2.8
2026-01-08 11:49:24,705 - core.updater - INFO - Checking for updates...
2026-01-08 11:49:24,739 - urllib3.connectionpool - DEBUG - Starting new HTTPS connection (1): api.github.com:443
2026-01-08 11:49:25,376 - urllib3.connectionpool - DEBUG - https://api.github.com:443 "GET /repos/IPeralta-GLSL/Unreal-Git-Client/releases/latest HTTP/1.1" 200 863
2026-01-08 11:49:25,377 - core.updater - INFO - Latest version: 1.2.8, Current version: v1.2.8
2026-01-08 11:58:49,536 - core.updater - INFO - Checking for updates...
2026-01-08 11:58:49,574 - urllib3.connectionpool - DEBUG - Starting new HTTPS connection (1): api.github.com:443
2026-01-08 11:58:50,189 - urllib3.connectionpool - DEBUG - https://api.github.com:443 "GET /repos/IPeralta-GLSL/Unreal-Git-Client/releases/latest HTTP/1.1" 200 863
2026-01-08 11:58:50,190 - core.updater - INFO - Latest version: 1.2.8, Current version: v1.2.8
2026-01-08 12:07:05,830 - core.updater - INFO - Checking for updates...
2026-01-08 12:07:05,855 - urllib3.connectionpool - DEBUG - Starting new HTTPS connection (1): api.github.com:443
2026-01-08 12:07:06,465 - urllib3.connectionpool - DEBUG - https://api.github.com:443 "GET /repos/IPeralta-GLSL/Unreal-Git-Client/releases/latest HTTP/1.1" 200 863
2026-01-08 12:07:06,465 - core.updater - INFO - Latest version: 1.2.8, Current version: v1.2.8
2026-01-08 13:15:30,808 - core.updater - INFO - Checking for updates...
2026-01-08 13:15:30,844 - urllib3.connectionpool - DEBUG - Starting new HTTPS connection (1): api.github.com:443
2026-01-08 13:15:31,463 - urllib3.connectionpool - DEBUG - https://api.github.com:443 "GET /repos/IPeralta-GLSL/Unreal-Git-Client/releases/latest HTTP/1.1" 200 863
2026-01-08 13:15:31,463 - core.updater - INFO - Latest version: 1.2.8, Current version: v1.2.8
2026-01-08 13:15:39,093 - core.updater - INFO - Checking for updates...
2026-01-08 13:15:39,129 - urllib3.connectionpool - DEBUG - Starting new HTTPS connection (1): api.github.com:443
2026-01-08 13:15:39,539 - urllib3.connectionpool - DEBUG - https://api.github.com:443 "GET /repos/IPeralta-GLSL/Unreal-Git-Client/releases/latest HTTP/1.1" 200 863
2026-01-08 13:15:39,539 - core.updater - INFO - Latest version: 1.2.8, Current version: v1.2.8
2026-01-08 13:16:02,018 - concurrent.futures - ERROR - exception calling callback for <Future at 0x1fec2866510 state=finished returned dict>
Traceback (most recent call last):
  File "c:\Users\AMD\Documents\Git\Unreal-Git-Client\ui\repository_tab.py", line 1100, in on_done
    self.status_signals.finished.emit(summary)
    ^^^^^^^^^^^^^^^^^^^^^^^^^^^^
RuntimeError: wrapped C/C++ object of type StatusWorkerSignals has been deleted

During handling of the above exception, another exception occurred:

Traceback (most recent call last):
  File "C:\Python314\Lib\concurrent\futures\_base.py", line 334, in _invoke_callbacks
    callback(self)
    ~~~~~~~~^^^^^^
  File "c:\Users\AMD\Documents\Git\Unreal-Git-Client\ui\repository_tab.py", line 1103, in on_done
    self.status_signals.finished.emit({})
    ^^^^^^^^^^^^^^^^^^^^^^^^^^^^
RuntimeError: wrapped C/C++ object of type StatusWorkerSignals has been deleted
2026-01-08 13:40:43,162 - core.updater - INFO - Checking for updates...
2026-01-08 13:40:43,196 - urllib3.connectionpool - DEBUG - Starting new HTTPS connection (1): api.github.com:443
2026-01-08 13:40:43,771 - urllib3.connectionpool - DEBUG - https://api.github.com:443 "GET /repos/IPeralta-GLSL/Unreal-Git-Client/releases/latest HTTP/1.1" 200 863
2026-01-08 13:40:43,772 - core.updater - INFO - Latest version: 1.2.8, Current version: v1.2.8
2026-01-08 14:01:42,660 - core.updater - INFO - Checking for updates...
2026-01-08 14:01:42,696 - urllib3.connectionpool - DEBUG - Starting new HTTPS connection (1): api.github.com:443
2026-01-08 14:01:43,300 - urllib3.connectionpool - DEBUG - https://api.github.com:443 "GET /repos/IPeralta-GLSL/Unreal-Git-Client/releases/latest HTTP/1.1" 200 863
2026-01-08 14:01:43,301 - core.updater - INFO - Latest version: 1.2.8, Current version: v1.2.8
2026-01-08 14:06:22,378 - core.updater - INFO - Checking for updates...
2026-01-08 14:06:22,413 - urllib3.connectionpool - DEBUG - Starting new HTTPS connection (1): api.github.com:443
2026-01-08 14:06:22,977 - urllib3.connectionpool - DEBUG - https://api.github.com:443 "GET /repos/IPeralta-GLSL/Unreal-Git-Client/releases/latest HTTP/1.1" 200 863
2026-01-08 14:06:22,978 - core.updater - INFO - Latest version: 1.2.8, Current version: v1.2.8
2026-01-08 14:11:57,317 - core.updater - INFO - Checking for updates...
2026-01-08 14:11:57,351 - urllib3.connectionpool - DEBUG - Starting new HTTPS connection (1): api.github.com:443
2026-01-08 14:11:57,943 - urllib3.connectionpool - DEBUG - https://api.github.com:443 "GET /repos/IPeralta-GLSL/Unreal-Git-Client/releases/latest HTTP/1.1" 200 863
2026-01-08 14:11:57,944 - core.updater - INFO - Latest version: 1.2.8, Current version: v1.2.8
2026-01-08 14:19:40,578 - core.updater - INFO - Checking for updates...
2026-01-08 14:19:40,609 - urllib3.connectionpool - DEBUG - Starting new HTTPS connection (1): api.github.com:443
2026-01-08 14:19:41,249 - urllib3.connectionpool - DEBUG - https://api.github.com:443 "GET /repos/IPeralta-GLSL/Unreal-Git-Client/releases/latest HTTP/1.1" 200 863
2026-01-08 14:19:41,250 - core.updater - INFO - Latest version: 1.2.8, Current version: v1.2.8
2026-01-08 14:33:30,588 - core.updater - INFO - Checking for updates...
2026-01-08 14:33:30,625 - urllib3.connectionpool - DEBUG - Starting new HTTPS connection (1): api.github.com:443
2026-01-08 14:33:31,238 - urllib3.connectionpool - DEBUG - https://api.github.com:443 "GET /repos/IPeralta-GLSL/Unreal-Git-Client/releases/latest HTTP/1.1" 200 863
2026-01-08 14:33:31,238 - core.updater - INFO - Latest version: 1.2.8, Current version: v1.2.8
2026-01-08 14:49:29,087 - core.updater - INFO - Checking for updates...
2026-01-08 14:49:29,130 - urllib3.connectionpool - DEBUG - Starting new HTTPS connection (1): api.github.com:443
2026-01-08 14:49:29,719 - urllib3.connectionpool - DEBUG - https://api.github.com:443 "GET /repos/IPeralta-GLSL/Unreal-Git-Client/releases/latest HTTP/1.1" 200 863
2026-01-08 14:49:29,720 - core.updater - INFO - Latest version: 1.2.8, Current version: v1.2.8
2026-01-08 14:50:09,972 - concurrent.futures - ERROR - exception calling callback for <Future at 0x1b4f6b15150 state=finished returned dict>
Traceback (most recent call last):
  File "c:\Users\AMD\Documents\Git\Unreal-Git-Client\ui\repository_tab.py", line 1106, in on_done
    self.status_signals.finished.emit(summary)
    ^^^^^^^^^^^^^^^^^^^^^^^^^^^^
RuntimeError: wrapped C/C++ object of type StatusWorkerSignals has been deleted

During handling of the above exception, another exception occurred:

Traceback (most recent call last):
  File "C:\Python314\Lib\concurrent\futures\_base.py", line 334, in _invoke_callbacks
    callback(self)
    ~~~~~~~~^^^^^^
  File "c:\Users\AMD\Documents\Git\Unreal-Git-Client\ui\repository_tab.py", line 1109, in on_done
    self.status_signals.finished.emit({})
    ^^^^^^^^^^^^^^^^^^^^^^^^^^^^
RuntimeError: wrapped C/C++ object of type StatusWorkerSignals has been deleted
2026-01-08 14:56:18,371 - core.updater - INFO - Checking for updates...
2026-01-08 14:56:18,406 - urllib3.connectionpool - DEBUG - Starting new HTTPS connection (1): api.github.com:443
2026-01-08 14:56:19,051 - urllib3.connectionpool - DEBUG - https://api.github.com:443 "GET /repos/IPeralta-GLSL/Unreal-Git-Client/releases/latest HTTP/1.1" 200 863
2026-01-08 14:56:19,052 - core.updater - INFO - Latest version: 1.2.8, Current version: v1.2.8
2026-01-08 14:59:20,915 - core.updater - INFO - Checking for updates...
2026-01-08 14:59:20,952 - urllib3.connectionpool - DEBUG - Starting new HTTPS connection (1): api.github.com:443
2026-01-08 14:59:21,607 - urllib3.connectionpool - DEBUG - https://api.github.com:443 "GET /repos/IPeralta-GLSL/Unreal-Git-Client/releases/latest HTTP/1.1" 200 863
2026-01-08 14:59:21,607 - core.updater - INFO - Latest version: 1.2.8, Current version: v1.2.8
2026-01-08 15:03:28,218 - core.updater - INFO - Checking for updates...
2026-01-08 15:03:28,255 - urllib3.connectionpool - DEBUG - Starting new HTTPS connection (1): api.github.com:443
2026-01-08 15:03:28,860 - urllib3.connectionpool - DEBUG - https://api.github.com:443 "GET /repos/IPeralta-GLSL/Unreal-Git-Client/releases/latest HTTP/1.1" 200 863
2026-01-08 15:03:28,861 - core.updater - INFO - Latest version: 1.2.8, Current version: v1.2.8
2026-01-08 15:05:02,771 - core.updater - INFO - Checking for updates...
2026-01-08 15:05:02,808 - urllib3.connectionpool - DEBUG - Starting new HTTPS connection (1): api.github.com:443
2026-01-08 15:05:03,468 - urllib3.connectionpool - DEBUG - https://api.github.com:443 "GET /repos/IPeralta-GLSL/Unreal-Git-Client/releases/latest HTTP/1.1" 200 863
2026-01-08 15:05:03,469 - core.updater - INFO - Latest version: 1.2.8, Current version: v1.2.8
2026-01-08 15:09:25,336 - core.updater - INFO - Checking for updates...
2026-01-08 15:09:25,372 - urllib3.connectionpool - DEBUG - Starting new HTTPS connection (1): api.github.com:443
2026-01-08 15:09:25,976 - urllib3.connectionpool - DEBUG - https://api.github.com:443 "GET /repos/IPeralta-GLSL/Unreal-Git-Client/releases/latest HTTP/1.1" 200 863
2026-01-08 15:09:25,977 - core.updater - INFO - Latest version: 1.2.8, Current version: v1.2.8
2026-01-08 15:12:06,336 - core.updater - INFO - Checking for updates...
2026-01-08 15:12:06,367 - urllib3.connectionpool - DEBUG - Starting new HTTPS connection (1): api.github.com:443
2026-01-08 15:12:06,992 - urllib3.connectionpool - DEBUG - https://api.github.com:443 "GET /repos/IPeralta-GLSL/Unreal-Git-Client/releases/latest HTTP/1.1" 200 863
2026-01-08 15:12:06,992 - core.updater - INFO - Latest version: 1.2.8, Current version: v1.2.8
2026-01-08 15:12:34,192 - concurrent.futures - ERROR - exception calling callback for <Future at 0x22c5ca23cd0 state=finished returned dict>
Traceback (most recent call last):
  File "c:\Users\AMD\Documents\Git\Unreal-Git-Client\ui\repository_tab.py", line 1108, in on_done
    self.status_signals.finished.emit(summary)
    ^^^^^^^^^^^^^^^^^^^^^^^^^^^^
RuntimeError: wrapped C/C++ object of type StatusWorkerSignals has been deleted

During handling of the above exception, another exception occurred:

Traceback (most recent call last):
  File "C:\Python314\Lib\concurrent\futures\_base.py", line 334, in _invoke_callbacks
    callback(self)
    ~~~~~~~~^^^^^^
  File "c:\Users\AMD\Documents\Git\Unreal-Git-Client\ui\repository_tab.py", line 1111, in on_done
    self.status_signals.finished.emit({})
    ^^^^^^^^^^^^^^^^^^^^^^^^^^^^
RuntimeError: wrapped C/C++ object of type StatusWorkerSignals has been deleted
2026-01-08 15:13:54,269 - core.updater - INFO - Checking for updates...
2026-01-08 15:13:54,302 - urllib3.connectionpool - DEBUG - Starting new HTTPS connection (1): api.github.com:443
2026-01-08 15:13:54,944 - urllib3.connectionpool - DEBUG - https://api.github.com:443 "GET /repos/IPeralta-GLSL/Unreal-Git-Client/releases/latest HTTP/1.1" 200 863
2026-01-08 15:13:54,945 - core.updater - INFO - Latest version: 1.2.8, Current version: v1.2.8
2026-01-08 15:40:00,882 - core.updater - INFO - Checking for updates...
2026-01-08 15:40:00,920 - urllib3.connectionpool - DEBUG - Starting new HTTPS connection (1): api.github.com:443
2026-01-08 15:40:01,491 - urllib3.connectionpool - DEBUG - https://api.github.com:443 "GET /repos/IPeralta-GLSL/Unreal-Git-Client/releases/latest HTTP/1.1" 200 863
2026-01-08 15:40:01,491 - core.updater - INFO - Latest version: 1.2.8, Current version: v1.2.8
2026-01-08 15:40:25,986 - concurrent.futures - ERROR - exception calling callback for <Future at 0x1bb490856d0 state=finished returned dict>
Traceback (most recent call last):
  File "c:\Users\AMD\Documents\Git\Unreal-Git-Client\ui\repository_tab.py", line 1111, in on_done
    self.status_signals.finished.emit(summary)
    ^^^^^^^^^^^^^^^^^^^^^^^^^^^^
RuntimeError: wrapped C/C++ object of type StatusWorkerSignals has been deleted

During handling of the above exception, another exception occurred:

Traceback (most recent call last):
  File "C:\Python314\Lib\concurrent\futures\_base.py", line 334, in _invoke_callbacks
    callback(self)
    ~~~~~~~~^^^^^^
  File "c:\Users\AMD\Documents\Git\Unreal-Git-Client\ui\repository_tab.py", line 1114, in on_done
    self.status_signals.finished.emit({})
    ^^^^^^^^^^^^^^^^^^^^^^^^^^^^
RuntimeError: wrapped C/C++ object of type StatusWorkerSignals has been deleted
2026-01-08 15:44:52,235 - core.updater - INFO - Checking for updates...
2026-01-08 15:44:52,281 - urllib3.connectionpool - DEBUG - Starting new HTTPS connection (1): api.github.com:443
2026-01-08 15:44:52,893 - urllib3.connectionpool - DEBUG - https://api.github.com:443 "GET /repos/IPeralta-GLSL/Unreal-Git-Client/releases/latest HTTP/1.1" 200 863
2026-01-08 15:44:52,893 - core.updater - INFO - Latest version: 1.2.8, Current version: v1.2.8
2026-01-08 15:45:10,493 - concurrent.futures - ERROR - exception calling callback for <Future at 0x1c0546724e0 state=finished returned dict>
Traceback (most recent call last):
  File "c:\Users\AMD\Documents\Git\Unreal-Git-Client\ui\repository_tab.py", line 1111, in on_done
    self.status_signals.finished.emit(summary)
    ^^^^^^^^^^^^^^^^^^^^^^^^^^^^
RuntimeError: wrapped C/C++ object of type StatusWorkerSignals has been deleted

During handling of the above exception, another exception occurred:

Traceback (most recent call last):
  File "C:\Python314\Lib\concurrent\futures\_base.py", line 334, in _invoke_callbacks
    callback(self)
    ~~~~~~~~^^^^^^
  File "c:\Users\AMD\Documents\Git\Unreal-Git-Client\ui\repository_tab.py", line 1114, in on_done
    self.status_signals.finished.emit({})
    ^^^^^^^^^^^^^^^^^^^^^^^^^^^^
RuntimeError: wrapped C/C++ object of type StatusWorkerSignals has been deleted
2026-01-08 15:45:11,703 - concurrent.futures - ERROR - exception calling callback for <Future at 0x22859e37f50 state=finished returned dict>
Traceback (most recent call last):
  File "c:\Users\AMD\Documents\Git\Unreal-Git-Client\ui\repository_tab.py", line 1109, in on_done
    summary = future.result()
RuntimeError: wrapped C/C++ object of type StatusWorkerSignals has been deleted

During handling of the above exception, another exception occurred:

Traceback (most recent call last):
  File "C:\Python314\Lib\concurrent\futures\_base.py", line 334, in _invoke_callbacks
    callback(self)
    ~~~~~~~~^^^^^^
  File "c:\Users\AMD\Documents\Git\Unreal-Git-Client\ui\repository_tab.py", line 1112, in on_done
    except Exception as e:
        ^^^^^^^^^^^^^^^^^^
RuntimeError: wrapped C/C++ object of type StatusWorkerSignals has been deleted
2026-01-08 15:45:18,724 - core.updater - INFO - Checking for updates...
2026-01-08 15:45:18,755 - urllib3.connectionpool - DEBUG - Starting new HTTPS connection (1): api.github.com:443
2026-01-08 15:45:19,336 - urllib3.connectionpool - DEBUG - https://api.github.com:443 "GET /repos/IPeralta-GLSL/Unreal-Git-Client/releases/latest HTTP/1.1" 200 863
2026-01-08 15:45:19,337 - core.updater - INFO - Latest version: 1.2.8, Current version: v1.2.8
2026-01-08 15:55:38,477 - core.updater - INFO - Checking for updates...
2026-01-08 15:55:38,516 - urllib3.connectionpool - DEBUG - Starting new HTTPS connection (1): api.github.com:443
2026-01-08 15:55:39,132 - urllib3.connectionpool - DEBUG - https://api.github.com:443 "GET /repos/IPeralta-GLSL/Unreal-Git-Client/releases/latest HTTP/1.1" 200 None
2026-01-08 15:55:39,133 - core.updater - INFO - Latest version: 1.2.8, Current version: v1.2.8
2026-01-08 15:56:00,574 - concurrent.futures - ERROR - exception calling callback for <Future at 0x204357a5a90 state=finished returned dict>
Traceback (most recent call last):
  File "c:\Users\AMD\Documents\Git\Unreal-Git-Client\ui\repository_tab.py", line 1111, in on_done
    self.status_signals.finished.emit(summary)
    ^^^^^^^^^^^^^^^^^^^^^^^^^^^^
RuntimeError: wrapped C/C++ object of type StatusWorkerSignals has been deleted

During handling of the above exception, another exception occurred:

Traceback (most recent call last):
  File "C:\Python314\Lib\concurrent\futures\_base.py", line 334, in _invoke_callbacks
    callback(self)
    ~~~~~~~~^^^^^^
  File "c:\Users\AMD\Documents\Git\Unreal-Git-Client\ui\repository_tab.py", line 1114, in on_done
    self.status_signals.finished.emit({})
    ^^^^^^^^^^^^^^^^^^^^^^^^^^^^
RuntimeError: wrapped C/C++ object of type StatusWorkerSignals has been deleted
2026-01-08 15:57:00,770 - core.updater - INFO - Checking for updates...
2026-01-08 15:57:00,810 - urllib3.connectionpool - DEBUG - Starting new HTTPS connection (1): api.github.com:443
2026-01-08 15:57:01,436 - urllib3.connectionpool - DEBUG - https://api.github.com:443 "GET /repos/IPeralta-GLSL/Unreal-Git-Client/releases/latest HTTP/1.1" 200 863
2026-01-08 15:57:01,437 - core.updater - INFO - Latest version: 1.2.8, Current version: v1.2.8
2026-01-08 15:57:23,928 - concurrent.futures - ERROR - exception calling callback for <Future at 0x220ff6b5850 state=finished returned dict>
Traceback (most recent call last):
  File "c:\Users\AMD\Documents\Git\Unreal-Git-Client\ui\repository_tab.py", line 1111, in on_done
    self.status_signals.finished.emit(summary)
    ^^^^^^^^^^^^^^^^^^^^^^^^^^^^
RuntimeError: wrapped C/C++ object of type StatusWorkerSignals has been deleted

During handling of the above exception, another exception occurred:

Traceback (most recent call last):
  File "C:\Python314\Lib\concurrent\futures\_base.py", line 334, in _invoke_callbacks
    callback(self)
    ~~~~~~~~^^^^^^
  File "c:\Users\AMD\Documents\Git\Unreal-Git-Client\ui\repository_tab.py", line 1114, in on_done
    self.status_signals.finished.emit({})
    ^^^^^^^^^^^^^^^^^^^^^^^^^^^^
RuntimeError: wrapped C/C++ object of type StatusWorkerSignals has been deleted
2026-01-08 15:59:51,365 - core.updater - INFO - Checking for updates...
2026-01-08 15:59:51,405 - urllib3.connectionpool - DEBUG - Starting new HTTPS connection (1): api.github.com:443
2026-01-08 15:59:52,022 - urllib3.connectionpool - DEBUG - https://api.github.com:443 "GET /repos/IPeralta-GLSL/Unreal-Git-Client/releases/latest HTTP/1.1" 200 863
2026-01-08 15:59:52,023 - core.updater - INFO - Latest version: 1.2.8, Current version: v1.2.8
2026-01-08 17:23:29,291 - core.updater - INFO - Checking for updates...
2026-01-08 17:23:29,321 - urllib3.connectionpool - DEBUG - Starting new HTTPS connection (1): api.github.com:443
2026-01-08 17:23:29,943 - urllib3.connectionpool - DEBUG - https://api.github.com:443 "GET /repos/IPeralta-GLSL/Unreal-Git-Client/releases/latest HTTP/1.1" 200 863
2026-01-08 17:23:29,943 - core.updater - INFO - Latest version: 1.2.8, Current version: v1.2.8
2026-01-08 17:24:24,595 - core.updater - INFO - Checking for updates...
2026-01-08 17:24:24,635 - urllib3.connectionpool - DEBUG - Starting new HTTPS connection (1): api.github.com:443
2026-01-08 17:24:25,272 - urllib3.connectionpool - DEBUG - https://api.github.com:443 "GET /repos/IPeralta-GLSL/Unreal-Git-Client/releases/latest HTTP/1.1" 200 863
2026-01-08 17:24:25,273 - core.updater - INFO - Latest version: 1.2.8, Current version: v1.2.8
2026-01-08 17:31:07,893 - concurrent.futures - ERROR - exception calling callback for <Future at 0x2591eada210 state=finished returned dict>
Traceback (most recent call last):
  File "c:\Users\AMD\Documents\Git\Unreal-Git-Client\ui\repository_tab.py", line 1111, in on_done
    self.status_signals.finished.emit(summary)
    ^^^^^^^^^^^^^^^^^^^^^^^^^^^^
RuntimeError: wrapped C/C++ object of type StatusWorkerSignals has been deleted

During handling of the above exception, another exception occurred:

Traceback (most recent call last):
  File "C:\Python314\Lib\concurrent\futures\_base.py", line 334, in _invoke_callbacks
    callback(self)
    ~~~~~~~~^^^^^^
  File "c:\Users\AMD\Documents\Git\Unreal-Git-Client\ui\repository_tab.py", line 1114, in on_done
    self.status_signals.finished.emit({})
    ^^^^^^^^^^^^^^^^^^^^^^^^^^^^
RuntimeError: wrapped C/C++ object of type StatusWorkerSignals has been deleted
2026-01-09 09:59:46,712 - core.updater - INFO - Checking for updates...
2026-01-09 09:59:46,746 - urllib3.connectionpool - DEBUG - Starting new HTTPS connection (1): api.github.com:443
2026-01-09 09:59:47,386 - urllib3.connectionpool - DEBUG - https://api.github.com:443 "GET /repos/IPeralta-GLSL/Unreal-Git-Client/releases/latest HTTP/1.1" 200 863
2026-01-09 09:59:47,388 - core.updater - INFO - Latest version: 1.2.8, Current version: v1.2.8
2026-01-09 10:01:10,761 - concurrent.futures - ERROR - exception calling callback for <Future at 0x1d03b2907d0 state=finished returned dict>
Traceback (most recent call last):
  File "c:\Users\AMD\Documents\Git\Unreal-Git-Client\ui\repository_tab.py", line 1238, in on_done
    self.status_signals.finished.emit(summary)
    ^^^^^^^^^^^^^^^^^^^^^^^^^^^^
RuntimeError: wrapped C/C++ object of type StatusWorkerSignals has been deleted

During handling of the above exception, another exception occurred:

Traceback (most recent call last):
  File "C:\Python314\Lib\concurrent\futures\_base.py", line 334, in _invoke_callbacks
    callback(self)
    ~~~~~~~~^^^^^^
  File "c:\Users\AMD\Documents\Git\Unreal-Git-Client\ui\repository_tab.py", line 1241, in on_done
    self.status_signals.finished.emit({})
    ^^^^^^^^^^^^^^^^^^^^^^^^^^^^
RuntimeError: wrapped C/C++ object of type StatusWorkerSignals has been deleted
2026-01-09 10:02:35,173 - core.updater - INFO - Checking for updates...
2026-01-09 10:02:35,204 - urllib3.connectionpool - DEBUG - Starting new HTTPS connection (1): api.github.com:443
2026-01-09 10:02:35,817 - urllib3.connectionpool - DEBUG - https://api.github.com:443 "GET /repos/IPeralta-GLSL/Unreal-Git-Client/releases/latest HTTP/1.1" 200 863
2026-01-09 10:02:35,817 - core.updater - INFO - Latest version: 1.2.8, Current version: v1.2.8
2026-01-09 10:06:39,873 - core.updater - INFO - Checking for updates...
2026-01-09 10:06:39,904 - urllib3.connectionpool - DEBUG - Starting new HTTPS connection (1): api.github.com:443
2026-01-09 10:06:40,515 - urllib3.connectionpool - DEBUG - https://api.github.com:443 "GET /repos/IPeralta-GLSL/Unreal-Git-Client/releases/latest HTTP/1.1" 200 863
2026-01-09 10:06:40,516 - core.updater - INFO - Latest version: 1.2.8, Current version: v1.2.8
2026-01-13 17:47:48,468 - core.updater - INFO - Checking for updates...
2026-01-13 17:47:48,505 - urllib3.connectionpool - DEBUG - Starting new HTTPS connection (1): api.github.com:443
2026-01-13 17:47:49,178 - urllib3.connectionpool - DEBUG - https://api.github.com:443 "GET /repos/IPeralta-GLSL/Unreal-Git-Client/releases/latest HTTP/1.1" 200 863
2026-01-13 17:47:49,179 - core.updater - INFO - Latest version: 1.2.8, Current version: v1.2.8
2026-01-20 14:38:17,258 - core.updater - INFO - Checking for updates...
2026-01-20 14:38:17,291 - urllib3.connectionpool - DEBUG - Starting new HTTPS connection (1): api.github.com:443
2026-01-20 14:38:17,921 - urllib3.connectionpool - DEBUG - https://api.github.com:443 "GET /repos/IPeralta-GLSL/Unreal-Git-Client/releases/latest HTTP/1.1" 200 863
2026-01-20 14:38:17,922 - core.updater - INFO - Latest version: 1.2.8, Current version: v1.2.8
2026-01-20 14:59:59,422 - core.updater - INFO - Checking for updates...
2026-01-20 14:59:59,443 - urllib3.connectionpool - DEBUG - Starting new HTTPS connection (1): api.github.com:443
2026-01-20 15:00:00,020 - urllib3.connectionpool - DEBUG - https://api.github.com:443 "GET /repos/IPeralta-GLSL/Unreal-Git-Client/releases/latest HTTP/1.1" 200 863
2026-01-20 15:00:00,021 - core.updater - INFO - Latest version: 1.2.8, Current version: v1.2.8
2026-01-20 15:01:05,886 - core.updater - INFO - Checking for updates...
2026-01-20 15:01:05,914 - urllib3.connectionpool - DEBUG - Starting new HTTPS connection (1): api.github.com:443
2026-01-20 15:01:06,500 - urllib3.connectionpool - DEBUG - https://api.github.com:443 "GET /repos/IPeralta-GLSL/Unreal-Git-Client/releases/latest HTTP/1.1" 200 863
2026-01-20 15:01:06,501 - core.updater - INFO - Latest version: 1.2.8, Current version: v1.2.8
2026-01-20 15:10:06,863 - core.updater - INFO - Checking for updates...
2026-01-20 15:10:06,882 - urllib3.connectionpool - DEBUG - Starting new HTTPS connection (1): api.github.com:443
2026-01-20 15:10:07,459 - urllib3.connectionpool - DEBUG - https://api.github.com:443 "GET /repos/IPeralta-GLSL/Unreal-Git-Client/releases/latest HTTP/1.1" 200 863
2026-01-20 15:10:07,460 - core.updater - INFO - Latest version: 1.2.8, Current version: v1.2.8
2026-01-20 15:11:35,551 - concurrent.futures - ERROR - exception calling callback for <Future at 0x1d25c4ea0a0 state=finished returned dict>
Traceback (most recent call last):
  File "c:\Users\AMD\Documents\Git\Unreal-Git-Client\ui\repository_tab.py", line 1258, in on_done
    self.status_signals.finished.emit(summary)
    ^^^^^^^^^^^^^^^^^^^^^^^^^^^^
RuntimeError: wrapped C/C++ object of type StatusWorkerSignals has been deleted

During handling of the above exception, another exception occurred:

Traceback (most recent call last):
  File "C:\Python314\Lib\concurrent\futures\_base.py", line 334, in _invoke_callbacks
    callback(self)
    ~~~~~~~~^^^^^^
  File "c:\Users\AMD\Documents\Git\Unreal-Git-Client\ui\repository_tab.py", line 1261, in on_done
    self.status_signals.finished.emit({})
    ^^^^^^^^^^^^^^^^^^^^^^^^^^^^
RuntimeError: wrapped C/C++ object of type StatusWorkerSignals has been deleted
2026-01-21 09:48:13,314 - core.updater - INFO - Checking for updates...
2026-01-21 09:48:13,345 - urllib3.connectionpool - DEBUG - Starting new HTTPS connection (1): api.github.com:443
2026-01-21 09:48:13,750 - urllib3.connectionpool - DEBUG - https://api.github.com:443 "GET /repos/IPeralta-GLSL/Unreal-Git-Client/releases/latest HTTP/1.1" 200 863
2026-01-21 09:48:13,751 - core.updater - INFO - Latest version: 1.2.8, Current version: v1.2.8
2026-01-21 10:47:01,282 - core.updater - INFO - Checking for updates...
2026-01-21 10:47:01,319 - urllib3.connectionpool - DEBUG - Starting new HTTPS connection (1): api.github.com:443
2026-01-21 10:47:01,926 - urllib3.connectionpool - DEBUG - https://api.github.com:443 "GET /repos/IPeralta-GLSL/Unreal-Git-Client/releases/latest HTTP/1.1" 200 863
2026-01-21 10:47:01,927 - core.updater - INFO - Latest version: 1.2.8, Current version: v1.2.8
2026-01-21 10:56:40,242 - core.updater - INFO - Checking for updates...
2026-01-21 10:56:40,265 - urllib3.connectionpool - DEBUG - Starting new HTTPS connection (1): api.github.com:443
2026-01-21 10:56:40,871 - urllib3.connectionpool - DEBUG - https://api.github.com:443 "GET /repos/IPeralta-GLSL/Unreal-Git-Client/releases/latest HTTP/1.1" 200 863
2026-01-21 10:56:40,872 - core.updater - INFO - Latest version: 1.2.8, Current version: v1.2.8
2026-01-21 11:04:00,548 - core.updater - INFO - Checking for updates...
2026-01-21 11:04:00,573 - urllib3.connectionpool - DEBUG - Starting new HTTPS connection (1): api.github.com:443
2026-01-21 11:04:01,188 - urllib3.connectionpool - DEBUG - https://api.github.com:443 "GET /repos/IPeralta-GLSL/Unreal-Git-Client/releases/latest HTTP/1.1" 200 863
2026-01-21 11:04:01,189 - core.updater - INFO - Latest version: 1.2.8, Current version: v1.2.8
2026-01-21 11:12:59,185 - core.updater - INFO - Checking for updates...
2026-01-21 11:12:59,216 - urllib3.connectionpool - DEBUG - Starting new HTTPS connection (1): api.github.com:443
2026-01-21 11:12:59,858 - urllib3.connectionpool - DEBUG - https://api.github.com:443 "GET /repos/IPeralta-GLSL/Unreal-Git-Client/releases/latest HTTP/1.1" 200 863
2026-01-21 11:12:59,858 - core.updater - INFO - Latest version: 1.2.8, Current version: v1.2.8
2026-01-21 11:25:56,506 - core.updater - INFO - Checking for updates...
2026-01-21 11:25:56,538 - urllib3.connectionpool - DEBUG - Starting new HTTPS connection (1): api.github.com:443
2026-01-21 11:25:57,128 - urllib3.connectionpool - DEBUG - https://api.github.com:443 "GET /repos/IPeralta-GLSL/Unreal-Git-Client/releases/latest HTTP/1.1" 200 863
2026-01-21 11:25:57,129 - core.updater - INFO - Latest version: 1.2.8, Current version: v1.2.8
2026-01-21 11:26:20,397 - concurrent.futures - ERROR - exception calling callback for <Future at 0x24151f89b20 state=finished returned dict>
Traceback (most recent call last):
  File "c:\Users\AMD\Documents\Git\Unreal-Git-Client\ui\repository_tab.py", line 1601, in on_done
    self.status_signals.finished.emit(summary)
    ^^^^^^^^^^^^^^^^^^^^^^^^^^^^
RuntimeError: wrapped C/C++ object of type StatusWorkerSignals has been deleted

During handling of the above exception, another exception occurred:

Traceback (most recent call last):
  File "C:\Python314\Lib\concurrent\futures\_base.py", line 334, in _invoke_callbacks
    callback(self)
    ~~~~~~~~^^^^^^
  File "c:\Users\AMD\Documents\Git\Unreal-Git-Client\ui\repository_tab.py", line 1604, in on_done
    self.status_signals.finished.emit({})
    ^^^^^^^^^^^^^^^^^^^^^^^^^^^^
RuntimeError: wrapped C/C++ object of type StatusWorkerSignals has been deleted
2026-01-21 11:26:25,733 - core.updater - INFO - Checking for updates...
2026-01-21 11:26:25,765 - urllib3.connectionpool - DEBUG - Starting new HTTPS connection (1): api.github.com:443
2026-01-21 11:26:26,370 - urllib3.connectionpool - DEBUG - https://api.github.com:443 "GET /repos/IPeralta-GLSL/Unreal-Git-Client/releases/latest HTTP/1.1" 200 863
2026-01-21 11:26:26,372 - core.updater - INFO - Latest version: 1.2.8, Current version: v1.2.8
2026-01-21 11:39:16,768 - __main__ - CRITICAL - FATAL ERROR: 'RepositoryTab' object has no attribute 'on_file_selected'
2026-01-21 11:39:16,771 - __main__ - CRITICAL - Traceback (most recent call last):
  File "C:\Users\AMD\Documents\Git\Unreal-Git-Client\main.py", line 50, in main
    window = MainWindow(plugin_manager=plugin_manager)
  File "C:\Users\AMD\Documents\Git\Unreal-Git-Client\ui\main_window.py", line 67, in __init__
    self.init_ui()
    ~~~~~~~~~~~~^^
  File "C:\Users\AMD\Documents\Git\Unreal-Git-Client\ui\main_window.py", line 82, in init_ui
    self.setup_central_widget()
    ~~~~~~~~~~~~~~~~~~~~~~~~~^^
  File "C:\Users\AMD\Documents\Git\Unreal-Git-Client\ui\main_window.py", line 179, in setup_central_widget
    self.add_empty_tab()
    ~~~~~~~~~~~~~~~~~~^^
  File "C:\Users\AMD\Documents\Git\Unreal-Git-Client\ui\main_window.py", line 350, in add_empty_tab
    repo_tab = RepositoryTab(GitManager(), self.settings_manager, parent_window=self, plugin_manager=self.plugin_manager)
  File "C:\Users\AMD\Documents\Git\Unreal-Git-Client\ui\repository_tab.py", line 365, in __init__
    self.init_ui()
    ~~~~~~~~~~~~^^
  File "C:\Users\AMD\Documents\Git\Unreal-Git-Client\ui\repository_tab.py", line 416, in init_ui
    left_panel = self.create_left_panel()
  File "C:\Users\AMD\Documents\Git\Unreal-Git-Client\ui\repository_tab.py", line 1018, in create_left_panel
    self.changes_list.itemClicked.connect(self.on_file_selected)
                                          ^^^^^^^^^^^^^^^^^^^^^
AttributeError: 'RepositoryTab' object has no attribute 'on_file_selected'. Did you mean: 'unstage_selected'?

2026-01-21 11:40:50,723 - core.updater - INFO - Checking for updates...
2026-01-21 11:40:50,747 - urllib3.connectionpool - DEBUG - Starting new HTTPS connection (1): api.github.com:443
2026-01-21 11:40:51,343 - urllib3.connectionpool - DEBUG - https://api.github.com:443 "GET /repos/IPeralta-GLSL/Unreal-Git-Client/releases/latest HTTP/1.1" 200 863
2026-01-21 11:40:51,343 - core.updater - INFO - Latest version: 1.2.8, Current version: v1.2.8
2026-01-21 12:52:56,650 - core.updater - INFO - Checking for updates...
2026-01-21 12:52:56,680 - urllib3.connectionpool - DEBUG - Starting new HTTPS connection (1): api.github.com:443
2026-01-21 12:52:57,261 - urllib3.connectionpool - DEBUG - https://api.github.com:443 "GET /repos/IPeralta-GLSL/Unreal-Git-Client/releases/latest HTTP/1.1" 200 863
2026-01-21 12:52:57,262 - core.updater - INFO - Latest version: 1.2.8, Current version: v1.2.8
2026-01-21 12:53:41,692 - core.updater - INFO - Checking for updates...
2026-01-21 12:53:41,725 - urllib3.connectionpool - DEBUG - Starting new HTTPS connection (1): api.github.com:443
2026-01-21 12:53:42,376 - urllib3.connectionpool - DEBUG - https://api.github.com:443 "GET /repos/IPeralta-GLSL/Unreal-Git-Client/releases/latest HTTP/1.1" 200 863
2026-01-21 12:53:42,377 - core.updater - INFO - Latest version: 1.2.8, Current version: v1.2.8
2026-01-21 12:54:47,128 - core.updater - INFO - Checking for updates...
2026-01-21 12:54:47,161 - urllib3.connectionpool - DEBUG - Starting new HTTPS connection (1): api.github.com:443
2026-01-21 12:54:47,787 - urllib3.connectionpool - DEBUG - https://api.github.com:443 "GET /repos/IPeralta-GLSL/Unreal-Git-Client/releases/latest HTTP/1.1" 200 863
2026-01-21 12:54:47,788 - core.updater - INFO - Latest version: 1.2.8, Current version: v1.2.8
2026-01-21 12:56:27,957 - concurrent.futures - ERROR - exception calling callback for <Future at 0x1b935ec0d60 state=finished returned dict>
Traceback (most recent call last):
  File "C:\Users\AMD\Documents\Git\Unreal-Git-Client\ui\repository_tab.py", line 1530, in on_done
    self.status_signals.finished.emit(summary)
    ^^^^^^^^^^^^^^^^^^^^^^^^^^^^
RuntimeError: wrapped C/C++ object of type StatusWorkerSignals has been deleted

During handling of the above exception, another exception occurred:

Traceback (most recent call last):
  File "C:\Python314\Lib\concurrent\futures\_base.py", line 334, in _invoke_callbacks
    callback(self)
    ~~~~~~~~^^^^^^
  File "C:\Users\AMD\Documents\Git\Unreal-Git-Client\ui\repository_tab.py", line 1533, in on_done
    self.status_signals.finished.emit({})
    ^^^^^^^^^^^^^^^^^^^^^^^^^^^^
RuntimeError: wrapped C/C++ object of type StatusWorkerSignals has been deleted
2026-01-21 13:01:21,180 - core.updater - INFO - Checking for updates...
2026-01-21 13:01:21,217 - urllib3.connectionpool - DEBUG - Starting new HTTPS connection (1): api.github.com:443
2026-01-21 13:01:21,806 - urllib3.connectionpool - DEBUG - https://api.github.com:443 "GET /repos/IPeralta-GLSL/Unreal-Git-Client/releases/latest HTTP/1.1" 200 863
2026-01-21 13:01:21,807 - core.updater - INFO - Latest version: 1.2.8, Current version: v1.2.8
2026-01-21 13:02:24,516 - core.updater - INFO - Checking for updates...
2026-01-21 13:02:24,552 - urllib3.connectionpool - DEBUG - Starting new HTTPS connection (1): api.github.com:443
2026-01-21 13:02:25,187 - urllib3.connectionpool - DEBUG - https://api.github.com:443 "GET /repos/IPeralta-GLSL/Unreal-Git-Client/releases/latest HTTP/1.1" 200 863
2026-01-21 13:02:25,188 - core.updater - INFO - Latest version: 1.2.8, Current version: v1.2.8
2026-01-21 13:05:29,615 - core.updater - INFO - Checking for updates...
2026-01-21 13:05:29,647 - urllib3.connectionpool - DEBUG - Starting new HTTPS connection (1): api.github.com:443
2026-01-21 13:05:30,264 - urllib3.connectionpool - DEBUG - https://api.github.com:443 "GET /repos/IPeralta-GLSL/Unreal-Git-Client/releases/latest HTTP/1.1" 200 863
2026-01-21 13:05:30,265 - core.updater - INFO - Latest version: 1.2.8, Current version: v1.2.8
2026-01-21 13:11:53,304 - core.updater - INFO - Checking for updates...
2026-01-21 13:11:53,329 - urllib3.connectionpool - DEBUG - Starting new HTTPS connection (1): api.github.com:443
2026-01-21 13:11:53,993 - urllib3.connectionpool - DEBUG - https://api.github.com:443 "GET /repos/IPeralta-GLSL/Unreal-Git-Client/releases/latest HTTP/1.1" 200 863
2026-01-21 13:11:53,994 - core.updater - INFO - Latest version: 1.2.8, Current version: v1.2.8
2026-01-21 13:12:54,017 - core.updater - INFO - Checking for updates...
2026-01-21 13:12:54,051 - urllib3.connectionpool - DEBUG - Starting new HTTPS connection (1): api.github.com:443
2026-01-21 13:12:54,671 - urllib3.connectionpool - DEBUG - https://api.github.com:443 "GET /repos/IPeralta-GLSL/Unreal-Git-Client/releases/latest HTTP/1.1" 200 863
2026-01-21 13:12:54,672 - core.updater - INFO - Latest version: 1.2.8, Current version: v1.2.8
2026-01-21 13:14:05,141 - core.updater - INFO - Checking for updates...
2026-01-21 13:14:05,178 - urllib3.connectionpool - DEBUG - Starting new HTTPS connection (1): api.github.com:443
2026-01-21 13:14:05,812 - urllib3.connectionpool - DEBUG - https://api.github.com:443 "GET /repos/IPeralta-GLSL/Unreal-Git-Client/releases/latest HTTP/1.1" 200 863
2026-01-21 13:14:05,813 - core.updater - INFO - Latest version: 1.2.8, Current version: v1.2.8
2026-01-21 13:14:37,033 - concurrent.futures - ERROR - exception calling callback for <Future at 0x1c3e8b398d0 state=finished returned dict>
Traceback (most recent call last):
  File "c:\Users\AMD\Documents\Git\Unreal-Git-Client\ui\repository_tab.py", line 1743, in on_done
    self.status_future.add_done_callback(on_done)
            ^^^^^^^^^^^^^^^^^^^^^^^^^^^^
RuntimeError: wrapped C/C++ object of type StatusWorkerSignals has been deleted

During handling of the above exception, another exception occurred:

Traceback (most recent call last):
  File "C:\Python314\Lib\concurrent\futures\_base.py", line 334, in _invoke_callbacks
    callback(self)
    ~~~~~~~~^^^^^^
  File "c:\Users\AMD\Documents\Git\Unreal-Git-Client\ui\repository_tab.py", line 1746, in on_done
    def _auto_refresh_tick(self):
                ^^^^^^^^^^^^^^^^^
RuntimeError: wrapped C/C++ object of type StatusWorkerSignals has been deleted
2026-01-21 13:35:09,178 - core.updater - INFO - Checking for updates...
2026-01-21 13:35:09,201 - urllib3.connectionpool - DEBUG - Starting new HTTPS connection (1): api.github.com:443
2026-01-21 13:35:09,800 - urllib3.connectionpool - DEBUG - https://api.github.com:443 "GET /repos/IPeralta-GLSL/Unreal-Git-Client/releases/latest HTTP/1.1" 200 863
2026-01-21 13:35:09,801 - core.updater - INFO - Latest version: 1.2.8, Current version: v1.2.8
2026-01-21 13:37:50,793 - core.updater - INFO - Checking for updates...
2026-01-21 13:37:50,826 - urllib3.connectionpool - DEBUG - Starting new HTTPS connection (1): api.github.com:443
2026-01-21 13:37:51,500 - urllib3.connectionpool - DEBUG - https://api.github.com:443 "GET /repos/IPeralta-GLSL/Unreal-Git-Client/releases/latest HTTP/1.1" 200 863
2026-01-21 13:37:51,501 - core.updater - INFO - Latest version: 1.2.8, Current version: v1.2.8
2026-01-21 13:39:25,262 - concurrent.futures - ERROR - exception calling callback for <Future at 0x13f52bb67d0 state=finished returned dict>
Traceback (most recent call last):
  File "c:\Users\AMD\Documents\Git\Unreal-Git-Client\ui\repository_tab.py", line 1720, in on_done
    self.status_signals.finished.emit(summary)
    ^^^^^^^^^^^^^^^^^^^^^^^^^^^^
RuntimeError: wrapped C/C++ object of type StatusWorkerSignals has been deleted

During handling of the above exception, another exception occurred:

Traceback (most recent call last):
  File "C:\Python314\Lib\concurrent\futures\_base.py", line 334, in _invoke_callbacks
    callback(self)
    ~~~~~~~~^^^^^^
  File "c:\Users\AMD\Documents\Git\Unreal-Git-Client\ui\repository_tab.py", line 1723, in on_done
    self.status_signals.finished.emit({})
    ^^^^^^^^^^^^^^^^^^^^^^^^^^^^
RuntimeError: wrapped C/C++ object of type StatusWorkerSignals has been deleted
2026-01-21 14:47:13,046 - core.updater - INFO - Checking for updates...
2026-01-21 14:47:13,082 - urllib3.connectionpool - DEBUG - Starting new HTTPS connection (1): api.github.com:443
2026-01-21 14:47:13,749 - urllib3.connectionpool - DEBUG - https://api.github.com:443 "GET /repos/IPeralta-GLSL/Unreal-Git-Client/releases/latest HTTP/1.1" 200 863
2026-01-21 14:47:13,751 - core.updater - INFO - Latest version: 1.2.8, Current version: v1.2.8
2026-01-21 15:14:37,670 - core.updater - INFO - Checking for updates...
2026-01-21 15:14:37,706 - urllib3.connectionpool - DEBUG - Starting new HTTPS connection (1): api.github.com:443
2026-01-21 15:14:38,304 - urllib3.connectionpool - DEBUG - https://api.github.com:443 "GET /repos/IPeralta-GLSL/Unreal-Git-Client/releases/latest HTTP/1.1" 200 863
2026-01-21 15:14:38,304 - core.updater - INFO - Latest version: 1.2.8, Current version: v1.2.8
2026-01-22 12:52:06,448 - core.updater - INFO - Checking for updates...
2026-01-22 12:52:06,600 - urllib3.connectionpool - DEBUG - Starting new HTTPS connection (1): api.github.com:443
2026-01-22 12:52:07,243 - urllib3.connectionpool - DEBUG - https://api.github.com:443 "GET /repos/IPeralta-GLSL/Unreal-Git-Client/releases/latest HTTP/1.1" 200 863
2026-01-22 12:52:07,244 - core.updater - INFO - Latest version: 1.2.8, Current version: v1.2.8
2026-01-22 14:47:06,509 - core.updater - INFO - Checking for updates...
2026-01-22 14:47:06,631 - urllib3.connectionpool - DEBUG - Starting new HTTPS connection (1): api.github.com:443
2026-01-22 14:47:07,248 - urllib3.connectionpool - DEBUG - https://api.github.com:443 "GET /repos/IPeralta-GLSL/Unreal-Git-Client/releases/latest HTTP/1.1" 200 863
2026-01-22 14:47:07,249 - core.updater - INFO - Latest version: 1.2.8, Current version: v1.2.8
2026-01-22 14:57:59,725 - core.updater - INFO - Checking for updates...
2026-01-22 14:57:59,843 - urllib3.connectionpool - DEBUG - Starting new HTTPS connection (1): api.github.com:443
2026-01-22 14:58:00,445 - urllib3.connectionpool - DEBUG - https://api.github.com:443 "GET /repos/IPeralta-GLSL/Unreal-Git-Client/releases/latest HTTP/1.1" 200 863
2026-01-22 14:58:00,446 - core.updater - INFO - Latest version: 1.2.8, Current version: v1.2.8
2026-01-22 16:45:01,421 - core.updater - INFO - Checking for updates...
2026-01-22 16:45:01,538 - urllib3.connectionpool - DEBUG - Starting new HTTPS connection (1): api.github.com:443
2026-01-22 16:45:02,114 - urllib3.connectionpool - DEBUG - https://api.github.com:443 "GET /repos/IPeralta-GLSL/Unreal-Git-Client/releases/latest HTTP/1.1" 200 863
2026-01-22 16:45:02,114 - core.updater - INFO - Latest version: 1.2.8, Current version: v1.2.8
2026-01-22 18:07:43,084 - core.updater - INFO - Checking for updates...
2026-01-22 18:07:43,226 - urllib3.connectionpool - DEBUG - Starting new HTTPS connection (1): api.github.com:443
2026-01-22 18:07:43,789 - urllib3.connectionpool - DEBUG - https://api.github.com:443 "GET /repos/IPeralta-GLSL/Unreal-Git-Client/releases/latest HTTP/1.1" 200 863
2026-01-22 18:07:43,790 - core.updater - INFO - Latest version: 1.2.8, Current version: v0.1.0
2026-01-23 09:33:50,397 - core.updater - INFO - Checking for updates...
2026-01-23 09:33:50,518 - urllib3.connectionpool - DEBUG - Starting new HTTPS connection (1): api.github.com:443
2026-01-23 09:33:51,122 - urllib3.connectionpool - DEBUG - https://api.github.com:443 "GET /repos/IPeralta-GLSL/Unreal-Git-Client/releases/latest HTTP/1.1" 200 863
2026-01-23 09:33:51,123 - core.updater - INFO - Latest version: 1.2.8, Current version: v0.1.0
2026-01-23 09:35:26,825 - concurrent.futures - ERROR - exception calling callback for <Future at 0x240a50995d0 state=finished returned dict>
Traceback (most recent call last):
  File "c:\Users\AMD\Documents\Git\Unreal-Git-Client\ui\repository_tab.py", line 1720, in on_done
    self.status_signals.finished.emit(summary)
    ^^^^^^^^^^^^^^^^^^^^^^^^^^^^
RuntimeError: wrapped C/C++ object of type StatusWorkerSignals has been deleted

During handling of the above exception, another exception occurred:

Traceback (most recent call last):
  File "C:\Python314\Lib\concurrent\futures\_base.py", line 334, in _invoke_callbacks
    callback(self)
    ~~~~~~~~^^^^^^
  File "c:\Users\AMD\Documents\Git\Unreal-Git-Client\ui\repository_tab.py", line 1723, in on_done
    self.status_signals.finished.emit({})
    ^^^^^^^^^^^^^^^^^^^^^^^^^^^^
RuntimeError: wrapped C/C++ object of type StatusWorkerSignals has been deleted
2026-01-23 09:44:26,883 - core.updater - INFO - Checking for updates...
2026-01-23 09:44:27,015 - urllib3.connectionpool - DEBUG - Starting new HTTPS connection (1): api.github.com:443
2026-01-23 09:44:27,703 - urllib3.connectionpool - DEBUG - https://api.github.com:443 "GET /repos/IPeralta-GLSL/Unreal-Git-Client/releases/latest HTTP/1.1" 200 863
2026-01-23 09:44:27,704 - core.updater - INFO - Latest version: 1.2.8, Current version: v0.1.0
2026-01-23 09:48:14,720 - core.updater - INFO - Checking for updates...
2026-01-23 09:48:14,839 - urllib3.connectionpool - DEBUG - Starting new HTTPS connection (1): api.github.com:443
2026-01-23 09:48:15,413 - urllib3.connectionpool - DEBUG - https://api.github.com:443 "GET /repos/IPeralta-GLSL/Unreal-Git-Client/releases/latest HTTP/1.1" 200 863
2026-01-23 09:48:15,413 - core.updater - INFO - Latest version: 1.2.8, Current version: v0.1.0
2026-01-23 09:52:59,784 - core.updater - INFO - Checking for updates...
2026-01-23 09:52:59,927 - urllib3.connectionpool - DEBUG - Starting new HTTPS connection (1): api.github.com:443
2026-01-23 09:53:00,516 - urllib3.connectionpool - DEBUG - https://api.github.com:443 "GET /repos/IPeralta-GLSL/Unreal-Git-Client/releases/latest HTTP/1.1" 200 863
2026-01-23 09:53:00,517 - core.updater - INFO - Latest version: 1.2.8, Current version: v0.1.0
2026-01-23 09:55:28,797 - core.updater - INFO - Checking for updates...
2026-01-23 09:55:28,918 - urllib3.connectionpool - DEBUG - Starting new HTTPS connection (1): api.github.com:443
2026-01-23 09:55:29,476 - urllib3.connectionpool - DEBUG - https://api.github.com:443 "GET /repos/IPeralta-GLSL/Unreal-Git-Client/releases/latest HTTP/1.1" 200 863
2026-01-23 09:55:29,477 - core.updater - INFO - Latest version: 1.2.8, Current version: v0.1.0
2026-01-23 10:03:50,957 - core.updater - INFO - Checking for updates...
2026-01-23 10:03:51,084 - urllib3.connectionpool - DEBUG - Starting new HTTPS connection (1): api.github.com:443
2026-01-23 10:03:51,635 - urllib3.connectionpool - DEBUG - https://api.github.com:443 "GET /repos/IPeralta-GLSL/Unreal-Git-Client/releases/latest HTTP/1.1" 200 863
2026-01-23 10:03:51,636 - core.updater - INFO - Latest version: 1.2.8, Current version: v0.1.0
2026-01-23 10:04:55,061 - core.updater - INFO - Checking for updates...
2026-01-23 10:04:55,176 - urllib3.connectionpool - DEBUG - Starting new HTTPS connection (1): api.github.com:443
2026-01-23 10:04:55,776 - urllib3.connectionpool - DEBUG - https://api.github.com:443 "GET /repos/IPeralta-GLSL/Unreal-Git-Client/releases/latest HTTP/1.1" 200 863
2026-01-23 10:04:55,777 - core.updater - INFO - Latest version: 1.2.8, Current version: v0.1.0
2026-01-23 10:30:30,612 - core.updater - INFO - Checking for updates...
2026-01-23 10:30:30,736 - urllib3.connectionpool - DEBUG - Starting new HTTPS connection (1): api.github.com:443
2026-01-23 10:30:31,362 - urllib3.connectionpool - DEBUG - https://api.github.com:443 "GET /repos/IPeralta-GLSL/Unreal-Git-Client/releases/latest HTTP/1.1" 404 125
2026-01-23 10:30:31,363 - core.updater - ERROR - Error checking for updates: 404 Client Error: Not Found for url: https://api.github.com/repos/IPeralta-GLSL/Unreal-Git-Client/releases/latest
2026-01-23 10:31:41,597 - core.updater - INFO - Checking for updates...
2026-01-23 10:31:41,716 - urllib3.connectionpool - DEBUG - Starting new HTTPS connection (1): api.github.com:443
2026-01-23 10:31:42,292 - urllib3.connectionpool - DEBUG - https://api.github.com:443 "GET /repos/IPeralta-GLSL/Unreal-Git-Client/releases/latest HTTP/1.1" 404 125
2026-01-23 10:31:42,293 - core.updater - ERROR - Error checking for updates: 404 Client Error: Not Found for url: https://api.github.com/repos/IPeralta-GLSL/Unreal-Git-Client/releases/latest
2026-01-23 12:27:17,579 - core.updater - INFO - Checking for updates...
2026-01-23 12:27:17,712 - urllib3.connectionpool - DEBUG - Starting new HTTPS connection (1): api.github.com:443
2026-01-23 12:27:18,287 - urllib3.connectionpool - DEBUG - https://api.github.com:443 "GET /repos/IPeralta-GLSL/Unreal-Git-Client/releases/latest HTTP/1.1" 404 125
2026-01-23 12:27:18,288 - core.updater - ERROR - Error checking for updates: 404 Client Error: Not Found for url: https://api.github.com/repos/IPeralta-GLSL/Unreal-Git-Client/releases/latest
2026-01-23 12:28:58,687 - core.updater - INFO - Checking for updates...
2026-01-23 12:28:58,825 - urllib3.connectionpool - DEBUG - Starting new HTTPS connection (1): api.github.com:443
2026-01-23 12:28:59,432 - urllib3.connectionpool - DEBUG - https://api.github.com:443 "GET /repos/IPeralta-GLSL/Unreal-Git-Client/releases/latest HTTP/1.1" 404 125
2026-01-23 12:28:59,433 - core.updater - ERROR - Error checking for updates: 404 Client Error: Not Found for url: https://api.github.com/repos/IPeralta-GLSL/Unreal-Git-Client/releases/latest
2026-01-23 12:31:50,428 - core.updater - INFO - Checking for updates...
2026-01-23 12:31:50,572 - urllib3.connectionpool - DEBUG - Starting new HTTPS connection (1): api.github.com:443
2026-01-23 12:31:51,151 - urllib3.connectionpool - DEBUG - https://api.github.com:443 "GET /repos/IPeralta-GLSL/Unreal-Git-Client/releases/latest HTTP/1.1" 404 125
2026-01-23 12:31:51,152 - core.updater - ERROR - Error checking for updates: 404 Client Error: Not Found for url: https://api.github.com/repos/IPeralta-GLSL/Unreal-Git-Client/releases/latest
2026-01-23 12:33:15,911 - core.updater - INFO - Checking for updates...
2026-01-23 12:33:16,031 - urllib3.connectionpool - DEBUG - Starting new HTTPS connection (1): api.github.com:443
2026-01-23 12:33:16,638 - urllib3.connectionpool - DEBUG - https://api.github.com:443 "GET /repos/IPeralta-GLSL/Unreal-Git-Client/releases/latest HTTP/1.1" 404 125
2026-01-23 12:33:16,638 - core.updater - ERROR - Error checking for updates: 404 Client Error: Not Found for url: https://api.github.com/repos/IPeralta-GLSL/Unreal-Git-Client/releases/latest
2026-01-23 12:36:09,878 - core.updater - INFO - Checking for updates...
2026-01-23 12:36:10,004 - urllib3.connectionpool - DEBUG - Starting new HTTPS connection (1): api.github.com:443
2026-01-23 12:36:10,591 - urllib3.connectionpool - DEBUG - https://api.github.com:443 "GET /repos/IPeralta-GLSL/Unreal-Git-Client/releases/latest HTTP/1.1" 404 125
2026-01-23 12:36:10,591 - core.updater - ERROR - Error checking for updates: 404 Client Error: Not Found for url: https://api.github.com/repos/IPeralta-GLSL/Unreal-Git-Client/releases/latest
2026-01-23 12:39:32,063 - core.updater - INFO - Checking for updates...
2026-01-23 12:39:32,183 - urllib3.connectionpool - DEBUG - Starting new HTTPS connection (1): api.github.com:443
2026-01-23 12:39:32,772 - urllib3.connectionpool - DEBUG - https://api.github.com:443 "GET /repos/IPeralta-GLSL/Unreal-Git-Client/releases/latest HTTP/1.1" 404 125
2026-01-23 12:39:32,773 - core.updater - ERROR - Error checking for updates: 404 Client Error: Not Found for url: https://api.github.com/repos/IPeralta-GLSL/Unreal-Git-Client/releases/latest
2026-01-23 12:41:51,958 - core.updater - INFO - Checking for updates...
2026-01-23 12:41:52,092 - urllib3.connectionpool - DEBUG - Starting new HTTPS connection (1): api.github.com:443
2026-01-23 12:41:52,739 - urllib3.connectionpool - DEBUG - https://api.github.com:443 "GET /repos/IPeralta-GLSL/Unreal-Git-Client/releases/latest HTTP/1.1" 404 125
2026-01-23 12:41:52,740 - core.updater - ERROR - Error checking for updates: 404 Client Error: Not Found for url: https://api.github.com/repos/IPeralta-GLSL/Unreal-Git-Client/releases/latest
2026-01-23 12:46:32,164 - core.updater - INFO - Checking for updates...
2026-01-23 12:46:32,300 - urllib3.connectionpool - DEBUG - Starting new HTTPS connection (1): api.github.com:443
2026-01-23 12:46:32,893 - urllib3.connectionpool - DEBUG - https://api.github.com:443 "GET /repos/IPeralta-GLSL/Unreal-Git-Client/releases/latest HTTP/1.1" 404 125
2026-01-23 12:46:32,894 - core.updater - ERROR - Error checking for updates: 404 Client Error: Not Found for url: https://api.github.com/repos/IPeralta-GLSL/Unreal-Git-Client/releases/latest
2026-01-23 13:19:47,012 - core.updater - INFO - Checking for updates...
2026-01-23 13:19:47,169 - urllib3.connectionpool - DEBUG - Starting new HTTPS connection (1): api.github.com:443
2026-01-23 13:19:47,835 - urllib3.connectionpool - DEBUG - https://api.github.com:443 "GET /repos/IPeralta-GLSL/Unreal-Git-Client/releases/latest HTTP/1.1" 404 125
2026-01-23 13:19:47,836 - core.updater - ERROR - Error checking for updates: 404 Client Error: Not Found for url: https://api.github.com/repos/IPeralta-GLSL/Unreal-Git-Client/releases/latest
2026-01-23 15:18:39,399 - core.updater - INFO - Checking for updates...
2026-01-23 15:18:39,516 - urllib3.connectionpool - DEBUG - Starting new HTTPS connection (1): api.github.com:443
2026-01-23 15:18:40,085 - urllib3.connectionpool - DEBUG - https://api.github.com:443 "GET /repos/IPeralta-GLSL/Unreal-Git-Client/releases/latest HTTP/1.1" 404 125
2026-01-23 15:18:40,086 - core.updater - ERROR - Error checking for updates: 404 Client Error: Not Found for url: https://api.github.com/repos/IPeralta-GLSL/Unreal-Git-Client/releases/latest
2026-01-23 15:23:07,458 - core.updater - INFO - Checking for updates...
2026-01-23 15:23:07,634 - urllib3.connectionpool - DEBUG - Starting new HTTPS connection (1): api.github.com:443
2026-01-23 15:23:08,268 - urllib3.connectionpool - DEBUG - https://api.github.com:443 "GET /repos/IPeralta-GLSL/Unreal-Git-Client/releases/latest HTTP/1.1" 404 125
2026-01-23 15:23:08,269 - core.updater - ERROR - Error checking for updates: 404 Client Error: Not Found for url: https://api.github.com/repos/IPeralta-GLSL/Unreal-Git-Client/releases/latest
2026-01-23 15:23:40,970 - concurrent.futures - ERROR - exception calling callback for <Future at 0x172f2111bd0 state=finished returned dict>
Traceback (most recent call last):
  File "c:\Users\AMD\Documents\Git\Unreal-Git-Client\ui\repository_tab.py", line 2037, in on_done
    self.status_signals.finished.emit(summary)
    ^^^^^^^^^^^^^^^^^^^^^^^^^^^^
RuntimeError: wrapped C/C++ object of type StatusWorkerSignals has been deleted

During handling of the above exception, another exception occurred:

Traceback (most recent call last):
  File "C:\Python314\Lib\concurrent\futures\_base.py", line 334, in _invoke_callbacks
    callback(self)
    ~~~~~~~~^^^^^^
  File "c:\Users\AMD\Documents\Git\Unreal-Git-Client\ui\repository_tab.py", line 2040, in on_done
    self.status_signals.finished.emit({})
    ^^^^^^^^^^^^^^^^^^^^^^^^^^^^
RuntimeError: wrapped C/C++ object of type StatusWorkerSignals has been deleted
2026-01-23 15:24:03,590 - core.updater - INFO - Checking for updates...
2026-01-23 15:24:03,746 - urllib3.connectionpool - DEBUG - Starting new HTTPS connection (1): api.github.com:443
2026-01-23 15:24:04,402 - urllib3.connectionpool - DEBUG - https://api.github.com:443 "GET /repos/IPeralta-GLSL/Unreal-Git-Client/releases/latest HTTP/1.1" 404 125
2026-01-23 15:24:04,402 - core.updater - ERROR - Error checking for updates: 404 Client Error: Not Found for url: https://api.github.com/repos/IPeralta-GLSL/Unreal-Git-Client/releases/latest
2026-01-23 15:26:19,820 - core.updater - INFO - Checking for updates...
2026-01-23 15:26:19,957 - urllib3.connectionpool - DEBUG - Starting new HTTPS connection (1): api.github.com:443
2026-01-23 15:26:20,615 - urllib3.connectionpool - DEBUG - https://api.github.com:443 "GET /repos/IPeralta-GLSL/Unreal-Git-Client/releases/latest HTTP/1.1" 404 125
2026-01-23 15:26:20,615 - core.updater - ERROR - Error checking for updates: 404 Client Error: Not Found for url: https://api.github.com/repos/IPeralta-GLSL/Unreal-Git-Client/releases/latest
2026-01-23 15:29:16,028 - core.updater - INFO - Checking for updates...
2026-01-23 15:29:16,171 - urllib3.connectionpool - DEBUG - Starting new HTTPS connection (1): api.github.com:443
2026-01-23 15:29:16,766 - urllib3.connectionpool - DEBUG - https://api.github.com:443 "GET /repos/IPeralta-GLSL/Unreal-Git-Client/releases/latest HTTP/1.1" 404 125
2026-01-23 15:29:16,766 - core.updater - ERROR - Error checking for updates: 404 Client Error: Not Found for url: https://api.github.com/repos/IPeralta-GLSL/Unreal-Git-Client/releases/latest
2026-01-23 17:04:41,705 - core.updater - INFO - Checking for updates...
2026-01-23 17:04:41,832 - urllib3.connectionpool - DEBUG - Starting new HTTPS connection (1): api.github.com:443
2026-01-23 17:04:42,385 - urllib3.connectionpool - DEBUG - https://api.github.com:443 "GET /repos/IPeralta-GLSL/Unreal-Git-Client/releases/latest HTTP/1.1" 404 125
2026-01-23 17:04:42,386 - core.updater - ERROR - Error checking for updates: 404 Client Error: Not Found for url: https://api.github.com/repos/IPeralta-GLSL/Unreal-Git-Client/releases/latest
2026-01-23 17:12:06,329 - core.updater - INFO - Checking for updates...
2026-01-23 17:12:06,473 - urllib3.connectionpool - DEBUG - Starting new HTTPS connection (1): api.github.com:443
2026-01-23 17:12:07,088 - urllib3.connectionpool - DEBUG - https://api.github.com:443 "GET /repos/IPeralta-GLSL/Unreal-Git-Client/releases/latest HTTP/1.1" 404 125
2026-01-23 17:12:07,089 - core.updater - ERROR - Error checking for updates: 404 Client Error: Not Found for url: https://api.github.com/repos/IPeralta-GLSL/Unreal-Git-Client/releases/latest
2026-01-23 17:12:45,719 - concurrent.futures - ERROR - exception calling callback for <Future at 0x1f42a248750 state=finished returned dict>
Traceback (most recent call last):
  File "c:\Users\AMD\Documents\Git\Unreal-Git-Client\ui\repository_tab.py", line 2068, in on_done
    self.status_signals.finished.emit(summary)
    ^^^^^^^^^^^^^^^^^^^^^^^^^^^^
RuntimeError: wrapped C/C++ object of type StatusWorkerSignals has been deleted

During handling of the above exception, another exception occurred:

Traceback (most recent call last):
  File "C:\Python314\Lib\concurrent\futures\_base.py", line 334, in _invoke_callbacks
    callback(self)
    ~~~~~~~~^^^^^^
  File "c:\Users\AMD\Documents\Git\Unreal-Git-Client\ui\repository_tab.py", line 2071, in on_done
    self.status_signals.finished.emit({})
    ^^^^^^^^^^^^^^^^^^^^^^^^^^^^
RuntimeError: wrapped C/C++ object of type StatusWorkerSignals has been deleted
2026-01-23 17:12:45,961 - concurrent.futures - ERROR - exception calling callback for <Future at 0x1f42a15fbd0 state=finished returned dict>
Traceback (most recent call last):
  File "c:\Users\AMD\Documents\Git\Unreal-Git-Client\ui\repository_tab.py", line 2068, in on_done
    self.status_signals.finished.emit(summary)
    ^^^^^^^^^^^^^^^^^^^^^^^^^^^^
RuntimeError: wrapped C/C++ object of type StatusWorkerSignals has been deleted

During handling of the above exception, another exception occurred:

Traceback (most recent call last):
  File "C:\Python314\Lib\concurrent\futures\_base.py", line 334, in _invoke_callbacks
    callback(self)
    ~~~~~~~~^^^^^^
  File "c:\Users\AMD\Documents\Git\Unreal-Git-Client\ui\repository_tab.py", line 2071, in on_done
    self.status_signals.finished.emit({})
    ^^^^^^^^^^^^^^^^^^^^^^^^^^^^
RuntimeError: wrapped C/C++ object of type StatusWorkerSignals has been deleted
2026-01-23 17:14:42,353 - core.updater - INFO - Checking for updates...
2026-01-23 17:14:42,499 - urllib3.connectionpool - DEBUG - Starting new HTTPS connection (1): api.github.com:443
2026-01-23 17:14:43,067 - urllib3.connectionpool - DEBUG - https://api.github.com:443 "GET /repos/IPeralta-GLSL/Unreal-Git-Client/releases/latest HTTP/1.1" 404 125
2026-01-23 17:14:43,067 - core.updater - ERROR - Error checking for updates: 404 Client Error: Not Found for url: https://api.github.com/repos/IPeralta-GLSL/Unreal-Git-Client/releases/latest
2026-01-23 17:15:20,899 - core.updater - INFO - Checking for updates...
2026-01-23 17:15:21,026 - urllib3.connectionpool - DEBUG - Starting new HTTPS connection (1): api.github.com:443
2026-01-23 17:15:21,612 - urllib3.connectionpool - DEBUG - https://api.github.com:443 "GET /repos/IPeralta-GLSL/Unreal-Git-Client/releases/latest HTTP/1.1" 404 125
2026-01-23 17:15:21,613 - core.updater - ERROR - Error checking for updates: 404 Client Error: Not Found for url: https://api.github.com/repos/IPeralta-GLSL/Unreal-Git-Client/releases/latest
2026-01-23 17:24:49,309 - core.updater - INFO - Checking for updates...
2026-01-23 17:24:49,458 - urllib3.connectionpool - DEBUG - Starting new HTTPS connection (1): api.github.com:443
2026-01-23 17:24:50,052 - urllib3.connectionpool - DEBUG - https://api.github.com:443 "GET /repos/IPeralta-GLSL/Unreal-Git-Client/releases/latest HTTP/1.1" 404 125
2026-01-23 17:24:50,052 - core.updater - ERROR - Error checking for updates: 404 Client Error: Not Found for url: https://api.github.com/repos/IPeralta-GLSL/Unreal-Git-Client/releases/latest
2026-01-23 17:30:37,457 - core.updater - INFO - Checking for updates...
2026-01-23 17:30:37,610 - urllib3.connectionpool - DEBUG - Starting new HTTPS connection (1): api.github.com:443
2026-01-23 17:30:38,217 - urllib3.connectionpool - DEBUG - https://api.github.com:443 "GET /repos/IPeralta-GLSL/Unreal-Git-Client/releases/latest HTTP/1.1" 404 125
2026-01-23 17:30:38,218 - core.updater - ERROR - Error checking for updates: 404 Client Error: Not Found for url: https://api.github.com/repos/IPeralta-GLSL/Unreal-Git-Client/releases/latest
2026-01-23 17:45:23,370 - core.updater - INFO - Checking for updates...
2026-01-23 17:45:23,517 - urllib3.connectionpool - DEBUG - Starting new HTTPS connection (1): api.github.com:443
2026-01-23 17:45:24,111 - urllib3.connectionpool - DEBUG - https://api.github.com:443 "GET /repos/IPeralta-GLSL/Unreal-Git-Client/releases/latest HTTP/1.1" 404 125
2026-01-23 17:45:24,112 - core.updater - ERROR - Error checking for updates: 404 Client Error: Not Found for url: https://api.github.com/repos/IPeralta-GLSL/Unreal-Git-Client/releases/latest
2026-01-23 17:49:17,923 - core.updater - INFO - Checking for updates...
2026-01-23 17:49:18,064 - urllib3.connectionpool - DEBUG - Starting new HTTPS connection (1): api.github.com:443
2026-01-23 17:49:18,668 - urllib3.connectionpool - DEBUG - https://api.github.com:443 "GET /repos/IPeralta-GLSL/Unreal-Git-Client/releases/latest HTTP/1.1" 404 125
2026-01-23 17:49:18,669 - core.updater - ERROR - Error checking for updates: 404 Client Error: Not Found for url: https://api.github.com/repos/IPeralta-GLSL/Unreal-Git-Client/releases/latest
2026-01-23 17:50:09,892 - core.updater - INFO - Checking for updates...
2026-01-23 17:50:10,045 - urllib3.connectionpool - DEBUG - Starting new HTTPS connection (1): api.github.com:443
2026-01-23 17:50:10,623 - urllib3.connectionpool - DEBUG - https://api.github.com:443 "GET /repos/IPeralta-GLSL/Unreal-Git-Client/releases/latest HTTP/1.1" 404 125
2026-01-23 17:50:10,624 - core.updater - ERROR - Error checking for updates: 404 Client Error: Not Found for url: https://api.github.com/repos/IPeralta-GLSL/Unreal-Git-Client/releases/latest
2026-01-23 17:55:42,681 - core.updater - INFO - Checking for updates...
2026-01-23 17:55:42,795 - urllib3.connectionpool - DEBUG - Starting new HTTPS connection (1): api.github.com:443
2026-01-23 17:55:43,359 - urllib3.connectionpool - DEBUG - https://api.github.com:443 "GET /repos/IPeralta-GLSL/Unreal-Git-Client/releases/latest HTTP/1.1" 404 125
2026-01-23 17:55:43,359 - core.updater - ERROR - Error checking for updates: 404 Client Error: Not Found for url: https://api.github.com/repos/IPeralta-GLSL/Unreal-Git-Client/releases/latest
2026-01-23 17:56:26,443 - core.updater - INFO - Checking for updates...
2026-01-23 17:56:26,573 - urllib3.connectionpool - DEBUG - Starting new HTTPS connection (1): api.github.com:443
2026-01-23 17:56:27,127 - urllib3.connectionpool - DEBUG - https://api.github.com:443 "GET /repos/IPeralta-GLSL/Unreal-Git-Client/releases/latest HTTP/1.1" 404 125
2026-01-23 17:56:27,128 - core.updater - ERROR - Error checking for updates: 404 Client Error: Not Found for url: https://api.github.com/repos/IPeralta-GLSL/Unreal-Git-Client/releases/latest
2026-01-26 10:02:50,802 - core.updater - INFO - Checking for updates...
2026-01-26 10:02:50,939 - urllib3.connectionpool - DEBUG - Starting new HTTPS connection (1): api.github.com:443
2026-01-26 10:02:51,585 - urllib3.connectionpool - DEBUG - https://api.github.com:443 "GET /repos/IPeralta-GLSL/Unreal-Git-Client/releases/latest HTTP/1.1" 404 125
2026-01-26 10:02:51,586 - core.updater - ERROR - Error checking for updates: 404 Client Error: Not Found for url: https://api.github.com/repos/IPeralta-GLSL/Unreal-Git-Client/releases/latest
2026-01-26 10:40:50,673 - core.updater - INFO - Checking for updates...
2026-01-26 10:40:50,795 - urllib3.connectionpool - DEBUG - Starting new HTTPS connection (1): api.github.com:443
2026-01-26 10:40:51,366 - urllib3.connectionpool - DEBUG - https://api.github.com:443 "GET /repos/IPeralta-GLSL/Unreal-Git-Client/releases/latest HTTP/1.1" 404 125
2026-01-26 10:40:51,367 - core.updater - ERROR - Error checking for updates: 404 Client Error: Not Found for url: https://api.github.com/repos/IPeralta-GLSL/Unreal-Git-Client/releases/latest
2026-01-26 10:52:02,740 - core.updater - INFO - Checking for updates...
2026-01-26 10:52:02,877 - urllib3.connectionpool - DEBUG - Starting new HTTPS connection (1): api.github.com:443
2026-01-26 10:52:03,434 - urllib3.connectionpool - DEBUG - https://api.github.com:443 "GET /repos/IPeralta-GLSL/Unreal-Git-Client/releases/latest HTTP/1.1" 404 125
2026-01-26 10:52:03,435 - core.updater - ERROR - Error checking for updates: 404 Client Error: Not Found for url: https://api.github.com/repos/IPeralta-GLSL/Unreal-Git-Client/releases/latest
2026-01-26 11:05:26,382 - core.updater - INFO - Checking for updates...
2026-01-26 11:05:26,517 - urllib3.connectionpool - DEBUG - Starting new HTTPS connection (1): api.github.com:443
2026-01-26 11:05:27,105 - urllib3.connectionpool - DEBUG - https://api.github.com:443 "GET /repos/IPeralta-GLSL/Unreal-Git-Client/releases/latest HTTP/1.1" 404 125
2026-01-26 11:05:27,106 - core.updater - ERROR - Error checking for updates: 404 Client Error: Not Found for url: https://api.github.com/repos/IPeralta-GLSL/Unreal-Git-Client/releases/latest
2026-01-26 11:07:58,649 - core.updater - INFO - Checking for updates...
2026-01-26 11:07:58,797 - urllib3.connectionpool - DEBUG - Starting new HTTPS connection (1): api.github.com:443
2026-01-26 11:07:59,392 - urllib3.connectionpool - DEBUG - https://api.github.com:443 "GET /repos/IPeralta-GLSL/Unreal-Git-Client/releases/latest HTTP/1.1" 404 125
2026-01-26 11:07:59,393 - core.updater - ERROR - Error checking for updates: 404 Client Error: Not Found for url: https://api.github.com/repos/IPeralta-GLSL/Unreal-Git-Client/releases/latest
2026-01-26 11:08:51,301 - core.updater - INFO - Checking for updates...
2026-01-26 11:08:51,425 - urllib3.connectionpool - DEBUG - Starting new HTTPS connection (1): api.github.com:443
2026-01-26 11:08:52,031 - urllib3.connectionpool - DEBUG - https://api.github.com:443 "GET /repos/IPeralta-GLSL/Unreal-Git-Client/releases/latest HTTP/1.1" 404 125
2026-01-26 11:08:52,032 - core.updater - ERROR - Error checking for updates: 404 Client Error: Not Found for url: https://api.github.com/repos/IPeralta-GLSL/Unreal-Git-Client/releases/latest
2026-01-26 11:17:16,537 - core.updater - INFO - Checking for updates...
2026-01-26 11:17:16,701 - urllib3.connectionpool - DEBUG - Starting new HTTPS connection (1): api.github.com:443
2026-01-26 11:17:17,299 - urllib3.connectionpool - DEBUG - https://api.github.com:443 "GET /repos/IPeralta-GLSL/Unreal-Git-Client/releases/latest HTTP/1.1" 404 125
2026-01-26 11:17:17,300 - core.updater - ERROR - Error checking for updates: 404 Client Error: Not Found for url: https://api.github.com/repos/IPeralta-GLSL/Unreal-Git-Client/releases/latest
2026-01-26 11:28:04,676 - core.updater - INFO - Checking for updates...
2026-01-26 11:28:04,830 - urllib3.connectionpool - DEBUG - Starting new HTTPS connection (1): api.github.com:443
2026-01-26 11:28:05,444 - urllib3.connectionpool - DEBUG - https://api.github.com:443 "GET /repos/IPeralta-GLSL/Unreal-Git-Client/releases/latest HTTP/1.1" 404 125
2026-01-26 11:28:05,444 - core.updater - ERROR - Error checking for updates: 404 Client Error: Not Found for url: https://api.github.com/repos/IPeralta-GLSL/Unreal-Git-Client/releases/latest
2026-01-26 12:57:03,422 - concurrent.futures - ERROR - exception calling callback for <Future at 0x2808aa36050 state=finished returned dict>
Traceback (most recent call last):
  File "c:\Users\AMD\Documents\Git\Unreal-Git-Client\ui\repository_tab.py", line 2069, in on_done
    self.status_signals.finished.emit(summary)
    ^^^^^^^^^^^^^^^^^^^^^^^^^^^^
RuntimeError: wrapped C/C++ object of type StatusWorkerSignals has been deleted

During handling of the above exception, another exception occurred:

Traceback (most recent call last):
  File "C:\Python314\Lib\concurrent\futures\_base.py", line 334, in _invoke_callbacks
    callback(self)
    ~~~~~~~~^^^^^^
  File "c:\Users\AMD\Documents\Git\Unreal-Git-Client\ui\repository_tab.py", line 2072, in on_done
    self.status_signals.finished.emit({})
    ^^^^^^^^^^^^^^^^^^^^^^^^^^^^
RuntimeError: wrapped C/C++ object of type StatusWorkerSignals has been deleted
2026-01-26 12:57:05,359 - concurrent.futures - ERROR - exception calling callback for <Future at 0x2808aa363d0 state=finished returned dict>
Traceback (most recent call last):
  File "c:\Users\AMD\Documents\Git\Unreal-Git-Client\ui\repository_tab.py", line 2069, in on_done
    self.status_signals.finished.emit(summary)
    ^^^^^^^^^^^^^^^^^^^^^^^^^^^^
RuntimeError: wrapped C/C++ object of type StatusWorkerSignals has been deleted

During handling of the above exception, another exception occurred:

Traceback (most recent call last):
  File "C:\Python314\Lib\concurrent\futures\_base.py", line 334, in _invoke_callbacks
    callback(self)
    ~~~~~~~~^^^^^^
  File "c:\Users\AMD\Documents\Git\Unreal-Git-Client\ui\repository_tab.py", line 2072, in on_done
    self.status_signals.finished.emit({})
    ^^^^^^^^^^^^^^^^^^^^^^^^^^^^
RuntimeError: wrapped C/C++ object of type StatusWorkerSignals has been deleted
2026-01-26 12:57:14,010 - core.updater - INFO - Checking for updates...
2026-01-26 12:57:14,137 - urllib3.connectionpool - DEBUG - Starting new HTTPS connection (1): api.github.com:443
2026-01-26 12:57:14,729 - urllib3.connectionpool - DEBUG - https://api.github.com:443 "GET /repos/IPeralta-GLSL/Unreal-Git-Client/releases/latest HTTP/1.1" 404 125
2026-01-26 12:57:14,729 - core.updater - ERROR - Error checking for updates: 404 Client Error: Not Found for url: https://api.github.com/repos/IPeralta-GLSL/Unreal-Git-Client/releases/latest
2026-01-26 12:58:11,929 - concurrent.futures - ERROR - exception calling callback for <Future at 0x1989c148a50 state=finished returned dict>
Traceback (most recent call last):
  File "c:\Users\AMD\Documents\Git\Unreal-Git-Client\ui\repository_tab.py", line 2069, in on_done
    self.status_signals.finished.emit(summary)
    ^^^^^^^^^^^^^^^^^^^^^^^^^^^^
RuntimeError: wrapped C/C++ object of type StatusWorkerSignals has been deleted

During handling of the above exception, another exception occurred:

Traceback (most recent call last):
  File "C:\Python314\Lib\concurrent\futures\_base.py", line 334, in _invoke_callbacks
    callback(self)
    ~~~~~~~~^^^^^^
  File "c:\Users\AMD\Documents\Git\Unreal-Git-Client\ui\repository_tab.py", line 2072, in on_done
    self.status_signals.finished.emit({})
    ^^^^^^^^^^^^^^^^^^^^^^^^^^^^
RuntimeError: wrapped C/C++ object of type StatusWorkerSignals has been deleted
2026-01-26 12:58:23,028 - core.updater - INFO - Checking for updates...
2026-01-26 12:58:23,190 - urllib3.connectionpool - DEBUG - Starting new HTTPS connection (1): api.github.com:443
2026-01-26 12:58:23,787 - urllib3.connectionpool - DEBUG - https://api.github.com:443 "GET /repos/IPeralta-GLSL/Unreal-Git-Client/releases/latest HTTP/1.1" 404 125
2026-01-26 12:58:23,788 - core.updater - ERROR - Error checking for updates: 404 Client Error: Not Found for url: https://api.github.com/repos/IPeralta-GLSL/Unreal-Git-Client/releases/latest
2026-01-26 12:58:38,421 - concurrent.futures - ERROR - exception calling callback for <Future at 0x24cdf886f30 state=finished returned dict>
Traceback (most recent call last):
  File "c:\Users\AMD\Documents\Git\Unreal-Git-Client\ui\repository_tab.py", line 2069, in on_done
    self.status_signals.finished.emit(summary)
    ^^^^^^^^^^^^^^^^^^^^^^^^^^^^
RuntimeError: wrapped C/C++ object of type StatusWorkerSignals has been deleted

During handling of the above exception, another exception occurred:

Traceback (most recent call last):
  File "C:\Python314\Lib\concurrent\futures\_base.py", line 334, in _invoke_callbacks
    callback(self)
    ~~~~~~~~^^^^^^
  File "c:\Users\AMD\Documents\Git\Unreal-Git-Client\ui\repository_tab.py", line 2072, in on_done
    self.status_signals.finished.emit({})
    ^^^^^^^^^^^^^^^^^^^^^^^^^^^^
RuntimeError: wrapped C/C++ object of type StatusWorkerSignals has been deleted
2026-01-26 15:02:27,175 - core.updater - INFO - Checking for updates...
2026-01-26 15:02:27,338 - urllib3.connectionpool - DEBUG - Starting new HTTPS connection (1): api.github.com:443
2026-01-26 15:02:27,966 - urllib3.connectionpool - DEBUG - https://api.github.com:443 "GET /repos/IPeralta-GLSL/Unreal-Git-Client/releases/latest HTTP/1.1" 404 125
2026-01-26 15:02:27,967 - core.updater - ERROR - Error checking for updates: 404 Client Error: Not Found for url: https://api.github.com/repos/IPeralta-GLSL/Unreal-Git-Client/releases/latest
2026-01-26 15:02:53,968 - concurrent.futures - ERROR - exception calling callback for <Future at 0x290822c1630 state=finished returned dict>
Traceback (most recent call last):
  File "c:\Users\AMD\Documents\Git\Unreal-Git-Client\ui\repository_tab.py", line 2069, in on_done
    self.status_signals.finished.emit(summary)
    ^^^^^^^^^^^^^^^^^^^^^^^^^^^^
RuntimeError: wrapped C/C++ object of type StatusWorkerSignals has been deleted

During handling of the above exception, another exception occurred:

Traceback (most recent call last):
  File "C:\Python314\Lib\concurrent\futures\_base.py", line 334, in _invoke_callbacks
    callback(self)
    ~~~~~~~~^^^^^^
  File "c:\Users\AMD\Documents\Git\Unreal-Git-Client\ui\repository_tab.py", line 2072, in on_done
    self.status_signals.finished.emit({})
    ^^^^^^^^^^^^^^^^^^^^^^^^^^^^
RuntimeError: wrapped C/C++ object of type StatusWorkerSignals has been deleted
2026-01-26 15:52:41,790 - core.updater - INFO - Checking for updates...
2026-01-26 15:52:41,995 - urllib3.connectionpool - DEBUG - Starting new HTTPS connection (1): api.github.com:443
2026-01-26 15:52:42,599 - urllib3.connectionpool - DEBUG - https://api.github.com:443 "GET /repos/IPeralta-GLSL/Unreal-Git-Client/releases/latest HTTP/1.1" 404 125
2026-01-26 15:52:42,599 - core.updater - ERROR - Error checking for updates: 404 Client Error: Not Found for url: https://api.github.com/repos/IPeralta-GLSL/Unreal-Git-Client/releases/latest
2026-01-26 15:53:30,067 - core.updater - INFO - Checking for updates...
2026-01-26 15:53:30,202 - urllib3.connectionpool - DEBUG - Starting new HTTPS connection (1): api.github.com:443
2026-01-26 15:53:30,814 - urllib3.connectionpool - DEBUG - https://api.github.com:443 "GET /repos/IPeralta-GLSL/Unreal-Git-Client/releases/latest HTTP/1.1" 404 125
2026-01-26 15:53:30,815 - core.updater - ERROR - Error checking for updates: 404 Client Error: Not Found for url: https://api.github.com/repos/IPeralta-GLSL/Unreal-Git-Client/releases/latest
2026-01-26 15:55:12,144 - core.updater - INFO - Checking for updates...
2026-01-26 15:55:12,306 - urllib3.connectionpool - DEBUG - Starting new HTTPS connection (1): api.github.com:443
2026-01-26 15:55:12,951 - urllib3.connectionpool - DEBUG - https://api.github.com:443 "GET /repos/IPeralta-GLSL/Unreal-Git-Client/releases/latest HTTP/1.1" 404 125
2026-01-26 15:55:12,951 - core.updater - ERROR - Error checking for updates: 404 Client Error: Not Found for url: https://api.github.com/repos/IPeralta-GLSL/Unreal-Git-Client/releases/latest
2026-01-26 16:05:39,256 - core.updater - INFO - Checking for updates...
2026-01-26 16:05:39,436 - urllib3.connectionpool - DEBUG - Starting new HTTPS connection (1): api.github.com:443
2026-01-26 16:05:40,063 - urllib3.connectionpool - DEBUG - https://api.github.com:443 "GET /repos/IPeralta-GLSL/Unreal-Git-Client/releases/latest HTTP/1.1" 404 125
2026-01-26 16:05:40,064 - core.updater - ERROR - Error checking for updates: 404 Client Error: Not Found for url: https://api.github.com/repos/IPeralta-GLSL/Unreal-Git-Client/releases/latest
2026-01-26 16:06:01,057 - core.updater - INFO - Checking for updates...
2026-01-26 16:06:01,217 - urllib3.connectionpool - DEBUG - Starting new HTTPS connection (1): api.github.com:443
2026-01-26 16:06:01,828 - urllib3.connectionpool - DEBUG - https://api.github.com:443 "GET /repos/IPeralta-GLSL/Unreal-Git-Client/releases/latest HTTP/1.1" 404 125
2026-01-26 16:06:01,828 - core.updater - ERROR - Error checking for updates: 404 Client Error: Not Found for url: https://api.github.com/repos/IPeralta-GLSL/Unreal-Git-Client/releases/latest
2026-01-26 16:08:42,990 - core.updater - INFO - Checking for updates...
2026-01-26 16:08:43,166 - urllib3.connectionpool - DEBUG - Starting new HTTPS connection (1): api.github.com:443
2026-01-26 16:08:44,173 - urllib3.connectionpool - DEBUG - https://api.github.com:443 "GET /repos/IPeralta-GLSL/Unreal-Git-Client/releases/latest HTTP/1.1" 404 125
2026-01-26 16:08:44,174 - core.updater - ERROR - Error checking for updates: 404 Client Error: Not Found for url: https://api.github.com/repos/IPeralta-GLSL/Unreal-Git-Client/releases/latest
2026-01-26 16:13:12,300 - core.updater - INFO - Checking for updates...
2026-01-26 16:13:12,458 - urllib3.connectionpool - DEBUG - Starting new HTTPS connection (1): api.github.com:443
2026-01-26 16:13:12,472 - core.updater - ERROR - Error checking for updates: HTTPSConnectionPool(host='api.github.com', port=443): Max retries exceeded with url: /repos/IPeralta-GLSL/Unreal-Git-Client/releases/latest (Caused by NameResolutionError("<urllib3.connection.HTTPSConnection object at 0x0000012F77F91E80>: Failed to resolve 'api.github.com' ([Errno 11001] getaddrinfo failed)"))
2026-01-26 16:25:54,950 - core.updater - INFO - Checking for updates...
2026-01-26 16:25:55,089 - urllib3.connectionpool - DEBUG - Starting new HTTPS connection (1): api.github.com:443
2026-01-26 16:25:55,671 - urllib3.connectionpool - DEBUG - https://api.github.com:443 "GET /repos/IPeralta-GLSL/Unreal-Git-Client/releases/latest HTTP/1.1" 404 125
2026-01-26 16:25:55,671 - core.updater - ERROR - Error checking for updates: 404 Client Error: Not Found for url: https://api.github.com/repos/IPeralta-GLSL/Unreal-Git-Client/releases/latest
2026-01-26 16:31:35,428 - core.updater - INFO - Checking for updates...
2026-01-26 16:31:35,572 - urllib3.connectionpool - DEBUG - Starting new HTTPS connection (1): api.github.com:443
2026-01-26 16:31:36,154 - urllib3.connectionpool - DEBUG - https://api.github.com:443 "GET /repos/IPeralta-GLSL/Unreal-Git-Client/releases/latest HTTP/1.1" 404 125
2026-01-26 16:31:36,154 - core.updater - ERROR - Error checking for updates: 404 Client Error: Not Found for url: https://api.github.com/repos/IPeralta-GLSL/Unreal-Git-Client/releases/latest
2026-01-26 16:33:59,931 - concurrent.futures - ERROR - exception calling callback for <Future at 0x25bd03633d0 state=finished returned dict>
Traceback (most recent call last):
  File "c:\Users\AMD\Documents\Git\Unreal-Git-Client\ui\repository_tab.py", line 2075, in on_done
    self.status_signals.finished.emit(summary)
    ^^^^^^^^^^^^^^^^^^^^^^^^^^^^
RuntimeError: wrapped C/C++ object of type StatusWorkerSignals has been deleted

During handling of the above exception, another exception occurred:

Traceback (most recent call last):
  File "C:\Python314\Lib\concurrent\futures\_base.py", line 334, in _invoke_callbacks
    callback(self)
    ~~~~~~~~^^^^^^
  File "c:\Users\AMD\Documents\Git\Unreal-Git-Client\ui\repository_tab.py", line 2078, in on_done
    self.status_signals.finished.emit({})
    ^^^^^^^^^^^^^^^^^^^^^^^^^^^^
RuntimeError: wrapped C/C++ object of type StatusWorkerSignals has been deleted
2026-01-26 16:34:00,069 - concurrent.futures - ERROR - exception calling callback for <Future at 0x25bd023b0d0 state=finished returned list>
Traceback (most recent call last):
  File "C:\Python314\Lib\concurrent\futures\_base.py", line 334, in _invoke_callbacks
    callback(self)
    ~~~~~~~~^^^^^^
  File "c:\Users\AMD\Documents\Git\Unreal-Git-Client\ui\repository_tab.py", line 3031, in on_done
    signals.finished.emit(result)
    ^^^^^^^^^^^^^^^^
RuntimeError: wrapped C/C++ object of type HistoryWorkerSignals has been deleted
2026-01-26 17:05:22,909 - core.updater - INFO - Checking for updates...
2026-01-26 17:05:23,073 - urllib3.connectionpool - DEBUG - Starting new HTTPS connection (1): api.github.com:443
2026-01-26 17:05:23,681 - urllib3.connectionpool - DEBUG - https://api.github.com:443 "GET /repos/IPeralta-GLSL/Unreal-Git-Client/releases/latest HTTP/1.1" 404 125
2026-01-26 17:05:23,682 - core.updater - ERROR - Error checking for updates: 404 Client Error: Not Found for url: https://api.github.com/repos/IPeralta-GLSL/Unreal-Git-Client/releases/latest
2026-01-26 17:07:39,909 - concurrent.futures - ERROR - exception calling callback for <Future at 0x231212b4750 state=finished returned dict>
Traceback (most recent call last):
  File "c:\Users\AMD\Documents\Git\Unreal-Git-Client\ui\repository_tab.py", line 2076, in on_done
    self.status_signals.finished.emit(summary)
    ^^^^^^^^^^^^^^^^^^^^^^^^^^^^
RuntimeError: wrapped C/C++ object of type StatusWorkerSignals has been deleted

During handling of the above exception, another exception occurred:

Traceback (most recent call last):
  File "C:\Python314\Lib\concurrent\futures\_base.py", line 334, in _invoke_callbacks
    callback(self)
    ~~~~~~~~^^^^^^
  File "c:\Users\AMD\Documents\Git\Unreal-Git-Client\ui\repository_tab.py", line 2079, in on_done
    self.status_signals.finished.emit({})
    ^^^^^^^^^^^^^^^^^^^^^^^^^^^^
RuntimeError: wrapped C/C++ object of type StatusWorkerSignals has been deleted
2026-01-26 17:07:39,999 - concurrent.futures - ERROR - exception calling callback for <Future at 0x231212a3c50 state=finished returned list>
Traceback (most recent call last):
  File "C:\Python314\Lib\concurrent\futures\_base.py", line 334, in _invoke_callbacks
    callback(self)
    ~~~~~~~~^^^^^^
  File "c:\Users\AMD\Documents\Git\Unreal-Git-Client\ui\repository_tab.py", line 3048, in on_done
    signals.finished.emit(result)
    ^^^^^^^^^^^^^^^^
RuntimeError: wrapped C/C++ object of type HistoryWorkerSignals has been deleted
2026-01-26 17:13:28,289 - core.updater - INFO - Checking for updates...
2026-01-26 17:13:28,456 - urllib3.connectionpool - DEBUG - Starting new HTTPS connection (1): api.github.com:443
2026-01-26 17:13:29,071 - urllib3.connectionpool - DEBUG - https://api.github.com:443 "GET /repos/IPeralta-GLSL/Unreal-Git-Client/releases/latest HTTP/1.1" 404 125
2026-01-26 17:13:29,071 - core.updater - ERROR - Error checking for updates: 404 Client Error: Not Found for url: https://api.github.com/repos/IPeralta-GLSL/Unreal-Git-Client/releases/latest
2026-01-26 17:14:24,118 - concurrent.futures - ERROR - exception calling callback for <Future at 0x1be79563cd0 state=finished returned dict>
Traceback (most recent call last):
  File "c:\Users\AMD\Documents\Git\Unreal-Git-Client\ui\repository_tab.py", line 2076, in on_done
    self.status_signals.finished.emit(summary)
    ^^^^^^^^^^^^^^^^^^^^^^^^^^^^
RuntimeError: wrapped C/C++ object of type StatusWorkerSignals has been deleted

During handling of the above exception, another exception occurred:

Traceback (most recent call last):
  File "C:\Python314\Lib\concurrent\futures\_base.py", line 334, in _invoke_callbacks
    callback(self)
    ~~~~~~~~^^^^^^
  File "c:\Users\AMD\Documents\Git\Unreal-Git-Client\ui\repository_tab.py", line 2079, in on_done
    self.status_signals.finished.emit({})
    ^^^^^^^^^^^^^^^^^^^^^^^^^^^^
RuntimeError: wrapped C/C++ object of type StatusWorkerSignals has been deleted
2026-01-26 17:18:54,529 - core.updater - INFO - Checking for updates...
2026-01-26 17:18:54,662 - urllib3.connectionpool - DEBUG - Starting new HTTPS connection (1): api.github.com:443
2026-01-26 17:18:55,291 - urllib3.connectionpool - DEBUG - https://api.github.com:443 "GET /repos/IPeralta-GLSL/Unreal-Git-Client/releases/latest HTTP/1.1" 404 125
2026-01-26 17:18:55,292 - core.updater - ERROR - Error checking for updates: 404 Client Error: Not Found for url: https://api.github.com/repos/IPeralta-GLSL/Unreal-Git-Client/releases/latest
2026-01-26 17:23:49,761 - core.updater - INFO - Checking for updates...
2026-01-26 17:23:49,945 - urllib3.connectionpool - DEBUG - Starting new HTTPS connection (1): api.github.com:443
2026-01-26 17:23:50,533 - urllib3.connectionpool - DEBUG - https://api.github.com:443 "GET /repos/IPeralta-GLSL/Unreal-Git-Client/releases/latest HTTP/1.1" 404 125
2026-01-26 17:23:50,533 - core.updater - ERROR - Error checking for updates: 404 Client Error: Not Found for url: https://api.github.com/repos/IPeralta-GLSL/Unreal-Git-Client/releases/latest
2026-01-26 18:07:30,359 - core.updater - INFO - Checking for updates...
2026-01-26 18:07:30,534 - urllib3.connectionpool - DEBUG - Starting new HTTPS connection (1): api.github.com:443
2026-01-26 18:07:31,124 - urllib3.connectionpool - DEBUG - https://api.github.com:443 "GET /repos/IPeralta-GLSL/Unreal-Git-Client/releases/latest HTTP/1.1" 404 125
2026-01-26 18:07:31,124 - core.updater - ERROR - Error checking for updates: 404 Client Error: Not Found for url: https://api.github.com/repos/IPeralta-GLSL/Unreal-Git-Client/releases/latest
2026-01-27 11:48:59,772 - core.updater - INFO - Checking for updates...
2026-01-27 11:48:59,923 - urllib3.connectionpool - DEBUG - Starting new HTTPS connection (1): api.github.com:443
2026-01-27 11:49:00,510 - urllib3.connectionpool - DEBUG - https://api.github.com:443 "GET /repos/IPeralta-GLSL/Unreal-Git-Client/releases/latest HTTP/1.1" 404 125
2026-01-27 11:49:00,510 - core.updater - ERROR - Error checking for updates: 404 Client Error: Not Found for url: https://api.github.com/repos/IPeralta-GLSL/Unreal-Git-Client/releases/latest
2026-01-27 12:21:37,479 - core.updater - INFO - Checking for updates...
2026-01-27 12:21:37,609 - urllib3.connectionpool - DEBUG - Starting new HTTPS connection (1): api.github.com:443
2026-01-27 12:21:38,195 - urllib3.connectionpool - DEBUG - https://api.github.com:443 "GET /repos/IPeralta-GLSL/Unreal-Git-Client/releases/latest HTTP/1.1" 404 125
2026-01-27 12:21:38,196 - core.updater - ERROR - Error checking for updates: 404 Client Error: Not Found for url: https://api.github.com/repos/IPeralta-GLSL/Unreal-Git-Client/releases/latest
2026-01-27 12:23:40,924 - core.updater - INFO - Checking for updates...
2026-01-27 12:23:41,050 - urllib3.connectionpool - DEBUG - Starting new HTTPS connection (1): api.github.com:443
2026-01-27 12:23:41,706 - urllib3.connectionpool - DEBUG - https://api.github.com:443 "GET /repos/IPeralta-GLSL/Unreal-Git-Client/releases/latest HTTP/1.1" 404 125
2026-01-27 12:23:41,706 - core.updater - ERROR - Error checking for updates: 404 Client Error: Not Found for url: https://api.github.com/repos/IPeralta-GLSL/Unreal-Git-Client/releases/latest
2026-01-27 12:24:16,129 - core.updater - INFO - Checking for updates...
2026-01-27 12:24:16,272 - urllib3.connectionpool - DEBUG - Starting new HTTPS connection (1): api.github.com:443
2026-01-27 12:24:16,849 - urllib3.connectionpool - DEBUG - https://api.github.com:443 "GET /repos/IPeralta-GLSL/Unreal-Git-Client/releases/latest HTTP/1.1" 404 125
2026-01-27 12:24:16,849 - core.updater - ERROR - Error checking for updates: 404 Client Error: Not Found for url: https://api.github.com/repos/IPeralta-GLSL/Unreal-Git-Client/releases/latest
2026-01-27 12:31:17,904 - core.updater - INFO - Checking for updates...
2026-01-27 12:31:18,092 - urllib3.connectionpool - DEBUG - Starting new HTTPS connection (1): api.github.com:443
2026-01-27 12:31:18,701 - urllib3.connectionpool - DEBUG - https://api.github.com:443 "GET /repos/IPeralta-GLSL/Unreal-Git-Client/releases/latest HTTP/1.1" 404 125
2026-01-27 12:31:18,701 - core.updater - ERROR - Error checking for updates: 404 Client Error: Not Found for url: https://api.github.com/repos/IPeralta-GLSL/Unreal-Git-Client/releases/latest
2026-01-27 13:44:34,493 - core.updater - INFO - Checking for updates...
2026-01-27 13:44:34,661 - urllib3.connectionpool - DEBUG - Starting new HTTPS connection (1): api.github.com:443
2026-01-27 13:44:35,293 - urllib3.connectionpool - DEBUG - https://api.github.com:443 "GET /repos/IPeralta-GLSL/Unreal-Git-Client/releases/latest HTTP/1.1" 404 125
2026-01-27 13:44:35,294 - core.updater - ERROR - Error checking for updates: 404 Client Error: Not Found for url: https://api.github.com/repos/IPeralta-GLSL/Unreal-Git-Client/releases/latest
2026-01-27 13:46:08,598 - core.updater - INFO - Checking for updates...
2026-01-27 13:46:08,736 - urllib3.connectionpool - DEBUG - Starting new HTTPS connection (1): api.github.com:443
2026-01-27 13:46:09,337 - urllib3.connectionpool - DEBUG - https://api.github.com:443 "GET /repos/IPeralta-GLSL/Unreal-Git-Client/releases/latest HTTP/1.1" 404 125
2026-01-27 13:46:09,337 - core.updater - ERROR - Error checking for updates: 404 Client Error: Not Found for url: https://api.github.com/repos/IPeralta-GLSL/Unreal-Git-Client/releases/latest
2026-01-27 13:53:10,514 - core.updater - INFO - Checking for updates...
2026-01-27 13:53:10,660 - urllib3.connectionpool - DEBUG - Starting new HTTPS connection (1): api.github.com:443
2026-01-27 13:53:11,275 - urllib3.connectionpool - DEBUG - https://api.github.com:443 "GET /repos/IPeralta-GLSL/Unreal-Git-Client/releases/latest HTTP/1.1" 404 125
2026-01-27 13:53:11,275 - core.updater - ERROR - Error checking for updates: 404 Client Error: Not Found for url: https://api.github.com/repos/IPeralta-GLSL/Unreal-Git-Client/releases/latest
2026-01-27 14:20:07,032 - core.updater - INFO - Checking for updates...
2026-01-27 14:20:07,213 - urllib3.connectionpool - DEBUG - Starting new HTTPS connection (1): api.github.com:443
2026-01-27 14:20:07,825 - urllib3.connectionpool - DEBUG - https://api.github.com:443 "GET /repos/IPeralta-GLSL/Unreal-Git-Client/releases/latest HTTP/1.1" 404 125
2026-01-27 14:20:07,825 - core.updater - ERROR - Error checking for updates: 404 Client Error: Not Found for url: https://api.github.com/repos/IPeralta-GLSL/Unreal-Git-Client/releases/latest
2026-01-27 14:45:04,239 - core.updater - INFO - Checking for updates...
2026-01-27 14:45:04,384 - urllib3.connectionpool - DEBUG - Starting new HTTPS connection (1): api.github.com:443
2026-01-27 14:45:04,964 - urllib3.connectionpool - DEBUG - https://api.github.com:443 "GET /repos/IPeralta-GLSL/Unreal-Git-Client/releases/latest HTTP/1.1" 404 125
2026-01-27 14:45:04,964 - core.updater - ERROR - Error checking for updates: 404 Client Error: Not Found for url: https://api.github.com/repos/IPeralta-GLSL/Unreal-Git-Client/releases/latest
2026-01-27 15:18:01,109 - core.updater - INFO - Checking for updates...
2026-01-27 15:18:01,267 - urllib3.connectionpool - DEBUG - Starting new HTTPS connection (1): api.github.com:443
2026-01-27 15:18:01,842 - urllib3.connectionpool - DEBUG - https://api.github.com:443 "GET /repos/IPeralta-GLSL/Unreal-Git-Client/releases/latest HTTP/1.1" 404 125
2026-01-27 15:18:01,842 - core.updater - ERROR - Error checking for updates: 404 Client Error: Not Found for url: https://api.github.com/repos/IPeralta-GLSL/Unreal-Git-Client/releases/latest
2026-01-27 15:22:37,095 - core.updater - INFO - Checking for updates...
2026-01-27 15:22:37,286 - urllib3.connectionpool - DEBUG - Starting new HTTPS connection (1): api.github.com:443
2026-01-27 15:22:37,859 - urllib3.connectionpool - DEBUG - https://api.github.com:443 "GET /repos/IPeralta-GLSL/Unreal-Git-Client/releases/latest HTTP/1.1" 404 125
2026-01-27 15:22:37,860 - core.updater - ERROR - Error checking for updates: 404 Client Error: Not Found for url: https://api.github.com/repos/IPeralta-GLSL/Unreal-Git-Client/releases/latest
2026-01-27 15:26:13,624 - core.updater - INFO - Checking for updates...
2026-01-27 15:26:13,761 - urllib3.connectionpool - DEBUG - Starting new HTTPS connection (1): api.github.com:443
2026-01-27 15:26:14,335 - urllib3.connectionpool - DEBUG - https://api.github.com:443 "GET /repos/IPeralta-GLSL/Unreal-Git-Client/releases/latest HTTP/1.1" 404 125
2026-01-27 15:26:14,336 - core.updater - ERROR - Error checking for updates: 404 Client Error: Not Found for url: https://api.github.com/repos/IPeralta-GLSL/Unreal-Git-Client/releases/latest
2026-01-27 15:26:40,097 - core.updater - INFO - Checking for updates...
2026-01-27 15:26:40,235 - urllib3.connectionpool - DEBUG - Starting new HTTPS connection (1): api.github.com:443
2026-01-27 15:26:40,837 - urllib3.connectionpool - DEBUG - https://api.github.com:443 "GET /repos/IPeralta-GLSL/Unreal-Git-Client/releases/latest HTTP/1.1" 404 125
2026-01-27 15:26:40,837 - core.updater - ERROR - Error checking for updates: 404 Client Error: Not Found for url: https://api.github.com/repos/IPeralta-GLSL/Unreal-Git-Client/releases/latest
2026-01-27 15:32:59,137 - core.updater - INFO - Checking for updates...
2026-01-27 15:32:59,280 - urllib3.connectionpool - DEBUG - Starting new HTTPS connection (1): api.github.com:443
2026-01-27 15:32:59,848 - urllib3.connectionpool - DEBUG - https://api.github.com:443 "GET /repos/IPeralta-GLSL/Unreal-Git-Client/releases/latest HTTP/1.1" 404 125
2026-01-27 15:32:59,849 - core.updater - ERROR - Error checking for updates: 404 Client Error: Not Found for url: https://api.github.com/repos/IPeralta-GLSL/Unreal-Git-Client/releases/latest
2026-01-27 15:44:16,628 - core.updater - INFO - Checking for updates...
2026-01-27 15:44:16,761 - urllib3.connectionpool - DEBUG - Starting new HTTPS connection (1): api.github.com:443
2026-01-27 15:44:17,332 - urllib3.connectionpool - DEBUG - https://api.github.com:443 "GET /repos/IPeralta-GLSL/Unreal-Git-Client/releases/latest HTTP/1.1" 404 125
2026-01-27 15:44:17,333 - core.updater - ERROR - Error checking for updates: 404 Client Error: Not Found for url: https://api.github.com/repos/IPeralta-GLSL/Unreal-Git-Client/releases/latest
2026-01-27 15:47:39,096 - core.updater - INFO - Checking for updates...
2026-01-27 15:47:39,222 - urllib3.connectionpool - DEBUG - Starting new HTTPS connection (1): api.github.com:443
2026-01-27 15:47:39,811 - urllib3.connectionpool - DEBUG - https://api.github.com:443 "GET /repos/IPeralta-GLSL/Unreal-Git-Client/releases/latest HTTP/1.1" 404 125
2026-01-27 15:47:39,812 - core.updater - ERROR - Error checking for updates: 404 Client Error: Not Found for url: https://api.github.com/repos/IPeralta-GLSL/Unreal-Git-Client/releases/latest
2026-01-27 15:53:59,316 - core.updater - INFO - Checking for updates...
2026-01-27 15:53:59,446 - urllib3.connectionpool - DEBUG - Starting new HTTPS connection (1): api.github.com:443
2026-01-27 15:54:00,025 - urllib3.connectionpool - DEBUG - https://api.github.com:443 "GET /repos/IPeralta-GLSL/Unreal-Git-Client/releases/latest HTTP/1.1" 404 125
2026-01-27 15:54:00,026 - core.updater - ERROR - Error checking for updates: 404 Client Error: Not Found for url: https://api.github.com/repos/IPeralta-GLSL/Unreal-Git-Client/releases/latest
2026-01-27 15:58:58,463 - core.updater - INFO - Checking for updates...
2026-01-27 15:58:58,610 - urllib3.connectionpool - DEBUG - Starting new HTTPS connection (1): api.github.com:443
2026-01-27 15:58:59,191 - urllib3.connectionpool - DEBUG - https://api.github.com:443 "GET /repos/IPeralta-GLSL/Unreal-Git-Client/releases/latest HTTP/1.1" 404 125
2026-01-27 15:58:59,191 - core.updater - ERROR - Error checking for updates: 404 Client Error: Not Found for url: https://api.github.com/repos/IPeralta-GLSL/Unreal-Git-Client/releases/latest
2026-01-27 16:09:25,062 - core.updater - INFO - Checking for updates...
2026-01-27 16:09:25,195 - urllib3.connectionpool - DEBUG - Starting new HTTPS connection (1): api.github.com:443
2026-01-27 16:09:25,810 - urllib3.connectionpool - DEBUG - https://api.github.com:443 "GET /repos/IPeralta-GLSL/Unreal-Git-Client/releases/latest HTTP/1.1" 404 125
2026-01-27 16:09:25,811 - core.updater - ERROR - Error checking for updates: 404 Client Error: Not Found for url: https://api.github.com/repos/IPeralta-GLSL/Unreal-Git-Client/releases/latest
2026-01-27 16:56:03,868 - core.updater - INFO - Checking for updates...
2026-01-27 16:56:04,011 - urllib3.connectionpool - DEBUG - Starting new HTTPS connection (1): api.github.com:443
2026-01-27 16:56:04,587 - urllib3.connectionpool - DEBUG - https://api.github.com:443 "GET /repos/IPeralta-GLSL/Unreal-Git-Client/releases/latest HTTP/1.1" 404 125
2026-01-27 16:56:04,587 - core.updater - ERROR - Error checking for updates: 404 Client Error: Not Found for url: https://api.github.com/repos/IPeralta-GLSL/Unreal-Git-Client/releases/latest
2026-02-04 12:06:54,929 - core.updater - INFO - Checking for updates...
2026-02-04 12:06:54,968 - urllib3.connectionpool - DEBUG - Starting new HTTPS connection (1): api.github.com:443
2026-02-04 12:06:55,570 - urllib3.connectionpool - DEBUG - https://api.github.com:443 "GET /repos/IPeralta-GLSL/Unreal-Git-Client/releases/latest HTTP/1.1" 404 125
2026-02-04 12:06:55,571 - core.updater - ERROR - Error checking for updates: 404 Client Error: Not Found for url: https://api.github.com/repos/IPeralta-GLSL/Unreal-Git-Client/releases/latest
2026-02-04 12:09:04,691 - core.updater - INFO - Checking for updates...
2026-02-04 12:09:04,728 - urllib3.connectionpool - DEBUG - Starting new HTTPS connection (1): api.github.com:443
2026-02-04 12:09:05,312 - urllib3.connectionpool - DEBUG - https://api.github.com:443 "GET /repos/IPeralta-GLSL/Unreal-Git-Client/releases/latest HTTP/1.1" 404 125
2026-02-04 12:09:05,312 - core.updater - ERROR - Error checking for updates: 404 Client Error: Not Found for url: https://api.github.com/repos/IPeralta-GLSL/Unreal-Git-Client/releases/latest
2026-02-04 12:09:34,402 - concurrent.futures - ERROR - exception calling callback for <Future at 0x222b81cc750 state=finished returned dict>
Traceback (most recent call last):
  File "c:\Users\AMD\Documents\Git\Unreal-Git-Client\ui\repository_tab.py", line 2180, in on_done
    self.status_signals.finished.emit(summary)
    ^^^^^^^^^^^^^^^^^^^^^^^^^^^^
RuntimeError: wrapped C/C++ object of type StatusWorkerSignals has been deleted

During handling of the above exception, another exception occurred:

Traceback (most recent call last):
  File "C:\Python314\Lib\concurrent\futures\_base.py", line 334, in _invoke_callbacks
    callback(self)
    ~~~~~~~~^^^^^^
  File "c:\Users\AMD\Documents\Git\Unreal-Git-Client\ui\repository_tab.py", line 2183, in on_done
    self.status_signals.finished.emit({})
    ^^^^^^^^^^^^^^^^^^^^^^^^^^^^
RuntimeError: wrapped C/C++ object of type StatusWorkerSignals has been deleted
2026-02-04 12:11:06,461 - core.updater - INFO - Checking for updates...
2026-02-04 12:11:06,496 - urllib3.connectionpool - DEBUG - Starting new HTTPS connection (1): api.github.com:443
2026-02-04 12:11:07,093 - urllib3.connectionpool - DEBUG - https://api.github.com:443 "GET /repos/IPeralta-GLSL/Unreal-Git-Client/releases/latest HTTP/1.1" 404 125
2026-02-04 12:11:07,094 - core.updater - ERROR - Error checking for updates: 404 Client Error: Not Found for url: https://api.github.com/repos/IPeralta-GLSL/Unreal-Git-Client/releases/latest
2026-02-04 12:14:12,456 - core.updater - INFO - Checking for updates...
2026-02-04 12:14:12,498 - urllib3.connectionpool - DEBUG - Starting new HTTPS connection (1): api.github.com:443
2026-02-04 12:14:13,089 - urllib3.connectionpool - DEBUG - https://api.github.com:443 "GET /repos/IPeralta-GLSL/Unreal-Git-Client/releases/latest HTTP/1.1" 404 125
2026-02-04 12:14:13,089 - core.updater - ERROR - Error checking for updates: 404 Client Error: Not Found for url: https://api.github.com/repos/IPeralta-GLSL/Unreal-Git-Client/releases/latest
